2023-09-18 11:59:50,917 [INFO ] com.acme.OrchestrationApplication - Starting OrchestrationApplication using Java 20.0.2 on KMG-GGN-258 with PID 5628 (C:\Users\Roshan\Documents\orchestration\target\classes started by Roshan in C:\Users\Roshan\Documents\orchestration)
2023-09-18 11:59:50,925 [INFO ] com.acme.OrchestrationApplication - No active profile set, falling back to 1 default profile: "default"
2023-09-18 11:59:53,777 [INFO ] o.s.b.w.e.tomcat.TomcatWebServer - Tomcat initialized with port(s): 8085 (http)
2023-09-18 11:59:53,809 [INFO ] o.a.coyote.http11.Http11NioProtocol - Initializing ProtocolHandler ["http-nio-8085"]
2023-09-18 11:59:53,818 [INFO ] o.a.catalina.core.StandardService - Starting service [Tomcat]
2023-09-18 11:59:53,819 [INFO ] o.a.catalina.core.StandardEngine - Starting Servlet engine: [Apache Tomcat/9.0.79]
2023-09-18 11:59:54,096 [INFO ] o.a.c.c.C.[Tomcat].[localhost].[/] - Initializing Spring embedded WebApplicationContext
2023-09-18 11:59:54,096 [INFO ] o.s.b.w.s.c.ServletWebServerApplicationContext - Root WebApplicationContext: initialization completed in 3029 ms
2023-09-18 11:59:55,260 [INFO ] o.a.coyote.http11.Http11NioProtocol - Starting ProtocolHandler ["http-nio-8085"]
2023-09-18 11:59:55,309 [INFO ] o.s.b.w.e.tomcat.TomcatWebServer - Tomcat started on port(s): 8085 (http) with context path ''
2023-09-18 11:59:55,328 [INFO ] com.acme.OrchestrationApplication - Started OrchestrationApplication in 6.087 seconds (JVM running for 7.632)
2023-09-18 12:00:40,195 [INFO ] o.a.c.c.C.[Tomcat].[localhost].[/] - Initializing Spring DispatcherServlet 'dispatcherServlet'
2023-09-18 12:00:40,195 [INFO ] o.s.web.servlet.DispatcherServlet - Initializing Servlet 'dispatcherServlet'
2023-09-18 12:00:40,196 [INFO ] o.s.web.servlet.DispatcherServlet - Completed initialization in 1 ms
2023-09-18 12:00:40,346 [INFO ] c.acme.Service.OrchetrationService - Orchestration Started.. 
2023-09-18 12:00:41,671 [INFO ] c.acme.Service.OrchetrationService - Order Status received from OrderCREATED
2023-09-18 12:20:21,012 [INFO ] com.acme.OrchestrationApplication - Starting OrchestrationApplication using Java 20.0.2 on KMG-GGN-258 with PID 20784 (C:\Users\Roshan\Documents\orchestration\target\classes started by Roshan in C:\Users\Roshan\Documents\orchestration)
2023-09-18 12:20:21,020 [INFO ] com.acme.OrchestrationApplication - No active profile set, falling back to 1 default profile: "default"
2023-09-18 12:20:23,143 [INFO ] o.s.b.w.e.tomcat.TomcatWebServer - Tomcat initialized with port(s): 8085 (http)
2023-09-18 12:20:23,156 [INFO ] o.a.coyote.http11.Http11NioProtocol - Initializing ProtocolHandler ["http-nio-8085"]
2023-09-18 12:20:23,161 [INFO ] o.a.catalina.core.StandardService - Starting service [Tomcat]
2023-09-18 12:20:23,162 [INFO ] o.a.catalina.core.StandardEngine - Starting Servlet engine: [Apache Tomcat/9.0.79]
2023-09-18 12:20:23,331 [INFO ] o.a.c.c.C.[Tomcat].[localhost].[/] - Initializing Spring embedded WebApplicationContext
2023-09-18 12:20:23,331 [INFO ] o.s.b.w.s.c.ServletWebServerApplicationContext - Root WebApplicationContext: initialization completed in 2190 ms
2023-09-18 12:20:24,094 [INFO ] o.a.coyote.http11.Http11NioProtocol - Starting ProtocolHandler ["http-nio-8085"]
2023-09-18 12:20:24,120 [INFO ] o.s.b.w.e.tomcat.TomcatWebServer - Tomcat started on port(s): 8085 (http) with context path ''
2023-09-18 12:20:24,132 [INFO ] com.acme.OrchestrationApplication - Started OrchestrationApplication in 4.045 seconds (JVM running for 4.765)
2023-09-18 12:21:45,259 [INFO ] o.a.c.c.C.[Tomcat].[localhost].[/] - Initializing Spring DispatcherServlet 'dispatcherServlet'
2023-09-18 12:21:45,260 [INFO ] o.s.web.servlet.DispatcherServlet - Initializing Servlet 'dispatcherServlet'
2023-09-18 12:21:45,260 [INFO ] o.s.web.servlet.DispatcherServlet - Completed initialization in 0 ms
2023-09-18 12:21:58,723 [INFO ] c.acme.Service.OrchetrationService - Orchestration Started.. 
2023-09-18 12:21:59,355 [INFO ] c.acme.Service.OrchetrationService - Order Status received from OrderCREATED
2023-09-18 12:29:45,045 [INFO ] com.acme.OrchestrationApplication - Starting OrchestrationApplication using Java 20.0.2 on KMG-GGN-258 with PID 2268 (C:\Users\Roshan\Documents\orchestration\target\classes started by Roshan in C:\Users\Roshan\Documents\orchestration)
2023-09-18 12:29:45,048 [INFO ] com.acme.OrchestrationApplication - No active profile set, falling back to 1 default profile: "default"
2023-09-18 12:29:46,121 [INFO ] o.s.b.w.e.tomcat.TomcatWebServer - Tomcat initialized with port(s): 8085 (http)
2023-09-18 12:29:46,127 [INFO ] o.a.coyote.http11.Http11NioProtocol - Initializing ProtocolHandler ["http-nio-8085"]
2023-09-18 12:29:46,129 [INFO ] o.a.catalina.core.StandardService - Starting service [Tomcat]
2023-09-18 12:29:46,130 [INFO ] o.a.catalina.core.StandardEngine - Starting Servlet engine: [Apache Tomcat/9.0.79]
2023-09-18 12:29:46,233 [INFO ] o.a.c.c.C.[Tomcat].[localhost].[/] - Initializing Spring embedded WebApplicationContext
2023-09-18 12:29:46,234 [INFO ] o.s.b.w.s.c.ServletWebServerApplicationContext - Root WebApplicationContext: initialization completed in 1133 ms
2023-09-18 12:29:46,769 [INFO ] o.a.coyote.http11.Http11NioProtocol - Starting ProtocolHandler ["http-nio-8085"]
2023-09-18 12:29:46,792 [INFO ] o.s.b.w.e.tomcat.TomcatWebServer - Tomcat started on port(s): 8085 (http) with context path ''
2023-09-18 12:29:46,800 [INFO ] com.acme.OrchestrationApplication - Started OrchestrationApplication in 2.164 seconds (JVM running for 2.625)
2023-09-18 12:30:21,673 [INFO ] o.a.c.c.C.[Tomcat].[localhost].[/] - Initializing Spring DispatcherServlet 'dispatcherServlet'
2023-09-18 12:30:21,673 [INFO ] o.s.web.servlet.DispatcherServlet - Initializing Servlet 'dispatcherServlet'
2023-09-18 12:30:21,674 [INFO ] o.s.web.servlet.DispatcherServlet - Completed initialization in 1 ms
2023-09-18 12:30:21,772 [INFO ] c.acme.Service.OrchetrationService - Orchestration Started.. 
2023-09-18 12:30:22,588 [INFO ] c.acme.Service.OrchetrationService - Order Status received from OrderCREATED
2023-09-18 12:33:19,921 [INFO ] c.acme.Service.OrchetrationService - Orchestration Started.. 
2023-09-18 12:33:19,945 [INFO ] c.acme.Service.OrchetrationService - Order Status received from OrderCREATED
2023-09-18 12:34:53,099 [INFO ] c.acme.Service.OrchetrationService - Orchestration Started.. 
2023-09-18 12:35:42,437 [INFO ] c.acme.Service.OrchetrationService - Order Status received from OrderCREATED
2023-09-18 12:37:13,370 [INFO ] c.acme.Service.OrchetrationService - Orchestration Started.. 
2023-09-18 12:42:08,866 [INFO ] c.acme.Service.OrchetrationService - Orchestration Started.. 
2023-09-18 12:42:09,081 [INFO ] c.acme.Service.OrchetrationService - Order Status received from OrderCREATED
2023-09-18 12:42:19,169 [INFO ] c.acme.Service.OrchetrationService - Orchestration Started.. 
2023-09-18 12:42:19,187 [INFO ] c.acme.Service.OrchetrationService - Order Status received from OrderCANCELLED
2023-09-18 12:42:46,011 [INFO ] c.acme.Service.OrchetrationService - Orchestration Started.. 
2023-09-18 12:42:46,029 [INFO ] c.acme.Service.OrchetrationService - Order Status received from OrderCREATED
2023-09-18 14:01:02,004 [INFO ] com.acme.OrchestrationApplication - Starting OrchestrationApplication using Java 20.0.2 on KMG-GGN-258 with PID 27308 (C:\Users\Roshan\Documents\orchestration\target\classes started by Roshan in C:\Users\Roshan\Documents\orchestration)
2023-09-18 14:01:02,007 [INFO ] com.acme.OrchestrationApplication - No active profile set, falling back to 1 default profile: "default"
2023-09-18 14:01:02,912 [INFO ] o.s.b.w.e.tomcat.TomcatWebServer - Tomcat initialized with port(s): 8085 (http)
2023-09-18 14:01:02,917 [INFO ] o.a.coyote.http11.Http11NioProtocol - Initializing ProtocolHandler ["http-nio-8085"]
2023-09-18 14:01:02,919 [INFO ] o.a.catalina.core.StandardService - Starting service [Tomcat]
2023-09-18 14:01:02,919 [INFO ] o.a.catalina.core.StandardEngine - Starting Servlet engine: [Apache Tomcat/9.0.79]
2023-09-18 14:01:03,000 [INFO ] o.a.c.c.C.[Tomcat].[localhost].[/] - Initializing Spring embedded WebApplicationContext
2023-09-18 14:01:03,000 [INFO ] o.s.b.w.s.c.ServletWebServerApplicationContext - Root WebApplicationContext: initialization completed in 945 ms
2023-09-18 14:01:03,426 [INFO ] o.a.coyote.http11.Http11NioProtocol - Starting ProtocolHandler ["http-nio-8085"]
2023-09-18 14:01:03,453 [INFO ] o.s.b.w.e.tomcat.TomcatWebServer - Tomcat started on port(s): 8085 (http) with context path ''
2023-09-18 14:01:03,460 [INFO ] com.acme.OrchestrationApplication - Started OrchestrationApplication in 1.785 seconds (JVM running for 2.176)
2023-09-18 14:01:10,603 [INFO ] o.a.c.c.C.[Tomcat].[localhost].[/] - Initializing Spring DispatcherServlet 'dispatcherServlet'
2023-09-18 14:01:10,603 [INFO ] o.s.web.servlet.DispatcherServlet - Initializing Servlet 'dispatcherServlet'
2023-09-18 14:01:10,604 [INFO ] o.s.web.servlet.DispatcherServlet - Completed initialization in 1 ms
2023-09-18 14:01:10,678 [INFO ] c.acme.Service.OrchetrationService - Orchestration Started.. 
2023-09-18 14:01:32,620 [INFO ] com.acme.OrchestrationApplication - Starting OrchestrationApplication using Java 20.0.2 on KMG-GGN-258 with PID 23320 (C:\Users\Roshan\Documents\orchestration\target\classes started by Roshan in C:\Users\Roshan\Documents\orchestration)
2023-09-18 14:01:32,626 [INFO ] com.acme.OrchestrationApplication - No active profile set, falling back to 1 default profile: "default"
2023-09-18 14:01:33,629 [INFO ] o.s.b.w.e.tomcat.TomcatWebServer - Tomcat initialized with port(s): 8085 (http)
2023-09-18 14:01:33,634 [INFO ] o.a.coyote.http11.Http11NioProtocol - Initializing ProtocolHandler ["http-nio-8085"]
2023-09-18 14:01:33,636 [INFO ] o.a.catalina.core.StandardService - Starting service [Tomcat]
2023-09-18 14:01:33,636 [INFO ] o.a.catalina.core.StandardEngine - Starting Servlet engine: [Apache Tomcat/9.0.79]
2023-09-18 14:01:33,707 [INFO ] o.a.c.c.C.[Tomcat].[localhost].[/] - Initializing Spring embedded WebApplicationContext
2023-09-18 14:01:33,708 [INFO ] o.s.b.w.s.c.ServletWebServerApplicationContext - Root WebApplicationContext: initialization completed in 1038 ms
2023-09-18 14:01:34,137 [INFO ] o.a.coyote.http11.Http11NioProtocol - Starting ProtocolHandler ["http-nio-8085"]
2023-09-18 14:01:34,154 [INFO ] o.s.b.w.e.tomcat.TomcatWebServer - Tomcat started on port(s): 8085 (http) with context path ''
2023-09-18 14:01:34,160 [INFO ] com.acme.OrchestrationApplication - Started OrchestrationApplication in 1.871 seconds (JVM running for 2.304)
2023-09-18 14:01:39,555 [INFO ] o.a.c.c.C.[Tomcat].[localhost].[/] - Initializing Spring DispatcherServlet 'dispatcherServlet'
2023-09-18 14:01:39,555 [INFO ] o.s.web.servlet.DispatcherServlet - Initializing Servlet 'dispatcherServlet'
2023-09-18 14:01:39,555 [INFO ] o.s.web.servlet.DispatcherServlet - Completed initialization in 0 ms
2023-09-18 14:01:39,650 [INFO ] c.acme.Service.OrchetrationService - Orchestration Started.. 
2023-09-18 14:02:13,424 [INFO ] c.acme.Service.OrchetrationService - Orchestration Started.. 
2023-09-18 14:03:27,828 [INFO ] c.acme.Service.OrchetrationService - Orchestration Started.. 
2023-09-18 14:03:27,862 [INFO ] c.acme.Service.OrchetrationService - Order Status received from OrderCREATED
2023-09-18 14:05:29,062 [INFO ] c.acme.Service.OrchetrationService - Orchestration Started.. 
2023-09-18 14:05:29,424 [INFO ] c.acme.Service.OrchetrationService - Order Status received from OrderCREATED
2023-09-18 14:07:56,384 [INFO ] c.acme.Service.OrchetrationService - Orchestration Started.. 
2023-09-18 14:08:45,837 [INFO ] c.acme.Service.OrchetrationService - Orchestration Started.. 
2023-09-18 14:09:38,851 [INFO ] c.acme.Service.OrchetrationService - Orchestration Started.. 
2023-09-18 14:11:10,008 [INFO ] c.acme.Service.OrchetrationService - Orchestration Started.. 
2023-09-18 14:13:12,009 [INFO ] c.acme.Service.OrchetrationService - Orchestration Started.. 
2023-09-18 14:13:41,992 [INFO ] c.acme.Service.OrchetrationService - Orchestration Started.. 
2023-09-18 14:15:34,012 [INFO ] c.acme.Service.OrchetrationService - Orchestration Started.. 
2023-09-18 14:18:14,771 [INFO ] c.acme.Service.OrchetrationService - Orchestration Started.. 
2023-09-18 14:21:08,418 [INFO ] com.acme.OrchestrationApplication - Starting OrchestrationApplication using Java 20.0.2 on KMG-GGN-258 with PID 18704 (C:\Users\Roshan\Documents\orchestration\target\classes started by Roshan in C:\Users\Roshan\Documents\orchestration)
2023-09-18 14:21:08,422 [INFO ] com.acme.OrchestrationApplication - No active profile set, falling back to 1 default profile: "default"
2023-09-18 14:21:09,665 [INFO ] o.s.b.w.e.tomcat.TomcatWebServer - Tomcat initialized with port(s): 8085 (http)
2023-09-18 14:21:09,671 [INFO ] o.a.coyote.http11.Http11NioProtocol - Initializing ProtocolHandler ["http-nio-8085"]
2023-09-18 14:21:09,673 [INFO ] o.a.catalina.core.StandardService - Starting service [Tomcat]
2023-09-18 14:21:09,673 [INFO ] o.a.catalina.core.StandardEngine - Starting Servlet engine: [Apache Tomcat/9.0.79]
2023-09-18 14:21:09,759 [INFO ] o.a.c.c.C.[Tomcat].[localhost].[/] - Initializing Spring embedded WebApplicationContext
2023-09-18 14:21:09,760 [INFO ] o.s.b.w.s.c.ServletWebServerApplicationContext - Root WebApplicationContext: initialization completed in 1269 ms
2023-09-18 14:21:10,234 [INFO ] o.a.coyote.http11.Http11NioProtocol - Starting ProtocolHandler ["http-nio-8085"]
2023-09-18 14:21:10,256 [INFO ] o.s.b.w.e.tomcat.TomcatWebServer - Tomcat started on port(s): 8085 (http) with context path ''
2023-09-18 14:21:10,263 [INFO ] com.acme.OrchestrationApplication - Started OrchestrationApplication in 2.303 seconds (JVM running for 2.863)
2023-09-18 14:21:55,452 [INFO ] o.a.c.c.C.[Tomcat].[localhost].[/] - Initializing Spring DispatcherServlet 'dispatcherServlet'
2023-09-18 14:21:55,452 [INFO ] o.s.web.servlet.DispatcherServlet - Initializing Servlet 'dispatcherServlet'
2023-09-18 14:21:55,453 [INFO ] o.s.web.servlet.DispatcherServlet - Completed initialization in 1 ms
2023-09-18 14:21:55,547 [INFO ] c.acme.Service.OrchetrationService - Orchestration Started.. 
2023-09-18 14:21:56,301 [INFO ] c.acme.Service.OrchetrationService - Order Status received from OrderCREATED
2023-09-18 14:32:39,181 [INFO ] c.acme.Service.OrchetrationService - Orchestration Started.. 
2023-09-18 14:32:39,244 [INFO ] c.acme.Service.OrchetrationService - Order Status received from OrderCREATED
2023-09-18 14:34:43,119 [INFO ] c.acme.Service.OrchetrationService - Orchestration Started.. 
2023-09-18 14:35:51,081 [INFO ] c.acme.Service.OrchetrationService - Order Status received from OrderCREATED
2023-09-18 14:36:39,210 [INFO ] c.acme.Service.OrchetrationService - Orchestration Started.. 
2023-09-18 14:38:20,316 [INFO ] c.acme.Service.OrchetrationService - Orchestration Started.. 
2023-09-18 14:40:12,246 [INFO ] c.acme.Service.OrchetrationService - Orchestration Started.. 
2023-09-18 14:41:35,135 [INFO ] c.acme.Service.OrchetrationService - Orchestration Started.. 
2023-09-18 14:42:01,971 [INFO ] c.acme.Service.OrchetrationService - Orchestration Started.. 
2023-09-18 14:43:43,269 [INFO ] com.acme.OrchestrationApplication - Starting OrchestrationApplication using Java 20.0.2 on KMG-GGN-258 with PID 24636 (C:\Users\Roshan\Documents\orchestration\target\classes started by Roshan in C:\Users\Roshan\Documents\orchestration)
2023-09-18 14:43:43,274 [INFO ] com.acme.OrchestrationApplication - No active profile set, falling back to 1 default profile: "default"
2023-09-18 14:43:44,337 [INFO ] o.s.b.w.e.tomcat.TomcatWebServer - Tomcat initialized with port(s): 8085 (http)
2023-09-18 14:43:44,344 [INFO ] o.a.coyote.http11.Http11NioProtocol - Initializing ProtocolHandler ["http-nio-8085"]
2023-09-18 14:43:44,347 [INFO ] o.a.catalina.core.StandardService - Starting service [Tomcat]
2023-09-18 14:43:44,348 [INFO ] o.a.catalina.core.StandardEngine - Starting Servlet engine: [Apache Tomcat/9.0.79]
2023-09-18 14:43:44,432 [INFO ] o.a.c.c.C.[Tomcat].[localhost].[/] - Initializing Spring embedded WebApplicationContext
2023-09-18 14:43:44,432 [INFO ] o.s.b.w.s.c.ServletWebServerApplicationContext - Root WebApplicationContext: initialization completed in 1108 ms
2023-09-18 14:43:45,065 [INFO ] o.a.coyote.http11.Http11NioProtocol - Starting ProtocolHandler ["http-nio-8085"]
2023-09-18 14:43:45,090 [INFO ] o.s.b.w.e.tomcat.TomcatWebServer - Tomcat started on port(s): 8085 (http) with context path ''
2023-09-18 14:43:45,102 [INFO ] com.acme.OrchestrationApplication - Started OrchestrationApplication in 2.201 seconds (JVM running for 2.604)
2023-09-18 14:44:44,347 [INFO ] o.a.c.c.C.[Tomcat].[localhost].[/] - Initializing Spring DispatcherServlet 'dispatcherServlet'
2023-09-18 14:44:44,347 [INFO ] o.s.web.servlet.DispatcherServlet - Initializing Servlet 'dispatcherServlet'
2023-09-18 14:44:44,347 [INFO ] o.s.web.servlet.DispatcherServlet - Completed initialization in 0 ms
2023-09-18 14:44:44,431 [INFO ] c.acme.Service.OrchetrationService - Orchestration Started.. 
2023-09-18 14:47:54,658 [INFO ] c.acme.Service.OrchetrationService - Orchestration Started.. 
2023-09-18 14:47:57,532 [INFO ] c.acme.Service.OrchetrationService - Order Status received from OrderCREATED
2023-09-18 14:49:43,882 [INFO ] c.acme.Service.OrchetrationService - Orchestration Started.. 
2023-09-18 14:49:46,800 [INFO ] c.acme.Service.OrchetrationService - Order Status received from OrderCREATED
2023-09-18 15:37:35,965 [INFO ] com.acme.OrchestrationApplication - Starting OrchestrationApplication using Java 20.0.2 on KMG-GGN-258 with PID 11640 (C:\Users\Roshan\Documents\orchestration\target\classes started by Roshan in C:\Users\Roshan\Documents\orchestration)
2023-09-18 15:37:35,971 [INFO ] com.acme.OrchestrationApplication - No active profile set, falling back to 1 default profile: "default"
2023-09-18 15:37:38,222 [INFO ] o.s.b.w.e.tomcat.TomcatWebServer - Tomcat initialized with port(s): 8085 (http)
2023-09-18 15:37:38,231 [INFO ] o.a.coyote.http11.Http11NioProtocol - Initializing ProtocolHandler ["http-nio-8085"]
2023-09-18 15:37:38,233 [INFO ] o.a.catalina.core.StandardService - Starting service [Tomcat]
2023-09-18 15:37:38,234 [INFO ] o.a.catalina.core.StandardEngine - Starting Servlet engine: [Apache Tomcat/9.0.79]
2023-09-18 15:37:38,374 [INFO ] o.a.c.c.C.[Tomcat].[localhost].[/] - Initializing Spring embedded WebApplicationContext
2023-09-18 15:37:38,374 [INFO ] o.s.b.w.s.c.ServletWebServerApplicationContext - Root WebApplicationContext: initialization completed in 2245 ms
2023-09-18 15:37:39,528 [INFO ] o.a.coyote.http11.Http11NioProtocol - Starting ProtocolHandler ["http-nio-8085"]
2023-09-18 15:37:39,554 [INFO ] o.s.b.w.e.tomcat.TomcatWebServer - Tomcat started on port(s): 8085 (http) with context path ''
2023-09-18 15:37:39,565 [INFO ] com.acme.OrchestrationApplication - Started OrchestrationApplication in 4.605 seconds (JVM running for 5.518)
2023-09-18 15:39:28,452 [INFO ] o.a.c.c.C.[Tomcat].[localhost].[/] - Initializing Spring DispatcherServlet 'dispatcherServlet'
2023-09-18 15:39:28,452 [INFO ] o.s.web.servlet.DispatcherServlet - Initializing Servlet 'dispatcherServlet'
2023-09-18 15:39:28,454 [INFO ] o.s.web.servlet.DispatcherServlet - Completed initialization in 1 ms
2023-09-18 15:39:28,642 [INFO ] c.acme.Service.OrchetrationService - Orchestration Started.. 
2023-09-18 15:41:47,901 [INFO ] c.acme.Service.OrchetrationService - Orchestration Started.. 
2023-09-18 15:41:52,076 [INFO ] c.acme.Service.OrchetrationService - Order Status received from OrderCREATED
2023-09-18 15:49:25,630 [INFO ] com.acme.OrchestrationApplication - Starting OrchestrationApplication using Java 20.0.2 on KMG-GGN-258 with PID 11224 (C:\Users\Roshan\Documents\orchestration\target\classes started by Roshan in C:\Users\Roshan\Documents\orchestration)
2023-09-18 15:49:25,637 [INFO ] com.acme.OrchestrationApplication - No active profile set, falling back to 1 default profile: "default"
2023-09-18 15:49:27,422 [INFO ] o.s.b.w.e.tomcat.TomcatWebServer - Tomcat initialized with port(s): 8085 (http)
2023-09-18 15:49:27,432 [INFO ] o.a.coyote.http11.Http11NioProtocol - Initializing ProtocolHandler ["http-nio-8085"]
2023-09-18 15:49:27,437 [INFO ] o.a.catalina.core.StandardService - Starting service [Tomcat]
2023-09-18 15:49:27,438 [INFO ] o.a.catalina.core.StandardEngine - Starting Servlet engine: [Apache Tomcat/9.0.79]
2023-09-18 15:49:27,583 [INFO ] o.a.c.c.C.[Tomcat].[localhost].[/] - Initializing Spring embedded WebApplicationContext
2023-09-18 15:49:27,584 [INFO ] o.s.b.w.s.c.ServletWebServerApplicationContext - Root WebApplicationContext: initialization completed in 1844 ms
2023-09-18 15:49:28,404 [INFO ] o.a.coyote.http11.Http11NioProtocol - Starting ProtocolHandler ["http-nio-8085"]
2023-09-18 15:49:28,452 [INFO ] o.s.b.w.e.tomcat.TomcatWebServer - Tomcat started on port(s): 8085 (http) with context path ''
2023-09-18 15:49:28,467 [INFO ] com.acme.OrchestrationApplication - Started OrchestrationApplication in 3.631 seconds (JVM running for 4.526)
2023-09-18 15:49:44,613 [INFO ] o.a.c.c.C.[Tomcat].[localhost].[/] - Initializing Spring DispatcherServlet 'dispatcherServlet'
2023-09-18 15:49:44,613 [INFO ] o.s.web.servlet.DispatcherServlet - Initializing Servlet 'dispatcherServlet'
2023-09-18 15:49:44,614 [INFO ] o.s.web.servlet.DispatcherServlet - Completed initialization in 1 ms
2023-09-18 15:56:00,951 [INFO ] com.acme.OrchestrationApplication - Starting OrchestrationApplication using Java 20.0.2 on KMG-GGN-258 with PID 20692 (C:\Users\Roshan\Documents\orchestration\target\classes started by Roshan in C:\Users\Roshan\Documents\orchestration)
2023-09-18 15:56:00,959 [INFO ] com.acme.OrchestrationApplication - No active profile set, falling back to 1 default profile: "default"
2023-09-18 15:56:03,360 [INFO ] o.s.b.w.e.tomcat.TomcatWebServer - Tomcat initialized with port(s): 8085 (http)
2023-09-18 15:56:03,369 [INFO ] o.a.coyote.http11.Http11NioProtocol - Initializing ProtocolHandler ["http-nio-8085"]
2023-09-18 15:56:03,373 [INFO ] o.a.catalina.core.StandardService - Starting service [Tomcat]
2023-09-18 15:56:03,373 [INFO ] o.a.catalina.core.StandardEngine - Starting Servlet engine: [Apache Tomcat/9.0.79]
2023-09-18 15:56:03,550 [INFO ] o.a.c.c.C.[Tomcat].[localhost].[/] - Initializing Spring embedded WebApplicationContext
2023-09-18 15:56:03,551 [INFO ] o.s.b.w.s.c.ServletWebServerApplicationContext - Root WebApplicationContext: initialization completed in 2467 ms
2023-09-18 15:56:04,456 [INFO ] o.a.coyote.http11.Http11NioProtocol - Starting ProtocolHandler ["http-nio-8085"]
2023-09-18 15:56:04,477 [INFO ] o.s.b.w.e.tomcat.TomcatWebServer - Tomcat started on port(s): 8085 (http) with context path ''
2023-09-18 15:56:04,489 [INFO ] com.acme.OrchestrationApplication - Started OrchestrationApplication in 4.464 seconds (JVM running for 5.492)
2023-09-18 15:57:28,732 [INFO ] o.a.c.c.C.[Tomcat].[localhost].[/] - Initializing Spring DispatcherServlet 'dispatcherServlet'
2023-09-18 15:57:28,734 [INFO ] o.s.web.servlet.DispatcherServlet - Initializing Servlet 'dispatcherServlet'
2023-09-18 15:57:28,735 [INFO ] o.s.web.servlet.DispatcherServlet - Completed initialization in 1 ms
2023-09-18 15:59:29,108 [INFO ] com.acme.OrchestrationApplication - Starting OrchestrationApplication using Java 20.0.2 on KMG-GGN-258 with PID 1516 (C:\Users\Roshan\Documents\orchestration\target\classes started by Roshan in C:\Users\Roshan\Documents\orchestration)
2023-09-18 15:59:29,114 [INFO ] com.acme.OrchestrationApplication - No active profile set, falling back to 1 default profile: "default"
2023-09-18 15:59:30,794 [INFO ] o.s.b.w.e.tomcat.TomcatWebServer - Tomcat initialized with port(s): 8085 (http)
2023-09-18 15:59:30,806 [INFO ] o.a.coyote.http11.Http11NioProtocol - Initializing ProtocolHandler ["http-nio-8085"]
2023-09-18 15:59:30,812 [INFO ] o.a.catalina.core.StandardService - Starting service [Tomcat]
2023-09-18 15:59:30,813 [INFO ] o.a.catalina.core.StandardEngine - Starting Servlet engine: [Apache Tomcat/9.0.79]
2023-09-18 15:59:30,940 [INFO ] o.a.c.c.C.[Tomcat].[localhost].[/] - Initializing Spring embedded WebApplicationContext
2023-09-18 15:59:30,940 [INFO ] o.s.b.w.s.c.ServletWebServerApplicationContext - Root WebApplicationContext: initialization completed in 1707 ms
2023-09-18 15:59:31,738 [INFO ] o.a.coyote.http11.Http11NioProtocol - Starting ProtocolHandler ["http-nio-8085"]
2023-09-18 15:59:31,763 [INFO ] o.s.b.w.e.tomcat.TomcatWebServer - Tomcat started on port(s): 8085 (http) with context path ''
2023-09-18 15:59:31,778 [INFO ] com.acme.OrchestrationApplication - Started OrchestrationApplication in 3.518 seconds (JVM running for 4.447)
2023-09-18 15:59:39,727 [INFO ] o.a.c.c.C.[Tomcat].[localhost].[/] - Initializing Spring DispatcherServlet 'dispatcherServlet'
2023-09-18 15:59:39,728 [INFO ] o.s.web.servlet.DispatcherServlet - Initializing Servlet 'dispatcherServlet'
2023-09-18 15:59:39,729 [INFO ] o.s.web.servlet.DispatcherServlet - Completed initialization in 1 ms
2023-09-18 15:59:40,397 [INFO ] c.acme.Service.OrchetrationService - Payment  Status received from payment Apinull
2023-09-18 17:04:30,876 [INFO ] com.acme.OrchestrationApplication - Starting OrchestrationApplication using Java 20.0.2 on KMG-GGN-258 with PID 10496 (C:\Users\Roshan\Documents\orchestration\target\classes started by Roshan in C:\Users\Roshan\Documents\orchestration)
2023-09-18 17:04:30,884 [INFO ] com.acme.OrchestrationApplication - No active profile set, falling back to 1 default profile: "default"
2023-09-18 17:04:32,556 [INFO ] o.s.b.w.e.tomcat.TomcatWebServer - Tomcat initialized with port(s): 8085 (http)
2023-09-18 17:04:32,565 [INFO ] o.a.coyote.http11.Http11NioProtocol - Initializing ProtocolHandler ["http-nio-8085"]
2023-09-18 17:04:32,568 [INFO ] o.a.catalina.core.StandardService - Starting service [Tomcat]
2023-09-18 17:04:32,568 [INFO ] o.a.catalina.core.StandardEngine - Starting Servlet engine: [Apache Tomcat/9.0.79]
2023-09-18 17:04:32,729 [INFO ] o.a.c.c.C.[Tomcat].[localhost].[/] - Initializing Spring embedded WebApplicationContext
2023-09-18 17:04:32,729 [INFO ] o.s.b.w.s.c.ServletWebServerApplicationContext - Root WebApplicationContext: initialization completed in 1723 ms
2023-09-18 17:04:33,460 [INFO ] o.a.coyote.http11.Http11NioProtocol - Starting ProtocolHandler ["http-nio-8085"]
2023-09-18 17:04:33,481 [INFO ] o.s.b.w.e.tomcat.TomcatWebServer - Tomcat started on port(s): 8085 (http) with context path ''
2023-09-18 17:04:33,496 [INFO ] com.acme.OrchestrationApplication - Started OrchestrationApplication in 3.447 seconds (JVM running for 4.376)
2023-09-18 17:04:56,200 [INFO ] o.a.c.c.C.[Tomcat].[localhost].[/] - Initializing Spring DispatcherServlet 'dispatcherServlet'
2023-09-18 17:04:56,200 [INFO ] o.s.web.servlet.DispatcherServlet - Initializing Servlet 'dispatcherServlet'
2023-09-18 17:04:56,201 [INFO ] o.s.web.servlet.DispatcherServlet - Completed initialization in 1 ms
2023-09-18 17:06:44,820 [INFO ] com.acme.OrchestrationApplication - Starting OrchestrationApplication using Java 20.0.2 on KMG-GGN-258 with PID 18784 (C:\Users\Roshan\Documents\orchestration\target\classes started by Roshan in C:\Users\Roshan\Documents\orchestration)
2023-09-18 17:06:44,831 [INFO ] com.acme.OrchestrationApplication - No active profile set, falling back to 1 default profile: "default"
2023-09-18 17:06:46,555 [INFO ] o.s.b.w.e.tomcat.TomcatWebServer - Tomcat initialized with port(s): 8085 (http)
2023-09-18 17:06:46,563 [INFO ] o.a.coyote.http11.Http11NioProtocol - Initializing ProtocolHandler ["http-nio-8085"]
2023-09-18 17:06:46,566 [INFO ] o.a.catalina.core.StandardService - Starting service [Tomcat]
2023-09-18 17:06:46,566 [INFO ] o.a.catalina.core.StandardEngine - Starting Servlet engine: [Apache Tomcat/9.0.79]
2023-09-18 17:06:46,704 [INFO ] o.a.c.c.C.[Tomcat].[localhost].[/] - Initializing Spring embedded WebApplicationContext
2023-09-18 17:06:46,705 [INFO ] o.s.b.w.s.c.ServletWebServerApplicationContext - Root WebApplicationContext: initialization completed in 1774 ms
2023-09-18 17:06:47,415 [INFO ] o.a.coyote.http11.Http11NioProtocol - Starting ProtocolHandler ["http-nio-8085"]
2023-09-18 17:06:47,439 [INFO ] o.s.b.w.e.tomcat.TomcatWebServer - Tomcat started on port(s): 8085 (http) with context path ''
2023-09-18 17:06:47,456 [INFO ] com.acme.OrchestrationApplication - Started OrchestrationApplication in 3.475 seconds (JVM running for 4.356)
2023-09-18 17:06:56,126 [INFO ] o.a.c.c.C.[Tomcat].[localhost].[/] - Initializing Spring DispatcherServlet 'dispatcherServlet'
2023-09-18 17:06:56,126 [INFO ] o.s.web.servlet.DispatcherServlet - Initializing Servlet 'dispatcherServlet'
2023-09-18 17:06:56,127 [INFO ] o.s.web.servlet.DispatcherServlet - Completed initialization in 1 ms
2023-09-18 17:09:18,070 [INFO ] c.acme.Service.OrchetrationService - Orchestration Started.. 
2023-09-18 17:09:21,203 [INFO ] c.acme.Service.OrchetrationService - Order Status received from OrderCREATED
2023-09-18 17:17:57,943 [INFO ] com.acme.OrchestrationApplication - Starting OrchestrationApplication using Java 20.0.2 on KMG-GGN-258 with PID 15224 (C:\Users\Roshan\Documents\orchestration\target\classes started by Roshan in C:\Users\Roshan\Documents\orchestration)
2023-09-18 17:17:57,949 [INFO ] com.acme.OrchestrationApplication - No active profile set, falling back to 1 default profile: "default"
2023-09-18 17:17:59,686 [INFO ] o.s.b.w.e.tomcat.TomcatWebServer - Tomcat initialized with port(s): 8085 (http)
2023-09-18 17:17:59,694 [INFO ] o.a.coyote.http11.Http11NioProtocol - Initializing ProtocolHandler ["http-nio-8085"]
2023-09-18 17:17:59,698 [INFO ] o.a.catalina.core.StandardService - Starting service [Tomcat]
2023-09-18 17:17:59,699 [INFO ] o.a.catalina.core.StandardEngine - Starting Servlet engine: [Apache Tomcat/9.0.79]
2023-09-18 17:17:59,845 [INFO ] o.a.c.c.C.[Tomcat].[localhost].[/] - Initializing Spring embedded WebApplicationContext
2023-09-18 17:17:59,846 [INFO ] o.s.b.w.s.c.ServletWebServerApplicationContext - Root WebApplicationContext: initialization completed in 1755 ms
2023-09-18 17:18:00,637 [INFO ] o.a.coyote.http11.Http11NioProtocol - Starting ProtocolHandler ["http-nio-8085"]
2023-09-18 17:18:00,664 [INFO ] o.s.b.w.e.tomcat.TomcatWebServer - Tomcat started on port(s): 8085 (http) with context path ''
2023-09-18 17:18:00,677 [INFO ] com.acme.OrchestrationApplication - Started OrchestrationApplication in 3.598 seconds (JVM running for 4.563)
2023-09-18 17:18:09,039 [INFO ] o.a.c.c.C.[Tomcat].[localhost].[/] - Initializing Spring DispatcherServlet 'dispatcherServlet'
2023-09-18 17:18:09,039 [INFO ] o.s.web.servlet.DispatcherServlet - Initializing Servlet 'dispatcherServlet'
2023-09-18 17:18:09,040 [INFO ] o.s.web.servlet.DispatcherServlet - Completed initialization in 1 ms
2023-09-18 17:18:49,262 [INFO ] com.acme.OrchestrationApplication - Starting OrchestrationApplication using Java 20.0.2 on KMG-GGN-258 with PID 12996 (C:\Users\Roshan\Documents\orchestration\target\classes started by Roshan in C:\Users\Roshan\Documents\orchestration)
2023-09-18 17:18:49,269 [INFO ] com.acme.OrchestrationApplication - No active profile set, falling back to 1 default profile: "default"
2023-09-18 17:18:51,077 [INFO ] o.s.b.w.e.tomcat.TomcatWebServer - Tomcat initialized with port(s): 8085 (http)
2023-09-18 17:18:51,085 [INFO ] o.a.coyote.http11.Http11NioProtocol - Initializing ProtocolHandler ["http-nio-8085"]
2023-09-18 17:18:51,087 [INFO ] o.a.catalina.core.StandardService - Starting service [Tomcat]
2023-09-18 17:18:51,088 [INFO ] o.a.catalina.core.StandardEngine - Starting Servlet engine: [Apache Tomcat/9.0.79]
2023-09-18 17:18:51,247 [INFO ] o.a.c.c.C.[Tomcat].[localhost].[/] - Initializing Spring embedded WebApplicationContext
2023-09-18 17:18:51,248 [INFO ] o.s.b.w.s.c.ServletWebServerApplicationContext - Root WebApplicationContext: initialization completed in 1868 ms
2023-09-18 17:18:51,956 [INFO ] o.a.coyote.http11.Http11NioProtocol - Starting ProtocolHandler ["http-nio-8085"]
2023-09-18 17:18:51,986 [INFO ] o.s.b.w.e.tomcat.TomcatWebServer - Tomcat started on port(s): 8085 (http) with context path ''
2023-09-18 17:18:52,003 [INFO ] com.acme.OrchestrationApplication - Started OrchestrationApplication in 3.585 seconds (JVM running for 4.616)
2023-09-18 17:19:06,320 [INFO ] o.a.c.c.C.[Tomcat].[localhost].[/] - Initializing Spring DispatcherServlet 'dispatcherServlet'
2023-09-18 17:19:06,320 [INFO ] o.s.web.servlet.DispatcherServlet - Initializing Servlet 'dispatcherServlet'
2023-09-18 17:19:06,322 [INFO ] o.s.web.servlet.DispatcherServlet - Completed initialization in 1 ms
