2023-04-26 12:23:04,214 INFO org.springframework.boot.StartupInfoLogger [main] Starting ApiDesignApplication using Java 17.0.6 on DESKTOP-EVJABDN with PID 17956 (C:\Users\Chirag Gupta\Documents\workspace-spring-tool-suite-4-4.18.0.RELEASE\APIDesign\target\classes started by Chirag Gupta in C:\Users\Chirag Gupta\Documents\workspace-spring-tool-suite-4-4.18.0.RELEASE\APIDesign)
2023-04-26 12:23:04,223 INFO org.springframework.boot.SpringApplication [main] No active profile set, falling back to default profiles: default
2023-04-26 12:23:05,629 INFO org.springframework.data.repository.config.RepositoryConfigurationDelegate [main] Bootstrapping Spring Data JPA repositories in DEFAULT mode.
2023-04-26 12:23:05,705 INFO org.springframework.data.repository.config.RepositoryConfigurationDelegate [main] Finished Spring Data repository scanning in 64 ms. Found 1 JPA repository interfaces.
2023-04-26 12:23:06,331 INFO org.springframework.boot.web.embedded.tomcat.TomcatWebServer [main] Tomcat initialized with port(s): 8095 (http)
2023-04-26 12:23:06,342 INFO org.apache.juli.logging.DirectJDKLog [main] Initializing ProtocolHandler ["http-nio-8095"]
2023-04-26 12:23:06,343 INFO org.apache.juli.logging.DirectJDKLog [main] Starting service [Tomcat]
2023-04-26 12:23:06,343 INFO org.apache.juli.logging.DirectJDKLog [main] Starting Servlet engine: [Apache Tomcat/9.0.52]
2023-04-26 12:23:06,447 INFO org.apache.juli.logging.DirectJDKLog [main] Initializing Spring embedded WebApplicationContext
2023-04-26 12:23:06,447 INFO org.springframework.boot.web.servlet.context.ServletWebServerApplicationContext [main] Root WebApplicationContext: initialization completed in 2174 ms
2023-04-26 12:23:06,715 INFO org.hibernate.jpa.internal.util.LogHelper [main] HHH000204: Processing PersistenceUnitInfo [name: default]
2023-04-26 12:23:06,783 INFO org.hibernate.Version [main] HHH000412: Hibernate ORM core version 5.4.32.Final
2023-04-26 12:23:06,972 INFO org.hibernate.annotations.common.reflection.java.JavaReflectionManager [main] HCANN000001: Hibernate Commons Annotations {5.1.2.Final}
2023-04-26 12:23:07,110 INFO com.zaxxer.hikari.HikariDataSource [main] HikariPool-1 - Starting...
2023-04-26 12:23:07,493 INFO com.zaxxer.hikari.HikariDataSource [main] HikariPool-1 - Start completed.
2023-04-26 12:23:07,536 INFO org.hibernate.dialect.Dialect [main] HHH000400: Using dialect: org.hibernate.dialect.MySQL8Dialect
2023-04-26 12:23:08,355 INFO org.hibernate.engine.transaction.jta.platform.internal.JtaPlatformInitiator [main] HHH000490: Using JtaPlatform implementation: [org.hibernate.engine.transaction.jta.platform.internal.NoJtaPlatform]
2023-04-26 12:23:08,364 INFO org.springframework.orm.jpa.AbstractEntityManagerFactoryBean [main] Initialized JPA EntityManagerFactory for persistence unit 'default'
2023-04-26 12:23:09,014 WARN org.springframework.boot.autoconfigure.orm.jpa.JpaBaseConfiguration$JpaWebConfiguration [main] spring.jpa.open-in-view is enabled by default. Therefore, database queries may be performed during view rendering. Explicitly configure spring.jpa.open-in-view to disable this warning
2023-04-26 12:23:09,235 INFO org.springframework.boot.actuate.endpoint.web.EndpointLinksResolver [main] Exposing 1 endpoint(s) beneath base path '/actuator'
2023-04-26 12:23:09,296 INFO springfox.documentation.spring.web.PropertySourcedRequestMappingHandlerMapping [main] Mapped URL path [/v2/api-docs] onto method [springfox.documentation.swagger2.web.Swagger2Controller#getDocumentation(String, HttpServletRequest)]
2023-04-26 12:23:10,141 INFO org.apache.juli.logging.DirectJDKLog [main] Starting ProtocolHandler ["http-nio-8095"]
2023-04-26 12:23:10,185 INFO org.springframework.boot.web.embedded.tomcat.TomcatWebServer [main] Tomcat started on port(s): 8095 (http) with context path ''
2023-04-26 12:23:10,187 INFO springfox.documentation.spring.web.plugins.DocumentationPluginsBootstrapper [main] Context refreshed
2023-04-26 12:23:10,230 INFO springfox.documentation.spring.web.plugins.DocumentationPluginsBootstrapper [main] Found 1 custom documentation plugin(s)
2023-04-26 12:23:10,261 INFO springfox.documentation.spring.web.scanners.ApiListingReferenceScanner [main] Scanning for api listing references
2023-04-26 12:23:10,284 INFO org.springframework.boot.StartupInfoLogger [main] Started ApiDesignApplication in 6.532 seconds (JVM running for 7.717)
2023-04-26 12:23:11,245 INFO org.apache.juli.logging.DirectJDKLog [RMI TCP Connection(5)-127.0.0.1] Initializing Spring DispatcherServlet 'dispatcherServlet'
2023-04-26 12:23:11,245 INFO org.springframework.web.servlet.FrameworkServlet [RMI TCP Connection(5)-127.0.0.1] Initializing Servlet 'dispatcherServlet'
2023-04-26 12:23:11,249 INFO org.springframework.web.servlet.FrameworkServlet [RMI TCP Connection(5)-127.0.0.1] Completed initialization in 3 ms
2023-04-26 12:23:16,722 INFO org.springdoc.api.AbstractOpenApiResource [http-nio-8095-exec-4] Init duration for springdoc-openapi is: 376 ms
2023-04-26 12:23:53,280 INFO org.springframework.boot.StartupInfoLogger [main] Starting ApiDesignApplication using Java 17.0.6 on DESKTOP-EVJABDN with PID 23056 (C:\Users\Chirag Gupta\Documents\workspace-spring-tool-suite-4-4.18.0.RELEASE\APIDesign\target\classes started by Chirag Gupta in C:\Users\Chirag Gupta\Documents\workspace-spring-tool-suite-4-4.18.0.RELEASE\APIDesign)
2023-04-26 12:23:53,285 INFO org.springframework.boot.SpringApplication [main] No active profile set, falling back to default profiles: default
2023-04-26 12:23:54,426 INFO org.springframework.data.repository.config.RepositoryConfigurationDelegate [main] Bootstrapping Spring Data JPA repositories in DEFAULT mode.
2023-04-26 12:23:54,492 INFO org.springframework.data.repository.config.RepositoryConfigurationDelegate [main] Finished Spring Data repository scanning in 58 ms. Found 1 JPA repository interfaces.
2023-04-26 12:23:55,048 INFO org.springframework.boot.web.embedded.tomcat.TomcatWebServer [main] Tomcat initialized with port(s): 8095 (http)
2023-04-26 12:23:55,059 INFO org.apache.juli.logging.DirectJDKLog [main] Initializing ProtocolHandler ["http-nio-8095"]
2023-04-26 12:23:55,059 INFO org.apache.juli.logging.DirectJDKLog [main] Starting service [Tomcat]
2023-04-26 12:23:55,059 INFO org.apache.juli.logging.DirectJDKLog [main] Starting Servlet engine: [Apache Tomcat/9.0.52]
2023-04-26 12:23:55,149 INFO org.apache.juli.logging.DirectJDKLog [main] Initializing Spring embedded WebApplicationContext
2023-04-26 12:23:55,149 INFO org.springframework.boot.web.servlet.context.ServletWebServerApplicationContext [main] Root WebApplicationContext: initialization completed in 1820 ms
2023-04-26 12:23:55,466 INFO org.hibernate.jpa.internal.util.LogHelper [main] HHH000204: Processing PersistenceUnitInfo [name: default]
2023-04-26 12:23:55,558 INFO org.hibernate.Version [main] HHH000412: Hibernate ORM core version 5.4.32.Final
2023-04-26 12:23:55,772 INFO org.hibernate.annotations.common.reflection.java.JavaReflectionManager [main] HCANN000001: Hibernate Commons Annotations {5.1.2.Final}
2023-04-26 12:23:55,895 INFO com.zaxxer.hikari.HikariDataSource [main] HikariPool-1 - Starting...
2023-04-26 12:23:56,215 INFO com.zaxxer.hikari.HikariDataSource [main] HikariPool-1 - Start completed.
2023-04-26 12:23:56,259 INFO org.hibernate.dialect.Dialect [main] HHH000400: Using dialect: org.hibernate.dialect.MySQL8Dialect
2023-04-26 12:23:57,048 INFO org.hibernate.engine.transaction.jta.platform.internal.JtaPlatformInitiator [main] HHH000490: Using JtaPlatform implementation: [org.hibernate.engine.transaction.jta.platform.internal.NoJtaPlatform]
2023-04-26 12:23:57,058 INFO org.springframework.orm.jpa.AbstractEntityManagerFactoryBean [main] Initialized JPA EntityManagerFactory for persistence unit 'default'
2023-04-26 12:23:57,647 WARN org.springframework.boot.autoconfigure.orm.jpa.JpaBaseConfiguration$JpaWebConfiguration [main] spring.jpa.open-in-view is enabled by default. Therefore, database queries may be performed during view rendering. Explicitly configure spring.jpa.open-in-view to disable this warning
2023-04-26 12:23:57,863 INFO org.springframework.boot.actuate.endpoint.web.EndpointLinksResolver [main] Exposing 1 endpoint(s) beneath base path '/actuator'
2023-04-26 12:23:57,935 INFO springfox.documentation.spring.web.PropertySourcedRequestMappingHandlerMapping [main] Mapped URL path [/v2/api-docs] onto method [springfox.documentation.swagger2.web.Swagger2Controller#getDocumentation(String, HttpServletRequest)]
2023-04-26 12:23:58,915 INFO org.apache.juli.logging.DirectJDKLog [main] Starting ProtocolHandler ["http-nio-8095"]
2023-04-26 12:23:58,942 INFO org.springframework.boot.web.embedded.tomcat.TomcatWebServer [main] Tomcat started on port(s): 8095 (http) with context path ''
2023-04-26 12:23:58,943 INFO springfox.documentation.spring.web.plugins.DocumentationPluginsBootstrapper [main] Context refreshed
2023-04-26 12:23:58,966 INFO springfox.documentation.spring.web.plugins.DocumentationPluginsBootstrapper [main] Found 1 custom documentation plugin(s)
2023-04-26 12:23:59,001 INFO springfox.documentation.spring.web.scanners.ApiListingReferenceScanner [main] Scanning for api listing references
2023-04-26 12:23:59,033 INFO org.springframework.boot.StartupInfoLogger [main] Started ApiDesignApplication in 6.173 seconds (JVM running for 7.208)
2023-04-26 12:23:59,747 INFO org.apache.juli.logging.DirectJDKLog [RMI TCP Connection(5)-127.0.0.1] Initializing Spring DispatcherServlet 'dispatcherServlet'
2023-04-26 12:23:59,748 INFO org.springframework.web.servlet.FrameworkServlet [RMI TCP Connection(5)-127.0.0.1] Initializing Servlet 'dispatcherServlet'
2023-04-26 12:23:59,749 INFO org.springframework.web.servlet.FrameworkServlet [RMI TCP Connection(5)-127.0.0.1] Completed initialization in 1 ms
2023-04-26 12:24:04,978 INFO org.springdoc.api.AbstractOpenApiResource [http-nio-8095-exec-4] Init duration for springdoc-openapi is: 412 ms
2023-04-26 12:24:38,550 INFO org.springframework.boot.StartupInfoLogger [main] Starting ApiDesignApplication using Java 17.0.6 on DESKTOP-EVJABDN with PID 16332 (C:\Users\Chirag Gupta\Documents\workspace-spring-tool-suite-4-4.18.0.RELEASE\APIDesign\target\classes started by Chirag Gupta in C:\Users\Chirag Gupta\Documents\workspace-spring-tool-suite-4-4.18.0.RELEASE\APIDesign)
2023-04-26 12:24:38,556 INFO org.springframework.boot.SpringApplication [main] No active profile set, falling back to default profiles: default
2023-04-26 12:24:39,658 INFO org.springframework.data.repository.config.RepositoryConfigurationDelegate [main] Bootstrapping Spring Data JPA repositories in DEFAULT mode.
2023-04-26 12:24:39,717 INFO org.springframework.data.repository.config.RepositoryConfigurationDelegate [main] Finished Spring Data repository scanning in 51 ms. Found 1 JPA repository interfaces.
2023-04-26 12:24:40,253 INFO org.springframework.boot.web.embedded.tomcat.TomcatWebServer [main] Tomcat initialized with port(s): 8095 (http)
2023-04-26 12:24:40,264 INFO org.apache.juli.logging.DirectJDKLog [main] Initializing ProtocolHandler ["http-nio-8095"]
2023-04-26 12:24:40,264 INFO org.apache.juli.logging.DirectJDKLog [main] Starting service [Tomcat]
2023-04-26 12:24:40,264 INFO org.apache.juli.logging.DirectJDKLog [main] Starting Servlet engine: [Apache Tomcat/9.0.52]
2023-04-26 12:24:40,354 INFO org.apache.juli.logging.DirectJDKLog [main] Initializing Spring embedded WebApplicationContext
2023-04-26 12:24:40,354 INFO org.springframework.boot.web.servlet.context.ServletWebServerApplicationContext [main] Root WebApplicationContext: initialization completed in 1756 ms
2023-04-26 12:24:40,611 INFO org.hibernate.jpa.internal.util.LogHelper [main] HHH000204: Processing PersistenceUnitInfo [name: default]
2023-04-26 12:24:40,677 INFO org.hibernate.Version [main] HHH000412: Hibernate ORM core version 5.4.32.Final
2023-04-26 12:24:40,850 INFO org.hibernate.annotations.common.reflection.java.JavaReflectionManager [main] HCANN000001: Hibernate Commons Annotations {5.1.2.Final}
2023-04-26 12:24:40,962 INFO com.zaxxer.hikari.HikariDataSource [main] HikariPool-1 - Starting...
2023-04-26 12:24:41,263 INFO com.zaxxer.hikari.HikariDataSource [main] HikariPool-1 - Start completed.
2023-04-26 12:24:41,299 INFO org.hibernate.dialect.Dialect [main] HHH000400: Using dialect: org.hibernate.dialect.MySQL8Dialect
2023-04-26 12:24:41,998 INFO org.hibernate.engine.transaction.jta.platform.internal.JtaPlatformInitiator [main] HHH000490: Using JtaPlatform implementation: [org.hibernate.engine.transaction.jta.platform.internal.NoJtaPlatform]
2023-04-26 12:24:42,006 INFO org.springframework.orm.jpa.AbstractEntityManagerFactoryBean [main] Initialized JPA EntityManagerFactory for persistence unit 'default'
2023-04-26 12:24:42,556 WARN org.springframework.boot.autoconfigure.orm.jpa.JpaBaseConfiguration$JpaWebConfiguration [main] spring.jpa.open-in-view is enabled by default. Therefore, database queries may be performed during view rendering. Explicitly configure spring.jpa.open-in-view to disable this warning
2023-04-26 12:24:42,765 INFO org.springframework.boot.actuate.endpoint.web.EndpointLinksResolver [main] Exposing 1 endpoint(s) beneath base path '/actuator'
2023-04-26 12:24:42,820 INFO springfox.documentation.spring.web.PropertySourcedRequestMappingHandlerMapping [main] Mapped URL path [/v2/api-docs] onto method [springfox.documentation.swagger2.web.Swagger2Controller#getDocumentation(String, HttpServletRequest)]
2023-04-26 12:24:43,599 INFO org.apache.juli.logging.DirectJDKLog [main] Starting ProtocolHandler ["http-nio-8095"]
2023-04-26 12:24:43,621 INFO org.springframework.boot.web.embedded.tomcat.TomcatWebServer [main] Tomcat started on port(s): 8095 (http) with context path ''
2023-04-26 12:24:43,622 INFO springfox.documentation.spring.web.plugins.DocumentationPluginsBootstrapper [main] Context refreshed
2023-04-26 12:24:43,645 INFO springfox.documentation.spring.web.plugins.DocumentationPluginsBootstrapper [main] Found 1 custom documentation plugin(s)
2023-04-26 12:24:43,672 INFO springfox.documentation.spring.web.scanners.ApiListingReferenceScanner [main] Scanning for api listing references
2023-04-26 12:24:43,693 INFO org.springframework.boot.StartupInfoLogger [main] Started ApiDesignApplication in 5.512 seconds (JVM running for 6.473)
2023-04-26 12:24:44,758 INFO org.apache.juli.logging.DirectJDKLog [RMI TCP Connection(4)-127.0.0.1] Initializing Spring DispatcherServlet 'dispatcherServlet'
2023-04-26 12:24:44,759 INFO org.springframework.web.servlet.FrameworkServlet [RMI TCP Connection(4)-127.0.0.1] Initializing Servlet 'dispatcherServlet'
2023-04-26 12:24:44,761 INFO org.springframework.web.servlet.FrameworkServlet [RMI TCP Connection(4)-127.0.0.1] Completed initialization in 2 ms
2023-04-26 12:25:41,687 INFO com.api.design.Infrastructure.Services.DomainEventServices [http-nio-8095-exec-1] Publishing domain event. Event - {event}
2023-04-26 13:09:26,268 INFO org.springframework.boot.StartupInfoLogger [main] Starting ApiDesignApplication using Java 17.0.6 on DESKTOP-EVJABDN with PID 23256 (C:\Users\Chirag Gupta\Documents\workspace-spring-tool-suite-4-4.18.0.RELEASE\APIDesign\target\classes started by Chirag Gupta in C:\Users\Chirag Gupta\Documents\workspace-spring-tool-suite-4-4.18.0.RELEASE\APIDesign)
2023-04-26 13:09:26,273 INFO org.springframework.boot.SpringApplication [main] No active profile set, falling back to default profiles: default
2023-04-26 13:09:30,141 INFO org.springframework.data.repository.config.RepositoryConfigurationDelegate [main] Bootstrapping Spring Data JPA repositories in DEFAULT mode.
2023-04-26 13:09:30,329 INFO org.springframework.data.repository.config.RepositoryConfigurationDelegate [main] Finished Spring Data repository scanning in 166 ms. Found 1 JPA repository interfaces.
2023-04-26 13:09:31,690 INFO org.springframework.boot.web.embedded.tomcat.TomcatWebServer [main] Tomcat initialized with port(s): 8095 (http)
2023-04-26 13:09:31,716 INFO org.apache.juli.logging.DirectJDKLog [main] Initializing ProtocolHandler ["http-nio-8095"]
2023-04-26 13:09:31,718 INFO org.apache.juli.logging.DirectJDKLog [main] Starting service [Tomcat]
2023-04-26 13:09:31,719 INFO org.apache.juli.logging.DirectJDKLog [main] Starting Servlet engine: [Apache Tomcat/9.0.52]
2023-04-26 13:09:31,952 INFO org.apache.juli.logging.DirectJDKLog [main] Initializing Spring embedded WebApplicationContext
2023-04-26 13:09:31,954 INFO org.springframework.boot.web.servlet.context.ServletWebServerApplicationContext [main] Root WebApplicationContext: initialization completed in 5585 ms
2023-04-26 13:09:32,571 INFO org.hibernate.jpa.internal.util.LogHelper [main] HHH000204: Processing PersistenceUnitInfo [name: default]
2023-04-26 13:09:32,797 INFO org.hibernate.Version [main] HHH000412: Hibernate ORM core version 5.4.32.Final
2023-04-26 13:09:33,272 INFO org.hibernate.annotations.common.reflection.java.JavaReflectionManager [main] HCANN000001: Hibernate Commons Annotations {5.1.2.Final}
2023-04-26 13:09:33,707 INFO com.zaxxer.hikari.HikariDataSource [main] HikariPool-1 - Starting...
2023-04-26 13:09:35,145 INFO com.zaxxer.hikari.HikariDataSource [main] HikariPool-1 - Start completed.
2023-04-26 13:09:35,307 INFO org.hibernate.dialect.Dialect [main] HHH000400: Using dialect: org.hibernate.dialect.MySQL8Dialect
2023-04-26 13:09:37,854 INFO org.hibernate.engine.transaction.jta.platform.internal.JtaPlatformInitiator [main] HHH000490: Using JtaPlatform implementation: [org.hibernate.engine.transaction.jta.platform.internal.NoJtaPlatform]
2023-04-26 13:09:37,873 INFO org.springframework.orm.jpa.AbstractEntityManagerFactoryBean [main] Initialized JPA EntityManagerFactory for persistence unit 'default'
2023-04-26 13:09:39,723 WARN org.springframework.boot.autoconfigure.orm.jpa.JpaBaseConfiguration$JpaWebConfiguration [main] spring.jpa.open-in-view is enabled by default. Therefore, database queries may be performed during view rendering. Explicitly configure spring.jpa.open-in-view to disable this warning
2023-04-26 13:09:40,189 INFO org.springframework.boot.actuate.endpoint.web.EndpointLinksResolver [main] Exposing 1 endpoint(s) beneath base path '/actuator'
2023-04-26 13:09:40,338 INFO springfox.documentation.spring.web.PropertySourcedRequestMappingHandlerMapping [main] Mapped URL path [/v2/api-docs] onto method [springfox.documentation.swagger2.web.Swagger2Controller#getDocumentation(String, HttpServletRequest)]
2023-04-26 13:09:41,898 INFO org.apache.juli.logging.DirectJDKLog [main] Starting ProtocolHandler ["http-nio-8095"]
2023-04-26 13:09:41,973 INFO org.springframework.boot.web.embedded.tomcat.TomcatWebServer [main] Tomcat started on port(s): 8095 (http) with context path ''
2023-04-26 13:09:41,977 INFO springfox.documentation.spring.web.plugins.DocumentationPluginsBootstrapper [main] Context refreshed
2023-04-26 13:09:42,071 INFO springfox.documentation.spring.web.plugins.DocumentationPluginsBootstrapper [main] Found 1 custom documentation plugin(s)
2023-04-26 13:09:42,177 INFO springfox.documentation.spring.web.scanners.ApiListingReferenceScanner [main] Scanning for api listing references
2023-04-26 13:09:42,269 INFO org.springframework.boot.StartupInfoLogger [main] Started ApiDesignApplication in 17.167 seconds (JVM running for 19.311)
2023-04-26 13:09:43,420 INFO org.apache.juli.logging.DirectJDKLog [RMI TCP Connection(3)-127.0.0.1] Initializing Spring DispatcherServlet 'dispatcherServlet'
2023-04-26 13:09:43,421 INFO org.springframework.web.servlet.FrameworkServlet [RMI TCP Connection(3)-127.0.0.1] Initializing Servlet 'dispatcherServlet'
2023-04-26 13:09:43,423 INFO org.springframework.web.servlet.FrameworkServlet [RMI TCP Connection(3)-127.0.0.1] Completed initialization in 1 ms
2023-04-26 13:09:54,191 INFO org.springdoc.api.AbstractOpenApiResource [http-nio-8095-exec-4] Init duration for springdoc-openapi is: 1182 ms
2023-04-26 13:10:44,174 INFO com.api.design.Infrastructure.Services.DomainEventServices [http-nio-8095-exec-2] Publishing domain event. Event - {event}
2023-04-26 13:11:12,663 INFO com.api.design.Infrastructure.Services.DomainEventServices [http-nio-8095-exec-4] Publishing domain event. Event - {event}
2023-04-26 15:40:42,453 INFO org.springframework.boot.admin.SpringApplicationAdminMXBeanRegistrar$SpringApplicationAdmin [RMI TCP Connection(158)-127.0.0.1] Application shutdown requested.
2023-04-26 15:40:42,850 INFO org.springframework.orm.jpa.AbstractEntityManagerFactoryBean [RMI TCP Connection(158)-127.0.0.1] Closing JPA EntityManagerFactory for persistence unit 'default'
2023-04-26 15:40:42,890 INFO com.zaxxer.hikari.HikariDataSource [RMI TCP Connection(158)-127.0.0.1] HikariPool-1 - Shutdown initiated...
2023-04-26 15:40:42,905 INFO com.zaxxer.hikari.HikariDataSource [RMI TCP Connection(158)-127.0.0.1] HikariPool-1 - Shutdown completed.
