2023-05-15 12:43:41,469 INFO org.springframework.boot.StartupInfoLogger [main] Starting AcordApiApplication using Java 17.0.3 on DESKTOP-JML8PE9 with PID 14580 (C:\Users\HP\Downloads\AcordApi\target\classes started by HP in C:\Users\HP\Downloads\AcordApi)
2023-05-15 12:43:41,535 INFO org.springframework.boot.SpringApplication [main] No active profile set, falling back to default profiles: default
2023-05-15 12:43:47,458 INFO org.springframework.data.repository.config.RepositoryConfigurationDelegate [main] Bootstrapping Spring Data JPA repositories in DEFAULT mode.
2023-05-15 12:43:47,742 INFO org.springframework.data.repository.config.RepositoryConfigurationDelegate [main] Finished Spring Data repository scanning in 223 ms. Found 4 JPA repository interfaces.
2023-05-15 12:43:49,190 INFO org.springframework.boot.web.embedded.tomcat.TomcatWebServer [main] Tomcat initialized with port(s): 8096 (http)
2023-05-15 12:43:49,228 INFO org.apache.juli.logging.DirectJDKLog [main] Initializing ProtocolHandler ["http-nio-8096"]
2023-05-15 12:43:49,230 INFO org.apache.juli.logging.DirectJDKLog [main] Starting service [Tomcat]
2023-05-15 12:43:49,231 INFO org.apache.juli.logging.DirectJDKLog [main] Starting Servlet engine: [Apache Tomcat/9.0.52]
2023-05-15 12:43:49,493 INFO org.apache.juli.logging.DirectJDKLog [main] Initializing Spring embedded WebApplicationContext
2023-05-15 12:43:49,494 INFO org.springframework.boot.web.servlet.context.ServletWebServerApplicationContext [main] Root WebApplicationContext: initialization completed in 7436 ms
2023-05-15 12:43:50,075 INFO org.hibernate.jpa.internal.util.LogHelper [main] HHH000204: Processing PersistenceUnitInfo [name: default]
2023-05-15 12:43:50,222 INFO org.hibernate.Version [main] HHH000412: Hibernate ORM core version 5.4.32.Final
2023-05-15 12:43:50,642 INFO org.hibernate.annotations.common.reflection.java.JavaReflectionManager [main] HCANN000001: Hibernate Commons Annotations {5.1.2.Final}
2023-05-15 12:43:50,939 INFO com.zaxxer.hikari.HikariDataSource [main] HikariPool-1 - Starting...
2023-05-15 12:43:51,463 INFO com.zaxxer.hikari.HikariDataSource [main] HikariPool-1 - Start completed.
2023-05-15 12:43:51,524 INFO org.hibernate.dialect.Dialect [main] HHH000400: Using dialect: org.hibernate.dialect.PostgreSQLDialect
2023-05-15 12:43:54,279 INFO org.hibernate.engine.transaction.jta.platform.internal.JtaPlatformInitiator [main] HHH000490: Using JtaPlatform implementation: [org.hibernate.engine.transaction.jta.platform.internal.NoJtaPlatform]
2023-05-15 12:43:54,315 INFO org.springframework.orm.jpa.AbstractEntityManagerFactoryBean [main] Initialized JPA EntityManagerFactory for persistence unit 'default'
2023-05-15 12:43:56,037 WARN org.springframework.boot.autoconfigure.orm.jpa.JpaBaseConfiguration$JpaWebConfiguration [main] spring.jpa.open-in-view is enabled by default. Therefore, database queries may be performed during view rendering. Explicitly configure spring.jpa.open-in-view to disable this warning
2023-05-15 12:43:56,477 INFO org.springframework.boot.actuate.endpoint.web.EndpointLinksResolver [main] Exposing 1 endpoint(s) beneath base path '/actuator'
2023-05-15 12:43:56,623 INFO springfox.documentation.spring.web.PropertySourcedRequestMappingHandlerMapping [main] Mapped URL path [/v2/api-docs] onto method [springfox.documentation.swagger2.web.Swagger2Controller#getDocumentation(String, HttpServletRequest)]
2023-05-15 12:43:58,764 INFO org.apache.juli.logging.DirectJDKLog [main] Starting ProtocolHandler ["http-nio-8096"]
2023-05-15 12:43:58,878 INFO org.springframework.boot.web.embedded.tomcat.TomcatWebServer [main] Tomcat started on port(s): 8096 (http) with context path ''
2023-05-15 12:43:58,881 INFO springfox.documentation.spring.web.plugins.DocumentationPluginsBootstrapper [main] Context refreshed
2023-05-15 12:43:58,965 INFO springfox.documentation.spring.web.plugins.DocumentationPluginsBootstrapper [main] Found 1 custom documentation plugin(s)
2023-05-15 12:43:59,029 INFO springfox.documentation.spring.web.scanners.ApiListingReferenceScanner [main] Scanning for api listing references
2023-05-15 12:43:59,334 INFO springfox.documentation.spring.web.readers.operation.CachingOperationNameGenerator [main] Generating unique operation named: CreateUsingPOST_1
2023-05-15 12:43:59,353 INFO springfox.documentation.spring.web.readers.operation.CachingOperationNameGenerator [main] Generating unique operation named: GetListUsingGET_1
2023-05-15 12:43:59,366 INFO springfox.documentation.spring.web.readers.operation.CachingOperationNameGenerator [main] Generating unique operation named: UpdateUsingPUT_1
2023-05-15 12:43:59,373 INFO springfox.documentation.spring.web.readers.operation.CachingOperationNameGenerator [main] Generating unique operation named: deleteContactUsingDELETE_1
2023-05-15 12:43:59,391 INFO springfox.documentation.spring.web.readers.operation.CachingOperationNameGenerator [main] Generating unique operation named: CreateUsingPOST_2
2023-05-15 12:43:59,411 INFO springfox.documentation.spring.web.readers.operation.CachingOperationNameGenerator [main] Generating unique operation named: GetListUsingGET_2
2023-05-15 12:43:59,425 INFO springfox.documentation.spring.web.readers.operation.CachingOperationNameGenerator [main] Generating unique operation named: UpdateUsingPUT_2
2023-05-15 12:43:59,433 INFO springfox.documentation.spring.web.readers.operation.CachingOperationNameGenerator [main] Generating unique operation named: deleteContactUsingDELETE_2
2023-05-15 12:43:59,501 INFO org.springframework.boot.StartupInfoLogger [main] Started AcordApiApplication in 19.557 seconds (JVM running for 27.376)
2023-05-15 12:44:01,412 INFO org.apache.juli.logging.DirectJDKLog [RMI TCP Connection(3)-127.0.0.1] Initializing Spring DispatcherServlet 'dispatcherServlet'
2023-05-15 12:44:01,413 INFO org.springframework.web.servlet.FrameworkServlet [RMI TCP Connection(3)-127.0.0.1] Initializing Servlet 'dispatcherServlet'
2023-05-15 12:44:01,418 INFO org.springframework.web.servlet.FrameworkServlet [RMI TCP Connection(3)-127.0.0.1] Completed initialization in 4 ms
2023-05-15 12:44:39,605 INFO org.springdoc.api.AbstractOpenApiResource [http-nio-8096-exec-3] Init duration for springdoc-openapi is: 1294 ms
2023-05-15 12:47:32,953 INFO com.AcordApi.Infrastructure.Services.DomainEventService [http-nio-8096-exec-3] Publishing domain event. Event -[]
2023-05-15 12:47:33,091 INFO com.AcordApi.Application.Common.Model.DomainEventNotification [http-nio-8096-exec-3] DomainEventNotification in process
2023-05-15 12:48:22,113 INFO org.springframework.boot.admin.SpringApplicationAdminMXBeanRegistrar$SpringApplicationAdmin [RMI TCP Connection(10)-127.0.0.1] Application shutdown requested.
2023-05-15 12:48:22,344 INFO org.springframework.orm.jpa.AbstractEntityManagerFactoryBean [RMI TCP Connection(10)-127.0.0.1] Closing JPA EntityManagerFactory for persistence unit 'default'
2023-05-15 12:48:22,382 INFO com.zaxxer.hikari.HikariDataSource [RMI TCP Connection(10)-127.0.0.1] HikariPool-1 - Shutdown initiated...
2023-05-15 12:48:22,406 INFO com.zaxxer.hikari.HikariDataSource [RMI TCP Connection(10)-127.0.0.1] HikariPool-1 - Shutdown completed.
2023-05-15 12:52:36,255 INFO org.springframework.boot.StartupInfoLogger [main] Starting AcordApiApplication using Java 17.0.3 on DESKTOP-JML8PE9 with PID 22888 (C:\Users\HP\Downloads\AcordApi\target\classes started by HP in C:\Users\HP\Downloads\AcordApi)
2023-05-15 12:52:36,264 INFO org.springframework.boot.SpringApplication [main] No active profile set, falling back to default profiles: default
2023-05-15 12:52:39,284 INFO org.springframework.data.repository.config.RepositoryConfigurationDelegate [main] Bootstrapping Spring Data JPA repositories in DEFAULT mode.
2023-05-15 12:52:39,473 INFO org.springframework.data.repository.config.RepositoryConfigurationDelegate [main] Finished Spring Data repository scanning in 161 ms. Found 4 JPA repository interfaces.
2023-05-15 12:52:40,997 INFO org.springframework.boot.web.embedded.tomcat.TomcatWebServer [main] Tomcat initialized with port(s): 8096 (http)
2023-05-15 12:52:41,021 INFO org.apache.juli.logging.DirectJDKLog [main] Initializing ProtocolHandler ["http-nio-8096"]
2023-05-15 12:52:41,024 INFO org.apache.juli.logging.DirectJDKLog [main] Starting service [Tomcat]
2023-05-15 12:52:41,026 INFO org.apache.juli.logging.DirectJDKLog [main] Starting Servlet engine: [Apache Tomcat/9.0.52]
2023-05-15 12:52:41,210 INFO org.apache.juli.logging.DirectJDKLog [main] Initializing Spring embedded WebApplicationContext
2023-05-15 12:52:41,211 INFO org.springframework.boot.web.servlet.context.ServletWebServerApplicationContext [main] Root WebApplicationContext: initialization completed in 4840 ms
2023-05-15 12:52:41,911 INFO org.hibernate.jpa.internal.util.LogHelper [main] HHH000204: Processing PersistenceUnitInfo [name: default]
2023-05-15 12:52:42,092 INFO org.hibernate.Version [main] HHH000412: Hibernate ORM core version 5.4.32.Final
2023-05-15 12:52:42,545 INFO org.hibernate.annotations.common.reflection.java.JavaReflectionManager [main] HCANN000001: Hibernate Commons Annotations {5.1.2.Final}
2023-05-15 12:52:42,842 INFO com.zaxxer.hikari.HikariDataSource [main] HikariPool-1 - Starting...
2023-05-15 12:52:43,858 INFO com.zaxxer.hikari.HikariDataSource [main] HikariPool-1 - Start completed.
2023-05-15 12:52:43,910 INFO org.hibernate.dialect.Dialect [main] HHH000400: Using dialect: org.hibernate.dialect.PostgreSQLDialect
2023-05-15 12:52:46,490 INFO org.hibernate.engine.transaction.jta.platform.internal.JtaPlatformInitiator [main] HHH000490: Using JtaPlatform implementation: [org.hibernate.engine.transaction.jta.platform.internal.NoJtaPlatform]
2023-05-15 12:52:46,515 INFO org.springframework.orm.jpa.AbstractEntityManagerFactoryBean [main] Initialized JPA EntityManagerFactory for persistence unit 'default'
2023-05-15 12:52:48,169 WARN org.springframework.boot.autoconfigure.orm.jpa.JpaBaseConfiguration$JpaWebConfiguration [main] spring.jpa.open-in-view is enabled by default. Therefore, database queries may be performed during view rendering. Explicitly configure spring.jpa.open-in-view to disable this warning
2023-05-15 12:52:48,570 INFO org.springframework.boot.actuate.endpoint.web.EndpointLinksResolver [main] Exposing 1 endpoint(s) beneath base path '/actuator'
2023-05-15 12:52:48,695 INFO springfox.documentation.spring.web.PropertySourcedRequestMappingHandlerMapping [main] Mapped URL path [/v2/api-docs] onto method [springfox.documentation.swagger2.web.Swagger2Controller#getDocumentation(String, HttpServletRequest)]
2023-05-15 12:52:50,754 INFO org.apache.juli.logging.DirectJDKLog [main] Starting ProtocolHandler ["http-nio-8096"]
2023-05-15 12:52:50,847 INFO org.springframework.boot.web.embedded.tomcat.TomcatWebServer [main] Tomcat started on port(s): 8096 (http) with context path ''
2023-05-15 12:52:50,849 INFO springfox.documentation.spring.web.plugins.DocumentationPluginsBootstrapper [main] Context refreshed
2023-05-15 12:52:50,920 INFO springfox.documentation.spring.web.plugins.DocumentationPluginsBootstrapper [main] Found 1 custom documentation plugin(s)
2023-05-15 12:52:50,990 INFO springfox.documentation.spring.web.scanners.ApiListingReferenceScanner [main] Scanning for api listing references
2023-05-15 12:52:51,293 INFO springfox.documentation.spring.web.readers.operation.CachingOperationNameGenerator [main] Generating unique operation named: CreateUsingPOST_1
2023-05-15 12:52:51,305 INFO springfox.documentation.spring.web.readers.operation.CachingOperationNameGenerator [main] Generating unique operation named: GetListUsingGET_1
2023-05-15 12:52:51,315 INFO springfox.documentation.spring.web.readers.operation.CachingOperationNameGenerator [main] Generating unique operation named: UpdateUsingPUT_1
2023-05-15 12:52:51,320 INFO springfox.documentation.spring.web.readers.operation.CachingOperationNameGenerator [main] Generating unique operation named: deleteContactUsingDELETE_1
2023-05-15 12:52:51,335 INFO springfox.documentation.spring.web.readers.operation.CachingOperationNameGenerator [main] Generating unique operation named: CreateUsingPOST_2
2023-05-15 12:52:51,349 INFO springfox.documentation.spring.web.readers.operation.CachingOperationNameGenerator [main] Generating unique operation named: GetListUsingGET_2
2023-05-15 12:52:51,360 INFO springfox.documentation.spring.web.readers.operation.CachingOperationNameGenerator [main] Generating unique operation named: UpdateUsingPUT_2
2023-05-15 12:52:51,366 INFO springfox.documentation.spring.web.readers.operation.CachingOperationNameGenerator [main] Generating unique operation named: deleteContactUsingDELETE_2
2023-05-15 12:52:51,420 INFO org.springframework.boot.StartupInfoLogger [main] Started AcordApiApplication in 16.381 seconds (JVM running for 23.869)
2023-05-15 12:52:54,802 INFO org.apache.juli.logging.DirectJDKLog [RMI TCP Connection(1)-127.0.0.1] Initializing Spring DispatcherServlet 'dispatcherServlet'
2023-05-15 12:52:54,805 INFO org.springframework.web.servlet.FrameworkServlet [RMI TCP Connection(1)-127.0.0.1] Initializing Servlet 'dispatcherServlet'
2023-05-15 12:52:54,809 INFO org.springframework.web.servlet.FrameworkServlet [RMI TCP Connection(1)-127.0.0.1] Completed initialization in 4 ms
2023-05-15 12:53:46,767 WARN org.springframework.web.servlet.handler.AbstractHandlerExceptionResolver [http-nio-8096-exec-1] Resolved [org.springframework.http.converter.HttpMessageNotReadableException: JSON parse error: Unexpected character ('}' (code 125)): was expecting double-quote to start field name; nested exception is com.fasterxml.jackson.databind.JsonMappingException: Unexpected character ('}' (code 125)): was expecting double-quote to start field name
 at [Source: (PushbackInputStream); line: 53, column: 9] (through reference chain: com.AcordApi.Application.Policy.Request.CreatePolicyRequest["policyJson"])]
2023-05-15 12:54:47,121 WARN org.springframework.web.servlet.handler.AbstractHandlerExceptionResolver [http-nio-8096-exec-2] Resolved [org.springframework.http.converter.HttpMessageNotReadableException: JSON parse error: Unexpected character ('}' (code 125)): was expecting double-quote to start field name; nested exception is com.fasterxml.jackson.databind.JsonMappingException: Unexpected character ('}' (code 125)): was expecting double-quote to start field name
 at [Source: (PushbackInputStream); line: 53, column: 9] (through reference chain: com.AcordApi.Application.Policy.Request.CreatePolicyRequest["policyJson"])]
2023-05-15 12:56:21,051 INFO org.springframework.boot.StartupInfoLogger [main] Starting AcordApiApplication using Java 17.0.3 on DESKTOP-JML8PE9 with PID 18788 (C:\Users\HP\Downloads\AcordApi\target\classes started by HP in C:\Users\HP\Downloads\AcordApi)
2023-05-15 12:56:21,058 INFO org.springframework.boot.SpringApplication [main] No active profile set, falling back to default profiles: default
2023-05-15 12:56:24,051 INFO org.springframework.data.repository.config.RepositoryConfigurationDelegate [main] Bootstrapping Spring Data JPA repositories in DEFAULT mode.
2023-05-15 12:56:24,215 INFO org.springframework.data.repository.config.RepositoryConfigurationDelegate [main] Finished Spring Data repository scanning in 145 ms. Found 4 JPA repository interfaces.
2023-05-15 12:56:25,418 INFO org.springframework.boot.web.embedded.tomcat.TomcatWebServer [main] Tomcat initialized with port(s): 8096 (http)
2023-05-15 12:56:25,444 INFO org.apache.juli.logging.DirectJDKLog [main] Initializing ProtocolHandler ["http-nio-8096"]
2023-05-15 12:56:25,449 INFO org.apache.juli.logging.DirectJDKLog [main] Starting service [Tomcat]
2023-05-15 12:56:25,449 INFO org.apache.juli.logging.DirectJDKLog [main] Starting Servlet engine: [Apache Tomcat/9.0.52]
2023-05-15 12:56:25,759 INFO org.apache.juli.logging.DirectJDKLog [main] Initializing Spring embedded WebApplicationContext
2023-05-15 12:56:25,760 INFO org.springframework.boot.web.servlet.context.ServletWebServerApplicationContext [main] Root WebApplicationContext: initialization completed in 4605 ms
2023-05-15 12:56:26,291 INFO org.hibernate.jpa.internal.util.LogHelper [main] HHH000204: Processing PersistenceUnitInfo [name: default]
2023-05-15 12:56:26,428 INFO org.hibernate.Version [main] HHH000412: Hibernate ORM core version 5.4.32.Final
2023-05-15 12:56:26,805 INFO org.hibernate.annotations.common.reflection.java.JavaReflectionManager [main] HCANN000001: Hibernate Commons Annotations {5.1.2.Final}
2023-05-15 12:56:27,020 INFO com.zaxxer.hikari.HikariDataSource [main] HikariPool-1 - Starting...
2023-05-15 12:56:27,434 INFO com.zaxxer.hikari.HikariDataSource [main] HikariPool-1 - Start completed.
2023-05-15 12:56:27,485 INFO org.hibernate.dialect.Dialect [main] HHH000400: Using dialect: org.hibernate.dialect.PostgreSQLDialect
2023-05-15 12:56:29,514 INFO org.hibernate.engine.transaction.jta.platform.internal.JtaPlatformInitiator [main] HHH000490: Using JtaPlatform implementation: [org.hibernate.engine.transaction.jta.platform.internal.NoJtaPlatform]
2023-05-15 12:56:29,588 INFO org.springframework.orm.jpa.AbstractEntityManagerFactoryBean [main] Initialized JPA EntityManagerFactory for persistence unit 'default'
2023-05-15 12:56:31,529 WARN org.springframework.boot.autoconfigure.orm.jpa.JpaBaseConfiguration$JpaWebConfiguration [main] spring.jpa.open-in-view is enabled by default. Therefore, database queries may be performed during view rendering. Explicitly configure spring.jpa.open-in-view to disable this warning
2023-05-15 12:56:32,034 INFO org.springframework.boot.actuate.endpoint.web.EndpointLinksResolver [main] Exposing 1 endpoint(s) beneath base path '/actuator'
2023-05-15 12:56:32,174 INFO springfox.documentation.spring.web.PropertySourcedRequestMappingHandlerMapping [main] Mapped URL path [/v2/api-docs] onto method [springfox.documentation.swagger2.web.Swagger2Controller#getDocumentation(String, HttpServletRequest)]
2023-05-15 12:56:34,279 INFO org.apache.juli.logging.DirectJDKLog [main] Starting ProtocolHandler ["http-nio-8096"]
2023-05-15 12:56:34,351 INFO org.springframework.boot.web.embedded.tomcat.TomcatWebServer [main] Tomcat started on port(s): 8096 (http) with context path ''
2023-05-15 12:56:34,353 INFO springfox.documentation.spring.web.plugins.DocumentationPluginsBootstrapper [main] Context refreshed
2023-05-15 12:56:34,418 INFO springfox.documentation.spring.web.plugins.DocumentationPluginsBootstrapper [main] Found 1 custom documentation plugin(s)
2023-05-15 12:56:34,479 INFO springfox.documentation.spring.web.scanners.ApiListingReferenceScanner [main] Scanning for api listing references
2023-05-15 12:56:34,754 INFO springfox.documentation.spring.web.readers.operation.CachingOperationNameGenerator [main] Generating unique operation named: CreateUsingPOST_1
2023-05-15 12:56:34,773 INFO springfox.documentation.spring.web.readers.operation.CachingOperationNameGenerator [main] Generating unique operation named: GetListUsingGET_1
2023-05-15 12:56:34,784 INFO springfox.documentation.spring.web.readers.operation.CachingOperationNameGenerator [main] Generating unique operation named: UpdateUsingPUT_1
2023-05-15 12:56:34,789 INFO springfox.documentation.spring.web.readers.operation.CachingOperationNameGenerator [main] Generating unique operation named: deleteContactUsingDELETE_1
2023-05-15 12:56:34,808 INFO springfox.documentation.spring.web.readers.operation.CachingOperationNameGenerator [main] Generating unique operation named: CreateUsingPOST_2
2023-05-15 12:56:34,826 INFO springfox.documentation.spring.web.readers.operation.CachingOperationNameGenerator [main] Generating unique operation named: GetListUsingGET_2
2023-05-15 12:56:34,837 INFO springfox.documentation.spring.web.readers.operation.CachingOperationNameGenerator [main] Generating unique operation named: UpdateUsingPUT_2
2023-05-15 12:56:34,843 INFO springfox.documentation.spring.web.readers.operation.CachingOperationNameGenerator [main] Generating unique operation named: deleteContactUsingDELETE_2
2023-05-15 12:56:34,914 INFO org.springframework.boot.StartupInfoLogger [main] Started AcordApiApplication in 14.539 seconds (JVM running for 16.7)
2023-05-15 12:56:35,336 INFO org.apache.juli.logging.DirectJDKLog [RMI TCP Connection(1)-127.0.0.1] Initializing Spring DispatcherServlet 'dispatcherServlet'
2023-05-15 12:56:35,337 INFO org.springframework.web.servlet.FrameworkServlet [RMI TCP Connection(1)-127.0.0.1] Initializing Servlet 'dispatcherServlet'
2023-05-15 12:56:35,340 INFO org.springframework.web.servlet.FrameworkServlet [RMI TCP Connection(1)-127.0.0.1] Completed initialization in 2 ms
2023-05-15 12:57:28,437 INFO com.AcordApi.Infrastructure.Services.DomainEventService [http-nio-8096-exec-1] Publishing domain event. Event -[]
2023-05-15 12:57:28,442 INFO com.AcordApi.Application.Common.Model.DomainEventNotification [http-nio-8096-exec-1] DomainEventNotification in process
2023-05-15 12:57:48,827 INFO org.springframework.boot.admin.SpringApplicationAdminMXBeanRegistrar$SpringApplicationAdmin [RMI TCP Connection(7)-127.0.0.1] Application shutdown requested.
2023-05-15 12:57:48,996 INFO org.springframework.orm.jpa.AbstractEntityManagerFactoryBean [RMI TCP Connection(7)-127.0.0.1] Closing JPA EntityManagerFactory for persistence unit 'default'
2023-05-15 12:57:49,023 INFO com.zaxxer.hikari.HikariDataSource [RMI TCP Connection(7)-127.0.0.1] HikariPool-1 - Shutdown initiated...
2023-05-15 12:57:49,067 INFO com.zaxxer.hikari.HikariDataSource [RMI TCP Connection(7)-127.0.0.1] HikariPool-1 - Shutdown completed.
2023-05-15 12:57:56,481 INFO org.springframework.boot.StartupInfoLogger [main] Starting AcordApiApplication using Java 17.0.3 on DESKTOP-JML8PE9 with PID 17284 (C:\Users\HP\Downloads\AcordApi\target\classes started by HP in C:\Users\HP\Downloads\AcordApi)
2023-05-15 12:57:56,490 INFO org.springframework.boot.SpringApplication [main] No active profile set, falling back to default profiles: default
2023-05-15 12:57:58,704 INFO org.springframework.data.repository.config.RepositoryConfigurationDelegate [main] Bootstrapping Spring Data JPA repositories in DEFAULT mode.
2023-05-15 12:57:58,874 INFO org.springframework.data.repository.config.RepositoryConfigurationDelegate [main] Finished Spring Data repository scanning in 137 ms. Found 4 JPA repository interfaces.
2023-05-15 12:57:59,925 INFO org.springframework.boot.web.embedded.tomcat.TomcatWebServer [main] Tomcat initialized with port(s): 8096 (http)
2023-05-15 12:57:59,955 INFO org.apache.juli.logging.DirectJDKLog [main] Initializing ProtocolHandler ["http-nio-8096"]
2023-05-15 12:57:59,959 INFO org.apache.juli.logging.DirectJDKLog [main] Starting service [Tomcat]
2023-05-15 12:57:59,961 INFO org.apache.juli.logging.DirectJDKLog [main] Starting Servlet engine: [Apache Tomcat/9.0.52]
2023-05-15 12:58:00,186 INFO org.apache.juli.logging.DirectJDKLog [main] Initializing Spring embedded WebApplicationContext
2023-05-15 12:58:00,186 INFO org.springframework.boot.web.servlet.context.ServletWebServerApplicationContext [main] Root WebApplicationContext: initialization completed in 3546 ms
2023-05-15 12:58:00,633 INFO org.hibernate.jpa.internal.util.LogHelper [main] HHH000204: Processing PersistenceUnitInfo [name: default]
2023-05-15 12:58:00,798 INFO org.hibernate.Version [main] HHH000412: Hibernate ORM core version 5.4.32.Final
2023-05-15 12:58:01,176 INFO org.hibernate.annotations.common.reflection.java.JavaReflectionManager [main] HCANN000001: Hibernate Commons Annotations {5.1.2.Final}
2023-05-15 12:58:01,419 INFO com.zaxxer.hikari.HikariDataSource [main] HikariPool-1 - Starting...
2023-05-15 12:58:01,727 INFO com.zaxxer.hikari.HikariDataSource [main] HikariPool-1 - Start completed.
2023-05-15 12:58:01,779 INFO org.hibernate.dialect.Dialect [main] HHH000400: Using dialect: org.hibernate.dialect.PostgreSQLDialect
2023-05-15 12:58:03,499 INFO org.hibernate.engine.transaction.jta.platform.internal.JtaPlatformInitiator [main] HHH000490: Using JtaPlatform implementation: [org.hibernate.engine.transaction.jta.platform.internal.NoJtaPlatform]
2023-05-15 12:58:03,521 INFO org.springframework.orm.jpa.AbstractEntityManagerFactoryBean [main] Initialized JPA EntityManagerFactory for persistence unit 'default'
2023-05-15 12:58:04,874 WARN org.springframework.boot.autoconfigure.orm.jpa.JpaBaseConfiguration$JpaWebConfiguration [main] spring.jpa.open-in-view is enabled by default. Therefore, database queries may be performed during view rendering. Explicitly configure spring.jpa.open-in-view to disable this warning
2023-05-15 12:58:05,272 INFO org.springframework.boot.actuate.endpoint.web.EndpointLinksResolver [main] Exposing 1 endpoint(s) beneath base path '/actuator'
2023-05-15 12:58:05,419 INFO springfox.documentation.spring.web.PropertySourcedRequestMappingHandlerMapping [main] Mapped URL path [/v2/api-docs] onto method [springfox.documentation.swagger2.web.Swagger2Controller#getDocumentation(String, HttpServletRequest)]
2023-05-15 12:58:07,168 INFO org.apache.juli.logging.DirectJDKLog [main] Starting ProtocolHandler ["http-nio-8096"]
2023-05-15 12:58:07,240 INFO org.springframework.boot.web.embedded.tomcat.TomcatWebServer [main] Tomcat started on port(s): 8096 (http) with context path ''
2023-05-15 12:58:07,243 INFO springfox.documentation.spring.web.plugins.DocumentationPluginsBootstrapper [main] Context refreshed
2023-05-15 12:58:07,305 INFO springfox.documentation.spring.web.plugins.DocumentationPluginsBootstrapper [main] Found 1 custom documentation plugin(s)
2023-05-15 12:58:07,374 INFO springfox.documentation.spring.web.scanners.ApiListingReferenceScanner [main] Scanning for api listing references
2023-05-15 12:58:07,671 INFO springfox.documentation.spring.web.readers.operation.CachingOperationNameGenerator [main] Generating unique operation named: CreateUsingPOST_1
2023-05-15 12:58:07,684 INFO springfox.documentation.spring.web.readers.operation.CachingOperationNameGenerator [main] Generating unique operation named: GetListUsingGET_1
2023-05-15 12:58:07,695 INFO springfox.documentation.spring.web.readers.operation.CachingOperationNameGenerator [main] Generating unique operation named: UpdateUsingPUT_1
2023-05-15 12:58:07,700 INFO springfox.documentation.spring.web.readers.operation.CachingOperationNameGenerator [main] Generating unique operation named: deleteContactUsingDELETE_1
2023-05-15 12:58:07,716 INFO springfox.documentation.spring.web.readers.operation.CachingOperationNameGenerator [main] Generating unique operation named: CreateUsingPOST_2
2023-05-15 12:58:07,732 INFO springfox.documentation.spring.web.readers.operation.CachingOperationNameGenerator [main] Generating unique operation named: GetListUsingGET_2
2023-05-15 12:58:07,744 INFO springfox.documentation.spring.web.readers.operation.CachingOperationNameGenerator [main] Generating unique operation named: UpdateUsingPUT_2
2023-05-15 12:58:07,749 INFO springfox.documentation.spring.web.readers.operation.CachingOperationNameGenerator [main] Generating unique operation named: deleteContactUsingDELETE_2
2023-05-15 12:58:07,801 INFO org.springframework.boot.StartupInfoLogger [main] Started AcordApiApplication in 12.087 seconds (JVM running for 15.547)
2023-05-15 12:58:09,090 INFO org.apache.juli.logging.DirectJDKLog [RMI TCP Connection(3)-127.0.0.1] Initializing Spring DispatcherServlet 'dispatcherServlet'
2023-05-15 12:58:09,091 INFO org.springframework.web.servlet.FrameworkServlet [RMI TCP Connection(3)-127.0.0.1] Initializing Servlet 'dispatcherServlet'
2023-05-15 12:58:09,094 INFO org.springframework.web.servlet.FrameworkServlet [RMI TCP Connection(3)-127.0.0.1] Completed initialization in 3 ms
2023-05-15 13:00:09,998 INFO org.springframework.boot.admin.SpringApplicationAdminMXBeanRegistrar$SpringApplicationAdmin [RMI TCP Connection(6)-127.0.0.1] Application shutdown requested.
2023-05-15 13:00:09,999 INFO org.springframework.boot.admin.SpringApplicationAdminMXBeanRegistrar$SpringApplicationAdmin [RMI TCP Connection(9)-127.0.0.1] Application shutdown requested.
2023-05-15 13:00:20,906 INFO org.springframework.orm.jpa.AbstractEntityManagerFactoryBean [RMI TCP Connection(6)-127.0.0.1] Closing JPA EntityManagerFactory for persistence unit 'default'
2023-05-15 13:00:20,934 INFO com.zaxxer.hikari.HikariDataSource [RMI TCP Connection(6)-127.0.0.1] HikariPool-1 - Shutdown initiated...
2023-05-15 13:00:21,022 INFO com.zaxxer.hikari.HikariDataSource [RMI TCP Connection(6)-127.0.0.1] HikariPool-1 - Shutdown completed.
2023-05-15 13:37:53,986 INFO org.springframework.boot.StartupInfoLogger [main] Starting AcordApiApplication using Java 17.0.3 on DESKTOP-JML8PE9 with PID 9656 (C:\Users\HP\Downloads\AcordApi\target\classes started by HP in C:\Users\HP\Downloads\AcordApi)
2023-05-15 13:37:53,993 INFO org.springframework.boot.SpringApplication [main] No active profile set, falling back to default profiles: default
2023-05-15 13:37:56,653 INFO org.springframework.data.repository.config.RepositoryConfigurationDelegate [main] Bootstrapping Spring Data JPA repositories in DEFAULT mode.
2023-05-15 13:37:56,819 INFO org.springframework.data.repository.config.RepositoryConfigurationDelegate [main] Finished Spring Data repository scanning in 141 ms. Found 4 JPA repository interfaces.
2023-05-15 13:37:57,920 INFO org.springframework.boot.web.embedded.tomcat.TomcatWebServer [main] Tomcat initialized with port(s): 8096 (http)
2023-05-15 13:37:57,953 INFO org.apache.juli.logging.DirectJDKLog [main] Initializing ProtocolHandler ["http-nio-8096"]
2023-05-15 13:37:57,958 INFO org.apache.juli.logging.DirectJDKLog [main] Starting service [Tomcat]
2023-05-15 13:37:57,959 INFO org.apache.juli.logging.DirectJDKLog [main] Starting Servlet engine: [Apache Tomcat/9.0.52]
2023-05-15 13:37:58,143 INFO org.apache.juli.logging.DirectJDKLog [main] Initializing Spring embedded WebApplicationContext
2023-05-15 13:37:58,144 INFO org.springframework.boot.web.servlet.context.ServletWebServerApplicationContext [main] Root WebApplicationContext: initialization completed in 4046 ms
2023-05-15 13:37:58,645 INFO org.hibernate.jpa.internal.util.LogHelper [main] HHH000204: Processing PersistenceUnitInfo [name: default]
2023-05-15 13:37:58,788 INFO org.hibernate.Version [main] HHH000412: Hibernate ORM core version 5.4.32.Final
2023-05-15 13:37:59,120 INFO org.hibernate.annotations.common.reflection.java.JavaReflectionManager [main] HCANN000001: Hibernate Commons Annotations {5.1.2.Final}
2023-05-15 13:37:59,363 INFO com.zaxxer.hikari.HikariDataSource [main] HikariPool-1 - Starting...
2023-05-15 13:38:00,223 INFO com.zaxxer.hikari.HikariDataSource [main] HikariPool-1 - Start completed.
2023-05-15 13:38:00,277 INFO org.hibernate.dialect.Dialect [main] HHH000400: Using dialect: org.hibernate.dialect.PostgreSQLDialect
2023-05-15 13:38:02,862 INFO org.hibernate.engine.transaction.jta.platform.internal.JtaPlatformInitiator [main] HHH000490: Using JtaPlatform implementation: [org.hibernate.engine.transaction.jta.platform.internal.NoJtaPlatform]
2023-05-15 13:38:02,891 INFO org.springframework.orm.jpa.AbstractEntityManagerFactoryBean [main] Initialized JPA EntityManagerFactory for persistence unit 'default'
2023-05-15 13:38:04,203 WARN org.springframework.boot.autoconfigure.orm.jpa.JpaBaseConfiguration$JpaWebConfiguration [main] spring.jpa.open-in-view is enabled by default. Therefore, database queries may be performed during view rendering. Explicitly configure spring.jpa.open-in-view to disable this warning
2023-05-15 13:38:04,645 INFO org.springframework.boot.actuate.endpoint.web.EndpointLinksResolver [main] Exposing 1 endpoint(s) beneath base path '/actuator'
2023-05-15 13:38:04,810 INFO springfox.documentation.spring.web.PropertySourcedRequestMappingHandlerMapping [main] Mapped URL path [/v2/api-docs] onto method [springfox.documentation.swagger2.web.Swagger2Controller#getDocumentation(String, HttpServletRequest)]
2023-05-15 13:38:06,572 INFO org.apache.juli.logging.DirectJDKLog [main] Starting ProtocolHandler ["http-nio-8096"]
2023-05-15 13:38:06,687 INFO org.springframework.boot.web.embedded.tomcat.TomcatWebServer [main] Tomcat started on port(s): 8096 (http) with context path ''
2023-05-15 13:38:06,690 INFO springfox.documentation.spring.web.plugins.DocumentationPluginsBootstrapper [main] Context refreshed
2023-05-15 13:38:06,799 INFO springfox.documentation.spring.web.plugins.DocumentationPluginsBootstrapper [main] Found 1 custom documentation plugin(s)
2023-05-15 13:38:06,906 INFO springfox.documentation.spring.web.scanners.ApiListingReferenceScanner [main] Scanning for api listing references
2023-05-15 13:38:07,207 INFO springfox.documentation.spring.web.readers.operation.CachingOperationNameGenerator [main] Generating unique operation named: CreateUsingPOST_1
2023-05-15 13:38:07,222 INFO springfox.documentation.spring.web.readers.operation.CachingOperationNameGenerator [main] Generating unique operation named: GetListUsingGET_1
2023-05-15 13:38:07,232 INFO springfox.documentation.spring.web.readers.operation.CachingOperationNameGenerator [main] Generating unique operation named: UpdateUsingPUT_1
2023-05-15 13:38:07,238 INFO springfox.documentation.spring.web.readers.operation.CachingOperationNameGenerator [main] Generating unique operation named: deleteContactUsingDELETE_1
2023-05-15 13:38:07,252 INFO springfox.documentation.spring.web.readers.operation.CachingOperationNameGenerator [main] Generating unique operation named: CreateUsingPOST_2
2023-05-15 13:38:07,266 INFO springfox.documentation.spring.web.readers.operation.CachingOperationNameGenerator [main] Generating unique operation named: GetListUsingGET_2
2023-05-15 13:38:07,279 INFO springfox.documentation.spring.web.readers.operation.CachingOperationNameGenerator [main] Generating unique operation named: UpdateUsingPUT_2
2023-05-15 13:38:07,284 INFO springfox.documentation.spring.web.readers.operation.CachingOperationNameGenerator [main] Generating unique operation named: deleteContactUsingDELETE_2
2023-05-15 13:38:07,337 INFO org.springframework.boot.StartupInfoLogger [main] Started AcordApiApplication in 14.15 seconds (JVM running for 16.455)
2023-05-15 13:38:09,390 INFO org.apache.juli.logging.DirectJDKLog [RMI TCP Connection(3)-127.0.0.1] Initializing Spring DispatcherServlet 'dispatcherServlet'
2023-05-15 13:38:09,391 INFO org.springframework.web.servlet.FrameworkServlet [RMI TCP Connection(3)-127.0.0.1] Initializing Servlet 'dispatcherServlet'
2023-05-15 13:38:09,396 INFO org.springframework.web.servlet.FrameworkServlet [RMI TCP Connection(3)-127.0.0.1] Completed initialization in 3 ms
2023-05-15 13:38:23,144 INFO com.AcordApi.Infrastructure.Services.DomainEventService [http-nio-8096-exec-1] Publishing domain event. Event -[]
2023-05-15 13:38:23,148 INFO com.AcordApi.Application.Common.Model.DomainEventNotification [http-nio-8096-exec-1] DomainEventNotification in process
2023-05-15 13:38:54,320 INFO org.springframework.boot.admin.SpringApplicationAdminMXBeanRegistrar$SpringApplicationAdmin [RMI TCP Connection(5)-127.0.0.1] Application shutdown requested.
2023-05-15 13:38:54,883 INFO org.springframework.orm.jpa.AbstractEntityManagerFactoryBean [RMI TCP Connection(5)-127.0.0.1] Closing JPA EntityManagerFactory for persistence unit 'default'
2023-05-15 13:38:54,921 INFO com.zaxxer.hikari.HikariDataSource [RMI TCP Connection(5)-127.0.0.1] HikariPool-1 - Shutdown initiated...
2023-05-15 13:38:54,963 INFO com.zaxxer.hikari.HikariDataSource [RMI TCP Connection(5)-127.0.0.1] HikariPool-1 - Shutdown completed.
2023-05-15 13:47:05,481 INFO org.springframework.boot.StartupInfoLogger [main] Starting AcordApiApplication using Java 17.0.3 on DESKTOP-JML8PE9 with PID 22416 (C:\Users\HP\Downloads\AcordApi\target\classes started by HP in C:\Users\HP\Downloads\AcordApi)
2023-05-15 13:47:05,501 INFO org.springframework.boot.SpringApplication [main] No active profile set, falling back to default profiles: default
2023-05-15 13:47:11,092 INFO org.springframework.data.repository.config.RepositoryConfigurationDelegate [main] Bootstrapping Spring Data JPA repositories in DEFAULT mode.
2023-05-15 13:47:11,340 INFO org.springframework.data.repository.config.RepositoryConfigurationDelegate [main] Finished Spring Data repository scanning in 213 ms. Found 4 JPA repository interfaces.
2023-05-15 13:47:12,996 INFO org.springframework.boot.web.embedded.tomcat.TomcatWebServer [main] Tomcat initialized with port(s): 8096 (http)
2023-05-15 13:47:13,023 INFO org.apache.juli.logging.DirectJDKLog [main] Initializing ProtocolHandler ["http-nio-8096"]
2023-05-15 13:47:13,028 INFO org.apache.juli.logging.DirectJDKLog [main] Starting service [Tomcat]
2023-05-15 13:47:13,029 INFO org.apache.juli.logging.DirectJDKLog [main] Starting Servlet engine: [Apache Tomcat/9.0.52]
2023-05-15 13:47:13,289 INFO org.apache.juli.logging.DirectJDKLog [main] Initializing Spring embedded WebApplicationContext
2023-05-15 13:47:13,290 INFO org.springframework.boot.web.servlet.context.ServletWebServerApplicationContext [main] Root WebApplicationContext: initialization completed in 7609 ms
2023-05-15 13:47:14,048 INFO org.hibernate.jpa.internal.util.LogHelper [main] HHH000204: Processing PersistenceUnitInfo [name: default]
2023-05-15 13:47:14,237 INFO org.hibernate.Version [main] HHH000412: Hibernate ORM core version 5.4.32.Final
2023-05-15 13:47:14,721 INFO org.hibernate.annotations.common.reflection.java.JavaReflectionManager [main] HCANN000001: Hibernate Commons Annotations {5.1.2.Final}
2023-05-15 13:47:15,078 INFO com.zaxxer.hikari.HikariDataSource [main] HikariPool-1 - Starting...
2023-05-15 13:47:15,833 INFO com.zaxxer.hikari.HikariDataSource [main] HikariPool-1 - Start completed.
2023-05-15 13:47:15,893 INFO org.hibernate.dialect.Dialect [main] HHH000400: Using dialect: org.hibernate.dialect.PostgreSQLDialect
2023-05-15 13:47:18,361 INFO org.hibernate.engine.transaction.jta.platform.internal.JtaPlatformInitiator [main] HHH000490: Using JtaPlatform implementation: [org.hibernate.engine.transaction.jta.platform.internal.NoJtaPlatform]
2023-05-15 13:47:18,389 INFO org.springframework.orm.jpa.AbstractEntityManagerFactoryBean [main] Initialized JPA EntityManagerFactory for persistence unit 'default'
2023-05-15 13:48:57,686 INFO org.springframework.boot.StartupInfoLogger [main] Starting AcordApiApplication using Java 17.0.3 on DESKTOP-JML8PE9 with PID 19588 (C:\Users\HP\Downloads\AcordApi\target\classes started by HP in C:\Users\HP\Downloads\AcordApi)
2023-05-15 13:48:57,703 INFO org.springframework.boot.SpringApplication [main] No active profile set, falling back to default profiles: default
2023-05-15 13:49:04,476 INFO org.springframework.data.repository.config.RepositoryConfigurationDelegate [main] Bootstrapping Spring Data JPA repositories in DEFAULT mode.
2023-05-15 13:49:04,891 INFO org.springframework.data.repository.config.RepositoryConfigurationDelegate [main] Finished Spring Data repository scanning in 358 ms. Found 4 JPA repository interfaces.
2023-05-15 13:49:07,405 INFO org.springframework.boot.web.embedded.tomcat.TomcatWebServer [main] Tomcat initialized with port(s): 8096 (http)
2023-05-15 13:49:07,469 INFO org.apache.juli.logging.DirectJDKLog [main] Initializing ProtocolHandler ["http-nio-8096"]
2023-05-15 13:49:07,472 INFO org.apache.juli.logging.DirectJDKLog [main] Starting service [Tomcat]
2023-05-15 13:49:07,473 INFO org.apache.juli.logging.DirectJDKLog [main] Starting Servlet engine: [Apache Tomcat/9.0.52]
2023-05-15 13:49:07,953 INFO org.apache.juli.logging.DirectJDKLog [main] Initializing Spring embedded WebApplicationContext
2023-05-15 13:49:07,953 INFO org.springframework.boot.web.servlet.context.ServletWebServerApplicationContext [main] Root WebApplicationContext: initialization completed in 10037 ms
2023-05-15 13:49:09,117 INFO org.hibernate.jpa.internal.util.LogHelper [main] HHH000204: Processing PersistenceUnitInfo [name: default]
2023-05-15 13:49:09,380 INFO org.hibernate.Version [main] HHH000412: Hibernate ORM core version 5.4.32.Final
2023-05-15 13:49:09,972 INFO org.hibernate.annotations.common.reflection.java.JavaReflectionManager [main] HCANN000001: Hibernate Commons Annotations {5.1.2.Final}
2023-05-15 13:49:10,470 INFO com.zaxxer.hikari.HikariDataSource [main] HikariPool-1 - Starting...
2023-05-15 13:49:11,068 INFO com.zaxxer.hikari.HikariDataSource [main] HikariPool-1 - Start completed.
2023-05-15 13:49:11,162 INFO org.hibernate.dialect.Dialect [main] HHH000400: Using dialect: org.hibernate.dialect.PostgreSQLDialect
2023-05-15 13:49:13,966 INFO org.hibernate.engine.transaction.jta.platform.internal.JtaPlatformInitiator [main] HHH000490: Using JtaPlatform implementation: [org.hibernate.engine.transaction.jta.platform.internal.NoJtaPlatform]
2023-05-15 13:49:14,017 INFO org.springframework.orm.jpa.AbstractEntityManagerFactoryBean [main] Initialized JPA EntityManagerFactory for persistence unit 'default'
2023-05-15 13:51:24,702 INFO org.springframework.boot.StartupInfoLogger [main] Starting AcordApiApplication using Java 17.0.3 on DESKTOP-JML8PE9 with PID 14864 (C:\Users\HP\Downloads\AcordApi\target\classes started by HP in C:\Users\HP\Downloads\AcordApi)
2023-05-15 13:51:24,712 INFO org.springframework.boot.SpringApplication [main] No active profile set, falling back to default profiles: default
2023-05-15 13:51:28,641 INFO org.springframework.data.repository.config.RepositoryConfigurationDelegate [main] Bootstrapping Spring Data JPA repositories in DEFAULT mode.
2023-05-15 13:51:28,859 INFO org.springframework.data.repository.config.RepositoryConfigurationDelegate [main] Finished Spring Data repository scanning in 190 ms. Found 4 JPA repository interfaces.
2023-05-15 13:51:30,418 INFO org.springframework.boot.web.embedded.tomcat.TomcatWebServer [main] Tomcat initialized with port(s): 8096 (http)
2023-05-15 13:51:30,456 INFO org.apache.juli.logging.DirectJDKLog [main] Initializing ProtocolHandler ["http-nio-8096"]
2023-05-15 13:51:30,458 INFO org.apache.juli.logging.DirectJDKLog [main] Starting service [Tomcat]
2023-05-15 13:51:30,458 INFO org.apache.juli.logging.DirectJDKLog [main] Starting Servlet engine: [Apache Tomcat/9.0.52]
2023-05-15 13:51:30,700 INFO org.apache.juli.logging.DirectJDKLog [main] Initializing Spring embedded WebApplicationContext
2023-05-15 13:51:30,701 INFO org.springframework.boot.web.servlet.context.ServletWebServerApplicationContext [main] Root WebApplicationContext: initialization completed in 5862 ms
2023-05-15 13:51:31,387 INFO org.hibernate.jpa.internal.util.LogHelper [main] HHH000204: Processing PersistenceUnitInfo [name: default]
2023-05-15 13:51:31,596 INFO org.hibernate.Version [main] HHH000412: Hibernate ORM core version 5.4.32.Final
2023-05-15 13:51:32,126 INFO org.hibernate.annotations.common.reflection.java.JavaReflectionManager [main] HCANN000001: Hibernate Commons Annotations {5.1.2.Final}
2023-05-15 13:51:32,566 INFO com.zaxxer.hikari.HikariDataSource [main] HikariPool-1 - Starting...
2023-05-15 13:51:33,385 INFO com.zaxxer.hikari.HikariDataSource [main] HikariPool-1 - Start completed.
2023-05-15 13:51:33,452 INFO org.hibernate.dialect.Dialect [main] HHH000400: Using dialect: org.hibernate.dialect.PostgreSQLDialect
2023-05-15 13:51:36,005 INFO org.hibernate.engine.transaction.jta.platform.internal.JtaPlatformInitiator [main] HHH000490: Using JtaPlatform implementation: [org.hibernate.engine.transaction.jta.platform.internal.NoJtaPlatform]
2023-05-15 13:51:36,036 INFO org.springframework.orm.jpa.AbstractEntityManagerFactoryBean [main] Initialized JPA EntityManagerFactory for persistence unit 'default'
2023-05-15 13:51:38,321 WARN org.springframework.boot.autoconfigure.orm.jpa.JpaBaseConfiguration$JpaWebConfiguration [main] spring.jpa.open-in-view is enabled by default. Therefore, database queries may be performed during view rendering. Explicitly configure spring.jpa.open-in-view to disable this warning
2023-05-15 13:51:39,111 INFO org.springframework.boot.actuate.endpoint.web.EndpointLinksResolver [main] Exposing 1 endpoint(s) beneath base path '/actuator'
2023-05-15 13:51:39,347 INFO springfox.documentation.spring.web.PropertySourcedRequestMappingHandlerMapping [main] Mapped URL path [/v2/api-docs] onto method [springfox.documentation.swagger2.web.Swagger2Controller#getDocumentation(String, HttpServletRequest)]
2023-05-15 13:51:41,471 INFO org.apache.juli.logging.DirectJDKLog [main] Starting ProtocolHandler ["http-nio-8096"]
2023-05-15 13:51:41,542 INFO org.springframework.boot.web.embedded.tomcat.TomcatWebServer [main] Tomcat started on port(s): 8096 (http) with context path ''
2023-05-15 13:51:41,543 INFO springfox.documentation.spring.web.plugins.DocumentationPluginsBootstrapper [main] Context refreshed
2023-05-15 13:51:41,609 INFO springfox.documentation.spring.web.plugins.DocumentationPluginsBootstrapper [main] Found 1 custom documentation plugin(s)
2023-05-15 13:51:41,689 INFO springfox.documentation.spring.web.scanners.ApiListingReferenceScanner [main] Scanning for api listing references
2023-05-15 13:51:41,977 INFO springfox.documentation.spring.web.readers.operation.CachingOperationNameGenerator [main] Generating unique operation named: CreateUsingPOST_1
2023-05-15 13:51:41,993 INFO springfox.documentation.spring.web.readers.operation.CachingOperationNameGenerator [main] Generating unique operation named: GetListUsingGET_1
2023-05-15 13:51:42,005 INFO springfox.documentation.spring.web.readers.operation.CachingOperationNameGenerator [main] Generating unique operation named: UpdateUsingPUT_1
2023-05-15 13:51:42,011 INFO springfox.documentation.spring.web.readers.operation.CachingOperationNameGenerator [main] Generating unique operation named: deleteContactUsingDELETE_1
2023-05-15 13:51:42,029 INFO springfox.documentation.spring.web.readers.operation.CachingOperationNameGenerator [main] Generating unique operation named: CreateUsingPOST_2
2023-05-15 13:51:42,057 INFO springfox.documentation.spring.web.readers.operation.CachingOperationNameGenerator [main] Generating unique operation named: GetListUsingGET_2
2023-05-15 13:51:42,089 INFO springfox.documentation.spring.web.readers.operation.CachingOperationNameGenerator [main] Generating unique operation named: UpdateUsingPUT_2
2023-05-15 13:51:42,096 INFO springfox.documentation.spring.web.readers.operation.CachingOperationNameGenerator [main] Generating unique operation named: deleteContactUsingDELETE_2
2023-05-15 13:51:42,181 INFO org.springframework.boot.StartupInfoLogger [main] Started AcordApiApplication in 18.662 seconds (JVM running for 23.34)
2023-05-15 13:51:42,440 INFO org.apache.juli.logging.DirectJDKLog [RMI TCP Connection(3)-127.0.0.1] Initializing Spring DispatcherServlet 'dispatcherServlet'
2023-05-15 13:51:42,440 INFO org.springframework.web.servlet.FrameworkServlet [RMI TCP Connection(3)-127.0.0.1] Initializing Servlet 'dispatcherServlet'
2023-05-15 13:51:42,443 INFO org.springframework.web.servlet.FrameworkServlet [RMI TCP Connection(3)-127.0.0.1] Completed initialization in 2 ms
2023-05-15 13:52:52,762 INFO com.AcordApi.Infrastructure.Services.DomainEventService [http-nio-8096-exec-1] Publishing domain event. Event -[]
2023-05-15 13:52:52,812 INFO com.AcordApi.Application.Common.Model.DomainEventNotification [http-nio-8096-exec-1] DomainEventNotification in process
2023-05-15 14:08:00,555 INFO org.springframework.boot.StartupInfoLogger [main] Starting AcordApiApplication using Java 17.0.3 on DESKTOP-JML8PE9 with PID 2528 (C:\Users\HP\Downloads\AcordApi\target\classes started by HP in C:\Users\HP\Downloads\AcordApi)
2023-05-15 14:08:00,574 DEBUG org.springframework.boot.StartupInfoLogger [main] Running with Spring Boot v2.5.4, Spring v5.3.9
2023-05-15 14:08:00,575 INFO org.springframework.boot.SpringApplication [main] No active profile set, falling back to default profiles: default
2023-05-15 14:08:03,994 INFO org.springframework.data.repository.config.RepositoryConfigurationDelegate [main] Bootstrapping Spring Data JPA repositories in DEFAULT mode.
2023-05-15 14:08:04,209 INFO org.springframework.data.repository.config.RepositoryConfigurationDelegate [main] Finished Spring Data repository scanning in 185 ms. Found 4 JPA repository interfaces.
2023-05-15 14:08:05,530 INFO org.springframework.boot.web.embedded.tomcat.TomcatWebServer [main] Tomcat initialized with port(s): 8096 (http)
2023-05-15 14:08:05,560 INFO org.apache.juli.logging.DirectJDKLog [main] Initializing ProtocolHandler ["http-nio-8096"]
2023-05-15 14:08:05,562 INFO org.apache.juli.logging.DirectJDKLog [main] Starting service [Tomcat]
2023-05-15 14:08:05,564 INFO org.apache.juli.logging.DirectJDKLog [main] Starting Servlet engine: [Apache Tomcat/9.0.52]
2023-05-15 14:08:05,755 INFO org.apache.juli.logging.DirectJDKLog [main] Initializing Spring embedded WebApplicationContext
2023-05-15 14:08:05,756 INFO org.springframework.boot.web.servlet.context.ServletWebServerApplicationContext [main] Root WebApplicationContext: initialization completed in 5013 ms
2023-05-15 14:08:06,298 INFO org.hibernate.jpa.internal.util.LogHelper [main] HHH000204: Processing PersistenceUnitInfo [name: default]
2023-05-15 14:08:06,431 INFO org.hibernate.Version [main] HHH000412: Hibernate ORM core version 5.4.32.Final
2023-05-15 14:08:06,862 INFO org.hibernate.annotations.common.reflection.java.JavaReflectionManager [main] HCANN000001: Hibernate Commons Annotations {5.1.2.Final}
2023-05-15 14:08:07,132 INFO com.zaxxer.hikari.HikariDataSource [main] HikariPool-1 - Starting...
2023-05-15 14:08:07,578 INFO com.zaxxer.hikari.HikariDataSource [main] HikariPool-1 - Start completed.
2023-05-15 14:08:07,628 INFO org.hibernate.dialect.Dialect [main] HHH000400: Using dialect: org.hibernate.dialect.PostgreSQLDialect
2023-05-15 14:08:09,823 INFO org.hibernate.engine.transaction.jta.platform.internal.JtaPlatformInitiator [main] HHH000490: Using JtaPlatform implementation: [org.hibernate.engine.transaction.jta.platform.internal.NoJtaPlatform]
2023-05-15 14:08:09,850 INFO org.springframework.orm.jpa.AbstractEntityManagerFactoryBean [main] Initialized JPA EntityManagerFactory for persistence unit 'default'
2023-05-15 14:08:11,637 WARN org.springframework.boot.autoconfigure.orm.jpa.JpaBaseConfiguration$JpaWebConfiguration [main] spring.jpa.open-in-view is enabled by default. Therefore, database queries may be performed during view rendering. Explicitly configure spring.jpa.open-in-view to disable this warning
2023-05-15 14:08:12,190 INFO org.springframework.boot.actuate.endpoint.web.EndpointLinksResolver [main] Exposing 1 endpoint(s) beneath base path '/actuator'
2023-05-15 14:08:12,334 INFO springfox.documentation.spring.web.PropertySourcedRequestMappingHandlerMapping [main] Mapped URL path [/v2/api-docs] onto method [springfox.documentation.swagger2.web.Swagger2Controller#getDocumentation(String, HttpServletRequest)]
2023-05-15 14:08:14,558 INFO org.apache.juli.logging.DirectJDKLog [main] Starting ProtocolHandler ["http-nio-8096"]
2023-05-15 14:08:14,661 INFO org.springframework.boot.web.embedded.tomcat.TomcatWebServer [main] Tomcat started on port(s): 8096 (http) with context path ''
2023-05-15 14:08:14,664 INFO springfox.documentation.spring.web.plugins.DocumentationPluginsBootstrapper [main] Context refreshed
2023-05-15 14:08:14,741 INFO springfox.documentation.spring.web.plugins.DocumentationPluginsBootstrapper [main] Found 1 custom documentation plugin(s)
2023-05-15 14:08:14,811 INFO springfox.documentation.spring.web.scanners.ApiListingReferenceScanner [main] Scanning for api listing references
2023-05-15 14:08:15,085 INFO springfox.documentation.spring.web.readers.operation.CachingOperationNameGenerator [main] Generating unique operation named: CreateUsingPOST_1
2023-05-15 14:08:15,104 INFO springfox.documentation.spring.web.readers.operation.CachingOperationNameGenerator [main] Generating unique operation named: GetListUsingGET_1
2023-05-15 14:08:15,118 INFO springfox.documentation.spring.web.readers.operation.CachingOperationNameGenerator [main] Generating unique operation named: UpdateUsingPUT_1
2023-05-15 14:08:15,123 INFO springfox.documentation.spring.web.readers.operation.CachingOperationNameGenerator [main] Generating unique operation named: deleteContactUsingDELETE_1
2023-05-15 14:08:15,141 INFO springfox.documentation.spring.web.readers.operation.CachingOperationNameGenerator [main] Generating unique operation named: CreateUsingPOST_2
2023-05-15 14:08:15,156 INFO springfox.documentation.spring.web.readers.operation.CachingOperationNameGenerator [main] Generating unique operation named: GetListUsingGET_2
2023-05-15 14:08:15,169 INFO springfox.documentation.spring.web.readers.operation.CachingOperationNameGenerator [main] Generating unique operation named: UpdateUsingPUT_2
2023-05-15 14:08:15,173 INFO springfox.documentation.spring.web.readers.operation.CachingOperationNameGenerator [main] Generating unique operation named: deleteContactUsingDELETE_2
2023-05-15 14:08:15,224 INFO org.springframework.boot.StartupInfoLogger [main] Started AcordApiApplication in 15.96 seconds (JVM running for 20.046)
2023-05-15 14:08:17,422 INFO org.apache.juli.logging.DirectJDKLog [RMI TCP Connection(3)-127.0.0.1] Initializing Spring DispatcherServlet 'dispatcherServlet'
2023-05-15 14:08:17,423 INFO org.springframework.web.servlet.FrameworkServlet [RMI TCP Connection(3)-127.0.0.1] Initializing Servlet 'dispatcherServlet'
2023-05-15 14:08:17,429 INFO org.springframework.web.servlet.FrameworkServlet [RMI TCP Connection(3)-127.0.0.1] Completed initialization in 6 ms
2023-05-15 14:09:00,561 TRACE com.AcordApi.Infrastructure.DataAccess.PolicyDataAccess [http-nio-8096-exec-1] PolicyDataAccess.AddPolicy - In process
2023-05-15 14:09:14,307 INFO com.AcordApi.Infrastructure.Services.DomainEventService [http-nio-8096-exec-1] Publishing domain event. Event -[]
2023-05-15 14:09:14,358 INFO com.AcordApi.Application.Common.Model.DomainEventNotification [http-nio-8096-exec-1] DomainEventNotification in process
2023-05-15 14:53:56,759 INFO org.springframework.boot.StartupInfoLogger [main] Starting AcordApiApplication using Java 17.0.3 on DESKTOP-JML8PE9 with PID 1092 (C:\Users\HP\Downloads\AcordApi\target\classes started by HP in C:\Users\HP\Downloads\AcordApi)
2023-05-15 14:53:56,768 DEBUG org.springframework.boot.StartupInfoLogger [main] Running with Spring Boot v2.5.4, Spring v5.3.9
2023-05-15 14:53:56,770 INFO org.springframework.boot.SpringApplication [main] No active profile set, falling back to default profiles: default
2023-05-15 14:54:00,628 INFO org.springframework.data.repository.config.RepositoryConfigurationDelegate [main] Bootstrapping Spring Data JPA repositories in DEFAULT mode.
2023-05-15 14:54:00,847 INFO org.springframework.data.repository.config.RepositoryConfigurationDelegate [main] Finished Spring Data repository scanning in 178 ms. Found 4 JPA repository interfaces.
2023-05-15 14:54:02,238 INFO org.springframework.boot.web.embedded.tomcat.TomcatWebServer [main] Tomcat initialized with port(s): 8096 (http)
2023-05-15 14:54:02,263 INFO org.apache.juli.logging.DirectJDKLog [main] Initializing ProtocolHandler ["http-nio-8096"]
2023-05-15 14:54:02,265 INFO org.apache.juli.logging.DirectJDKLog [main] Starting service [Tomcat]
2023-05-15 14:54:02,265 INFO org.apache.juli.logging.DirectJDKLog [main] Starting Servlet engine: [Apache Tomcat/9.0.52]
2023-05-15 14:54:02,495 INFO org.apache.juli.logging.DirectJDKLog [main] Initializing Spring embedded WebApplicationContext
2023-05-15 14:54:02,496 INFO org.springframework.boot.web.servlet.context.ServletWebServerApplicationContext [main] Root WebApplicationContext: initialization completed in 5578 ms
2023-05-15 14:54:03,075 INFO org.hibernate.jpa.internal.util.LogHelper [main] HHH000204: Processing PersistenceUnitInfo [name: default]
2023-05-15 14:54:03,204 INFO org.hibernate.Version [main] HHH000412: Hibernate ORM core version 5.4.32.Final
2023-05-15 14:54:03,560 INFO org.hibernate.annotations.common.reflection.java.JavaReflectionManager [main] HCANN000001: Hibernate Commons Annotations {5.1.2.Final}
2023-05-15 14:54:03,938 INFO com.zaxxer.hikari.HikariDataSource [main] HikariPool-1 - Starting...
2023-05-15 14:54:04,706 INFO com.zaxxer.hikari.HikariDataSource [main] HikariPool-1 - Start completed.
2023-05-15 14:54:04,757 INFO org.hibernate.dialect.Dialect [main] HHH000400: Using dialect: org.hibernate.dialect.PostgreSQLDialect
2023-05-15 14:54:06,935 INFO org.hibernate.engine.transaction.jta.platform.internal.JtaPlatformInitiator [main] HHH000490: Using JtaPlatform implementation: [org.hibernate.engine.transaction.jta.platform.internal.NoJtaPlatform]
2023-05-15 14:54:06,955 INFO org.springframework.orm.jpa.AbstractEntityManagerFactoryBean [main] Initialized JPA EntityManagerFactory for persistence unit 'default'
2023-05-15 14:54:08,403 WARN org.springframework.boot.autoconfigure.orm.jpa.JpaBaseConfiguration$JpaWebConfiguration [main] spring.jpa.open-in-view is enabled by default. Therefore, database queries may be performed during view rendering. Explicitly configure spring.jpa.open-in-view to disable this warning
2023-05-15 14:54:08,954 INFO org.springframework.boot.actuate.endpoint.web.EndpointLinksResolver [main] Exposing 1 endpoint(s) beneath base path '/actuator'
2023-05-15 14:54:09,138 INFO springfox.documentation.spring.web.PropertySourcedRequestMappingHandlerMapping [main] Mapped URL path [/v2/api-docs] onto method [springfox.documentation.swagger2.web.Swagger2Controller#getDocumentation(String, HttpServletRequest)]
2023-05-15 14:54:11,361 INFO org.apache.juli.logging.DirectJDKLog [main] Starting ProtocolHandler ["http-nio-8096"]
2023-05-15 14:54:11,462 INFO org.springframework.boot.web.embedded.tomcat.TomcatWebServer [main] Tomcat started on port(s): 8096 (http) with context path ''
2023-05-15 14:54:11,470 INFO springfox.documentation.spring.web.plugins.DocumentationPluginsBootstrapper [main] Context refreshed
2023-05-15 14:54:11,572 INFO springfox.documentation.spring.web.plugins.DocumentationPluginsBootstrapper [main] Found 1 custom documentation plugin(s)
2023-05-15 14:54:11,635 INFO springfox.documentation.spring.web.scanners.ApiListingReferenceScanner [main] Scanning for api listing references
2023-05-15 14:54:11,906 INFO org.apache.juli.logging.DirectJDKLog [RMI TCP Connection(3)-127.0.0.1] Initializing Spring DispatcherServlet 'dispatcherServlet'
2023-05-15 14:54:11,907 INFO org.springframework.web.servlet.FrameworkServlet [RMI TCP Connection(3)-127.0.0.1] Initializing Servlet 'dispatcherServlet'
2023-05-15 14:54:11,912 INFO org.springframework.web.servlet.FrameworkServlet [RMI TCP Connection(3)-127.0.0.1] Completed initialization in 5 ms
2023-05-15 14:54:11,960 INFO springfox.documentation.spring.web.readers.operation.CachingOperationNameGenerator [main] Generating unique operation named: CreateUsingPOST_1
2023-05-15 14:54:11,978 INFO springfox.documentation.spring.web.readers.operation.CachingOperationNameGenerator [main] Generating unique operation named: GetListUsingGET_1
2023-05-15 14:54:11,994 INFO springfox.documentation.spring.web.readers.operation.CachingOperationNameGenerator [main] Generating unique operation named: UpdateUsingPUT_1
2023-05-15 14:54:12,004 INFO springfox.documentation.spring.web.readers.operation.CachingOperationNameGenerator [main] Generating unique operation named: deleteContactUsingDELETE_1
2023-05-15 14:54:12,045 INFO springfox.documentation.spring.web.readers.operation.CachingOperationNameGenerator [main] Generating unique operation named: CreateUsingPOST_2
2023-05-15 14:54:12,074 INFO springfox.documentation.spring.web.readers.operation.CachingOperationNameGenerator [main] Generating unique operation named: GetListUsingGET_2
2023-05-15 14:54:12,104 INFO springfox.documentation.spring.web.readers.operation.CachingOperationNameGenerator [main] Generating unique operation named: UpdateUsingPUT_2
2023-05-15 14:54:12,111 INFO springfox.documentation.spring.web.readers.operation.CachingOperationNameGenerator [main] Generating unique operation named: deleteContactUsingDELETE_2
2023-05-15 14:54:12,199 INFO org.springframework.boot.StartupInfoLogger [main] Started AcordApiApplication in 17.359 seconds (JVM running for 21.349)
2023-05-15 15:04:59,360 INFO org.springframework.boot.admin.SpringApplicationAdminMXBeanRegistrar$SpringApplicationAdmin [RMI TCP Connection(17)-127.0.0.1] Application shutdown requested.
2023-05-15 15:04:59,951 INFO org.springframework.orm.jpa.AbstractEntityManagerFactoryBean [RMI TCP Connection(17)-127.0.0.1] Closing JPA EntityManagerFactory for persistence unit 'default'
2023-05-15 15:05:00,066 INFO com.zaxxer.hikari.HikariDataSource [RMI TCP Connection(17)-127.0.0.1] HikariPool-1 - Shutdown initiated...
2023-05-15 15:05:00,225 INFO com.zaxxer.hikari.HikariDataSource [RMI TCP Connection(17)-127.0.0.1] HikariPool-1 - Shutdown completed.
2023-05-15 15:05:58,732 INFO org.springframework.boot.StartupInfoLogger [main] Starting AcordApiApplication using Java 17.0.3 on DESKTOP-JML8PE9 with PID 18816 (C:\Users\HP\Downloads\AcordApi\target\classes started by HP in C:\Users\HP\Downloads\AcordApi)
2023-05-15 15:05:58,742 DEBUG org.springframework.boot.StartupInfoLogger [main] Running with Spring Boot v2.5.4, Spring v5.3.9
2023-05-15 15:05:58,743 INFO org.springframework.boot.SpringApplication [main] No active profile set, falling back to default profiles: default
2023-05-15 15:06:01,401 INFO org.springframework.data.repository.config.RepositoryConfigurationDelegate [main] Bootstrapping Spring Data JPA repositories in DEFAULT mode.
2023-05-15 15:06:01,569 INFO org.springframework.data.repository.config.RepositoryConfigurationDelegate [main] Finished Spring Data repository scanning in 144 ms. Found 4 JPA repository interfaces.
2023-05-15 15:06:02,934 INFO org.springframework.boot.web.embedded.tomcat.TomcatWebServer [main] Tomcat initialized with port(s): 8096 (http)
2023-05-15 15:06:02,959 INFO org.apache.juli.logging.DirectJDKLog [main] Initializing ProtocolHandler ["http-nio-8096"]
2023-05-15 15:06:02,960 INFO org.apache.juli.logging.DirectJDKLog [main] Starting service [Tomcat]
2023-05-15 15:06:02,960 INFO org.apache.juli.logging.DirectJDKLog [main] Starting Servlet engine: [Apache Tomcat/9.0.52]
2023-05-15 15:06:03,138 INFO org.apache.juli.logging.DirectJDKLog [main] Initializing Spring embedded WebApplicationContext
2023-05-15 15:06:03,138 INFO org.springframework.boot.web.servlet.context.ServletWebServerApplicationContext [main] Root WebApplicationContext: initialization completed in 4287 ms
2023-05-15 15:06:03,701 INFO org.hibernate.jpa.internal.util.LogHelper [main] HHH000204: Processing PersistenceUnitInfo [name: default]
2023-05-15 15:06:03,860 INFO org.hibernate.Version [main] HHH000412: Hibernate ORM core version 5.4.32.Final
2023-05-15 15:06:04,185 INFO org.hibernate.annotations.common.reflection.java.JavaReflectionManager [main] HCANN000001: Hibernate Commons Annotations {5.1.2.Final}
2023-05-15 15:06:04,436 INFO com.zaxxer.hikari.HikariDataSource [main] HikariPool-1 - Starting...
2023-05-15 15:06:04,835 INFO com.zaxxer.hikari.HikariDataSource [main] HikariPool-1 - Start completed.
2023-05-15 15:06:04,887 INFO org.hibernate.dialect.Dialect [main] HHH000400: Using dialect: org.hibernate.dialect.PostgreSQLDialect
2023-05-15 15:06:06,733 INFO org.hibernate.engine.transaction.jta.platform.internal.JtaPlatformInitiator [main] HHH000490: Using JtaPlatform implementation: [org.hibernate.engine.transaction.jta.platform.internal.NoJtaPlatform]
2023-05-15 15:06:06,757 INFO org.springframework.orm.jpa.AbstractEntityManagerFactoryBean [main] Initialized JPA EntityManagerFactory for persistence unit 'default'
2023-05-15 15:06:08,337 WARN org.springframework.boot.autoconfigure.orm.jpa.JpaBaseConfiguration$JpaWebConfiguration [main] spring.jpa.open-in-view is enabled by default. Therefore, database queries may be performed during view rendering. Explicitly configure spring.jpa.open-in-view to disable this warning
2023-05-15 15:06:08,761 INFO org.springframework.boot.actuate.endpoint.web.EndpointLinksResolver [main] Exposing 1 endpoint(s) beneath base path '/actuator'
2023-05-15 15:06:08,911 INFO springfox.documentation.spring.web.PropertySourcedRequestMappingHandlerMapping [main] Mapped URL path [/v2/api-docs] onto method [springfox.documentation.swagger2.web.Swagger2Controller#getDocumentation(String, HttpServletRequest)]
2023-05-15 15:06:11,108 INFO org.apache.juli.logging.DirectJDKLog [main] Starting ProtocolHandler ["http-nio-8096"]
2023-05-15 15:06:11,195 INFO org.springframework.boot.web.embedded.tomcat.TomcatWebServer [main] Tomcat started on port(s): 8096 (http) with context path ''
2023-05-15 15:06:11,198 INFO springfox.documentation.spring.web.plugins.DocumentationPluginsBootstrapper [main] Context refreshed
2023-05-15 15:06:11,290 INFO springfox.documentation.spring.web.plugins.DocumentationPluginsBootstrapper [main] Found 1 custom documentation plugin(s)
2023-05-15 15:06:11,351 INFO springfox.documentation.spring.web.scanners.ApiListingReferenceScanner [main] Scanning for api listing references
2023-05-15 15:06:11,587 INFO springfox.documentation.spring.web.readers.operation.CachingOperationNameGenerator [main] Generating unique operation named: CreateUsingPOST_1
2023-05-15 15:06:11,603 INFO springfox.documentation.spring.web.readers.operation.CachingOperationNameGenerator [main] Generating unique operation named: GetListUsingGET_1
2023-05-15 15:06:11,612 INFO springfox.documentation.spring.web.readers.operation.CachingOperationNameGenerator [main] Generating unique operation named: UpdateUsingPUT_1
2023-05-15 15:06:11,618 INFO springfox.documentation.spring.web.readers.operation.CachingOperationNameGenerator [main] Generating unique operation named: deleteContactUsingDELETE_1
2023-05-15 15:06:11,634 INFO springfox.documentation.spring.web.readers.operation.CachingOperationNameGenerator [main] Generating unique operation named: CreateUsingPOST_2
2023-05-15 15:06:11,651 INFO springfox.documentation.spring.web.readers.operation.CachingOperationNameGenerator [main] Generating unique operation named: GetListUsingGET_2
2023-05-15 15:06:11,660 INFO springfox.documentation.spring.web.readers.operation.CachingOperationNameGenerator [main] Generating unique operation named: UpdateUsingPUT_2
2023-05-15 15:06:11,665 INFO springfox.documentation.spring.web.readers.operation.CachingOperationNameGenerator [main] Generating unique operation named: deleteContactUsingDELETE_2
2023-05-15 15:06:11,718 INFO org.springframework.boot.StartupInfoLogger [main] Started AcordApiApplication in 13.797 seconds (JVM running for 16.675)
2023-05-15 15:06:12,682 INFO org.apache.juli.logging.DirectJDKLog [RMI TCP Connection(1)-127.0.0.1] Initializing Spring DispatcherServlet 'dispatcherServlet'
2023-05-15 15:06:12,683 INFO org.springframework.web.servlet.FrameworkServlet [RMI TCP Connection(1)-127.0.0.1] Initializing Servlet 'dispatcherServlet'
2023-05-15 15:06:12,686 INFO org.springframework.web.servlet.FrameworkServlet [RMI TCP Connection(1)-127.0.0.1] Completed initialization in 3 ms
2023-05-15 15:10:50,763 INFO org.springframework.boot.StartupInfoLogger [main] Starting AcordApiApplication using Java 17.0.3 on DESKTOP-JML8PE9 with PID 9960 (C:\Users\HP\Downloads\AcordApi\target\classes started by HP in C:\Users\HP\Downloads\AcordApi)
2023-05-15 15:10:50,771 DEBUG org.springframework.boot.StartupInfoLogger [main] Running with Spring Boot v2.5.4, Spring v5.3.9
2023-05-15 15:10:50,772 INFO org.springframework.boot.SpringApplication [main] No active profile set, falling back to default profiles: default
2023-05-15 15:10:54,416 INFO org.springframework.data.repository.config.RepositoryConfigurationDelegate [main] Bootstrapping Spring Data JPA repositories in DEFAULT mode.
2023-05-15 15:10:54,595 INFO org.springframework.data.repository.config.RepositoryConfigurationDelegate [main] Finished Spring Data repository scanning in 159 ms. Found 4 JPA repository interfaces.
2023-05-15 15:10:56,159 INFO org.springframework.boot.web.embedded.tomcat.TomcatWebServer [main] Tomcat initialized with port(s): 8096 (http)
2023-05-15 15:10:56,186 INFO org.apache.juli.logging.DirectJDKLog [main] Initializing ProtocolHandler ["http-nio-8096"]
2023-05-15 15:10:56,187 INFO org.apache.juli.logging.DirectJDKLog [main] Starting service [Tomcat]
2023-05-15 15:10:56,188 INFO org.apache.juli.logging.DirectJDKLog [main] Starting Servlet engine: [Apache Tomcat/9.0.52]
2023-05-15 15:10:56,447 INFO org.apache.juli.logging.DirectJDKLog [main] Initializing Spring embedded WebApplicationContext
2023-05-15 15:10:56,448 INFO org.springframework.boot.web.servlet.context.ServletWebServerApplicationContext [main] Root WebApplicationContext: initialization completed in 5560 ms
2023-05-15 15:10:57,036 INFO org.hibernate.jpa.internal.util.LogHelper [main] HHH000204: Processing PersistenceUnitInfo [name: default]
2023-05-15 15:10:57,361 INFO org.hibernate.Version [main] HHH000412: Hibernate ORM core version 5.4.32.Final
2023-05-15 15:10:57,740 INFO org.hibernate.annotations.common.reflection.java.JavaReflectionManager [main] HCANN000001: Hibernate Commons Annotations {5.1.2.Final}
2023-05-15 15:10:57,995 INFO com.zaxxer.hikari.HikariDataSource [main] HikariPool-1 - Starting...
2023-05-15 15:10:58,674 INFO com.zaxxer.hikari.HikariDataSource [main] HikariPool-1 - Start completed.
2023-05-15 15:10:58,730 INFO org.hibernate.dialect.Dialect [main] HHH000400: Using dialect: org.hibernate.dialect.PostgreSQLDialect
2023-05-15 15:11:01,476 INFO org.hibernate.engine.transaction.jta.platform.internal.JtaPlatformInitiator [main] HHH000490: Using JtaPlatform implementation: [org.hibernate.engine.transaction.jta.platform.internal.NoJtaPlatform]
2023-05-15 15:11:01,500 INFO org.springframework.orm.jpa.AbstractEntityManagerFactoryBean [main] Initialized JPA EntityManagerFactory for persistence unit 'default'
2023-05-15 15:11:03,167 WARN org.springframework.boot.autoconfigure.orm.jpa.JpaBaseConfiguration$JpaWebConfiguration [main] spring.jpa.open-in-view is enabled by default. Therefore, database queries may be performed during view rendering. Explicitly configure spring.jpa.open-in-view to disable this warning
2023-05-15 15:11:03,642 INFO org.springframework.boot.actuate.endpoint.web.EndpointLinksResolver [main] Exposing 1 endpoint(s) beneath base path '/actuator'
2023-05-15 15:11:03,906 INFO springfox.documentation.spring.web.PropertySourcedRequestMappingHandlerMapping [main] Mapped URL path [/v2/api-docs] onto method [springfox.documentation.swagger2.web.Swagger2Controller#getDocumentation(String, HttpServletRequest)]
2023-05-15 15:11:06,160 INFO org.apache.juli.logging.DirectJDKLog [main] Starting ProtocolHandler ["http-nio-8096"]
2023-05-15 15:11:06,238 INFO org.springframework.boot.web.embedded.tomcat.TomcatWebServer [main] Tomcat started on port(s): 8096 (http) with context path ''
2023-05-15 15:11:06,240 INFO springfox.documentation.spring.web.plugins.DocumentationPluginsBootstrapper [main] Context refreshed
2023-05-15 15:11:06,298 INFO springfox.documentation.spring.web.plugins.DocumentationPluginsBootstrapper [main] Found 1 custom documentation plugin(s)
2023-05-15 15:11:06,362 INFO springfox.documentation.spring.web.scanners.ApiListingReferenceScanner [main] Scanning for api listing references
2023-05-15 15:11:06,613 INFO springfox.documentation.spring.web.readers.operation.CachingOperationNameGenerator [main] Generating unique operation named: CreateUsingPOST_1
2023-05-15 15:11:06,633 INFO springfox.documentation.spring.web.readers.operation.CachingOperationNameGenerator [main] Generating unique operation named: GetListUsingGET_1
2023-05-15 15:11:06,643 INFO springfox.documentation.spring.web.readers.operation.CachingOperationNameGenerator [main] Generating unique operation named: UpdateUsingPUT_1
2023-05-15 15:11:06,650 INFO springfox.documentation.spring.web.readers.operation.CachingOperationNameGenerator [main] Generating unique operation named: deleteContactUsingDELETE_1
2023-05-15 15:11:06,664 INFO springfox.documentation.spring.web.readers.operation.CachingOperationNameGenerator [main] Generating unique operation named: CreateUsingPOST_2
2023-05-15 15:11:06,684 INFO springfox.documentation.spring.web.readers.operation.CachingOperationNameGenerator [main] Generating unique operation named: GetListUsingGET_2
2023-05-15 15:11:06,696 INFO springfox.documentation.spring.web.readers.operation.CachingOperationNameGenerator [main] Generating unique operation named: UpdateUsingPUT_2
2023-05-15 15:11:06,703 INFO springfox.documentation.spring.web.readers.operation.CachingOperationNameGenerator [main] Generating unique operation named: deleteContactUsingDELETE_2
2023-05-15 15:11:06,821 INFO org.springframework.boot.StartupInfoLogger [main] Started AcordApiApplication in 16.953 seconds (JVM running for 19.889)
2023-05-15 15:11:08,503 INFO org.apache.juli.logging.DirectJDKLog [RMI TCP Connection(3)-127.0.0.1] Initializing Spring DispatcherServlet 'dispatcherServlet'
2023-05-15 15:11:08,504 INFO org.springframework.web.servlet.FrameworkServlet [RMI TCP Connection(3)-127.0.0.1] Initializing Servlet 'dispatcherServlet'
2023-05-15 15:11:08,508 INFO org.springframework.web.servlet.FrameworkServlet [RMI TCP Connection(3)-127.0.0.1] Completed initialization in 3 ms
2023-05-15 15:12:59,380 INFO org.springframework.boot.StartupInfoLogger [main] Starting AcordApiApplication using Java 17.0.3 on DESKTOP-JML8PE9 with PID 10128 (C:\Users\HP\Downloads\AcordApi\target\classes started by HP in C:\Users\HP\Downloads\AcordApi)
2023-05-15 15:12:59,390 DEBUG org.springframework.boot.StartupInfoLogger [main] Running with Spring Boot v2.5.4, Spring v5.3.9
2023-05-15 15:12:59,391 INFO org.springframework.boot.SpringApplication [main] No active profile set, falling back to default profiles: default
2023-05-15 15:13:02,665 INFO org.springframework.data.repository.config.RepositoryConfigurationDelegate [main] Bootstrapping Spring Data JPA repositories in DEFAULT mode.
2023-05-15 15:13:02,830 INFO org.springframework.data.repository.config.RepositoryConfigurationDelegate [main] Finished Spring Data repository scanning in 142 ms. Found 4 JPA repository interfaces.
2023-05-15 15:13:04,170 INFO org.springframework.boot.web.embedded.tomcat.TomcatWebServer [main] Tomcat initialized with port(s): 8096 (http)
2023-05-15 15:13:04,196 INFO org.apache.juli.logging.DirectJDKLog [main] Initializing ProtocolHandler ["http-nio-8096"]
2023-05-15 15:13:04,198 INFO org.apache.juli.logging.DirectJDKLog [main] Starting service [Tomcat]
2023-05-15 15:13:04,198 INFO org.apache.juli.logging.DirectJDKLog [main] Starting Servlet engine: [Apache Tomcat/9.0.52]
2023-05-15 15:13:04,413 INFO org.apache.juli.logging.DirectJDKLog [main] Initializing Spring embedded WebApplicationContext
2023-05-15 15:13:04,413 INFO org.springframework.boot.web.servlet.context.ServletWebServerApplicationContext [main] Root WebApplicationContext: initialization completed in 4899 ms
2023-05-15 15:13:04,928 INFO org.hibernate.jpa.internal.util.LogHelper [main] HHH000204: Processing PersistenceUnitInfo [name: default]
2023-05-15 15:13:05,144 INFO org.hibernate.Version [main] HHH000412: Hibernate ORM core version 5.4.32.Final
2023-05-15 15:13:05,488 INFO org.hibernate.annotations.common.reflection.java.JavaReflectionManager [main] HCANN000001: Hibernate Commons Annotations {5.1.2.Final}
2023-05-15 15:13:05,725 INFO com.zaxxer.hikari.HikariDataSource [main] HikariPool-1 - Starting...
2023-05-15 15:13:06,442 INFO com.zaxxer.hikari.HikariDataSource [main] HikariPool-1 - Start completed.
2023-05-15 15:13:06,509 INFO org.hibernate.dialect.Dialect [main] HHH000400: Using dialect: org.hibernate.dialect.PostgreSQLDialect
2023-05-15 15:13:08,658 INFO org.hibernate.engine.transaction.jta.platform.internal.JtaPlatformInitiator [main] HHH000490: Using JtaPlatform implementation: [org.hibernate.engine.transaction.jta.platform.internal.NoJtaPlatform]
2023-05-15 15:13:08,680 INFO org.springframework.orm.jpa.AbstractEntityManagerFactoryBean [main] Initialized JPA EntityManagerFactory for persistence unit 'default'
2023-05-15 15:13:10,377 WARN org.springframework.boot.autoconfigure.orm.jpa.JpaBaseConfiguration$JpaWebConfiguration [main] spring.jpa.open-in-view is enabled by default. Therefore, database queries may be performed during view rendering. Explicitly configure spring.jpa.open-in-view to disable this warning
2023-05-15 15:13:10,788 INFO org.springframework.boot.actuate.endpoint.web.EndpointLinksResolver [main] Exposing 1 endpoint(s) beneath base path '/actuator'
2023-05-15 15:13:10,955 INFO springfox.documentation.spring.web.PropertySourcedRequestMappingHandlerMapping [main] Mapped URL path [/v2/api-docs] onto method [springfox.documentation.swagger2.web.Swagger2Controller#getDocumentation(String, HttpServletRequest)]
2023-05-15 15:13:13,233 INFO org.apache.juli.logging.DirectJDKLog [main] Starting ProtocolHandler ["http-nio-8096"]
2023-05-15 15:13:13,338 INFO org.springframework.boot.web.embedded.tomcat.TomcatWebServer [main] Tomcat started on port(s): 8096 (http) with context path ''
2023-05-15 15:13:13,340 INFO springfox.documentation.spring.web.plugins.DocumentationPluginsBootstrapper [main] Context refreshed
2023-05-15 15:13:13,399 INFO springfox.documentation.spring.web.plugins.DocumentationPluginsBootstrapper [main] Found 1 custom documentation plugin(s)
2023-05-15 15:13:13,452 INFO springfox.documentation.spring.web.scanners.ApiListingReferenceScanner [main] Scanning for api listing references
2023-05-15 15:13:13,688 INFO springfox.documentation.spring.web.readers.operation.CachingOperationNameGenerator [main] Generating unique operation named: CreateUsingPOST_1
2023-05-15 15:13:13,702 INFO springfox.documentation.spring.web.readers.operation.CachingOperationNameGenerator [main] Generating unique operation named: GetListUsingGET_1
2023-05-15 15:13:13,712 INFO springfox.documentation.spring.web.readers.operation.CachingOperationNameGenerator [main] Generating unique operation named: UpdateUsingPUT_1
2023-05-15 15:13:13,722 INFO springfox.documentation.spring.web.readers.operation.CachingOperationNameGenerator [main] Generating unique operation named: deleteContactUsingDELETE_1
2023-05-15 15:13:13,741 INFO springfox.documentation.spring.web.readers.operation.CachingOperationNameGenerator [main] Generating unique operation named: CreateUsingPOST_2
2023-05-15 15:13:13,764 INFO springfox.documentation.spring.web.readers.operation.CachingOperationNameGenerator [main] Generating unique operation named: GetListUsingGET_2
2023-05-15 15:13:13,804 INFO springfox.documentation.spring.web.readers.operation.CachingOperationNameGenerator [main] Generating unique operation named: UpdateUsingPUT_2
2023-05-15 15:13:13,813 INFO springfox.documentation.spring.web.readers.operation.CachingOperationNameGenerator [main] Generating unique operation named: deleteContactUsingDELETE_2
2023-05-15 15:13:13,867 INFO org.springframework.boot.StartupInfoLogger [main] Started AcordApiApplication in 15.494 seconds (JVM running for 18.519)
2023-05-15 15:13:14,512 INFO org.apache.juli.logging.DirectJDKLog [RMI TCP Connection(3)-127.0.0.1] Initializing Spring DispatcherServlet 'dispatcherServlet'
2023-05-15 15:13:14,513 INFO org.springframework.web.servlet.FrameworkServlet [RMI TCP Connection(3)-127.0.0.1] Initializing Servlet 'dispatcherServlet'
2023-05-15 15:13:14,517 INFO org.springframework.web.servlet.FrameworkServlet [RMI TCP Connection(3)-127.0.0.1] Completed initialization in 2 ms
2023-05-15 15:13:23,182 WARN org.springframework.web.servlet.handler.AbstractHandlerExceptionResolver [http-nio-8096-exec-1] Resolved [org.springframework.http.converter.HttpMessageNotReadableException: Required request body is missing: public org.springframework.http.ResponseEntity<?> com.AcordApi.API.Controller.QuoteController.deleteContact(java.util.UUID)]
2023-05-15 15:15:19,053 INFO org.springframework.boot.StartupInfoLogger [main] Starting AcordApiApplication using Java 17.0.3 on DESKTOP-JML8PE9 with PID 7584 (C:\Users\HP\Downloads\AcordApi\target\classes started by HP in C:\Users\HP\Downloads\AcordApi)
2023-05-15 15:15:19,063 DEBUG org.springframework.boot.StartupInfoLogger [main] Running with Spring Boot v2.5.4, Spring v5.3.9
2023-05-15 15:15:19,063 INFO org.springframework.boot.SpringApplication [main] No active profile set, falling back to default profiles: default
2023-05-15 15:15:21,847 INFO org.springframework.data.repository.config.RepositoryConfigurationDelegate [main] Bootstrapping Spring Data JPA repositories in DEFAULT mode.
2023-05-15 15:15:22,055 INFO org.springframework.data.repository.config.RepositoryConfigurationDelegate [main] Finished Spring Data repository scanning in 164 ms. Found 4 JPA repository interfaces.
2023-05-15 15:15:23,579 INFO org.springframework.boot.web.embedded.tomcat.TomcatWebServer [main] Tomcat initialized with port(s): 8096 (http)
2023-05-15 15:15:23,605 INFO org.apache.juli.logging.DirectJDKLog [main] Initializing ProtocolHandler ["http-nio-8096"]
2023-05-15 15:15:23,614 INFO org.apache.juli.logging.DirectJDKLog [main] Starting service [Tomcat]
2023-05-15 15:15:23,619 INFO org.apache.juli.logging.DirectJDKLog [main] Starting Servlet engine: [Apache Tomcat/9.0.52]
2023-05-15 15:15:23,831 INFO org.apache.juli.logging.DirectJDKLog [main] Initializing Spring embedded WebApplicationContext
2023-05-15 15:15:23,831 INFO org.springframework.boot.web.servlet.context.ServletWebServerApplicationContext [main] Root WebApplicationContext: initialization completed in 4657 ms
2023-05-15 15:15:24,495 INFO org.hibernate.jpa.internal.util.LogHelper [main] HHH000204: Processing PersistenceUnitInfo [name: default]
2023-05-15 15:15:24,625 INFO org.hibernate.Version [main] HHH000412: Hibernate ORM core version 5.4.32.Final
2023-05-15 15:15:25,020 INFO org.hibernate.annotations.common.reflection.java.JavaReflectionManager [main] HCANN000001: Hibernate Commons Annotations {5.1.2.Final}
2023-05-15 15:15:25,269 INFO com.zaxxer.hikari.HikariDataSource [main] HikariPool-1 - Starting...
2023-05-15 15:15:25,988 INFO com.zaxxer.hikari.HikariDataSource [main] HikariPool-1 - Start completed.
2023-05-15 15:15:26,036 INFO org.hibernate.dialect.Dialect [main] HHH000400: Using dialect: org.hibernate.dialect.PostgreSQLDialect
2023-05-15 15:15:28,047 INFO org.hibernate.engine.transaction.jta.platform.internal.JtaPlatformInitiator [main] HHH000490: Using JtaPlatform implementation: [org.hibernate.engine.transaction.jta.platform.internal.NoJtaPlatform]
2023-05-15 15:15:28,069 INFO org.springframework.orm.jpa.AbstractEntityManagerFactoryBean [main] Initialized JPA EntityManagerFactory for persistence unit 'default'
2023-05-15 15:15:29,503 WARN org.springframework.boot.autoconfigure.orm.jpa.JpaBaseConfiguration$JpaWebConfiguration [main] spring.jpa.open-in-view is enabled by default. Therefore, database queries may be performed during view rendering. Explicitly configure spring.jpa.open-in-view to disable this warning
2023-05-15 15:15:29,955 INFO org.springframework.boot.actuate.endpoint.web.EndpointLinksResolver [main] Exposing 1 endpoint(s) beneath base path '/actuator'
2023-05-15 15:15:30,084 INFO springfox.documentation.spring.web.PropertySourcedRequestMappingHandlerMapping [main] Mapped URL path [/v2/api-docs] onto method [springfox.documentation.swagger2.web.Swagger2Controller#getDocumentation(String, HttpServletRequest)]
2023-05-15 15:15:31,962 INFO org.apache.juli.logging.DirectJDKLog [main] Starting ProtocolHandler ["http-nio-8096"]
2023-05-15 15:15:32,020 INFO org.springframework.boot.web.embedded.tomcat.TomcatWebServer [main] Tomcat started on port(s): 8096 (http) with context path ''
2023-05-15 15:15:32,023 INFO springfox.documentation.spring.web.plugins.DocumentationPluginsBootstrapper [main] Context refreshed
2023-05-15 15:15:32,087 INFO springfox.documentation.spring.web.plugins.DocumentationPluginsBootstrapper [main] Found 1 custom documentation plugin(s)
2023-05-15 15:15:32,149 INFO springfox.documentation.spring.web.scanners.ApiListingReferenceScanner [main] Scanning for api listing references
2023-05-15 15:15:32,377 INFO springfox.documentation.spring.web.readers.operation.CachingOperationNameGenerator [main] Generating unique operation named: CreateUsingPOST_1
2023-05-15 15:15:32,392 INFO springfox.documentation.spring.web.readers.operation.CachingOperationNameGenerator [main] Generating unique operation named: GetListUsingGET_1
2023-05-15 15:15:32,401 INFO springfox.documentation.spring.web.readers.operation.CachingOperationNameGenerator [main] Generating unique operation named: UpdateUsingPUT_1
2023-05-15 15:15:32,407 INFO springfox.documentation.spring.web.readers.operation.CachingOperationNameGenerator [main] Generating unique operation named: deleteContactUsingDELETE_1
2023-05-15 15:15:32,421 INFO springfox.documentation.spring.web.readers.operation.CachingOperationNameGenerator [main] Generating unique operation named: CreateUsingPOST_2
2023-05-15 15:15:32,438 INFO springfox.documentation.spring.web.readers.operation.CachingOperationNameGenerator [main] Generating unique operation named: GetListUsingGET_2
2023-05-15 15:15:32,452 INFO springfox.documentation.spring.web.readers.operation.CachingOperationNameGenerator [main] Generating unique operation named: UpdateUsingPUT_2
2023-05-15 15:15:32,457 INFO springfox.documentation.spring.web.readers.operation.CachingOperationNameGenerator [main] Generating unique operation named: deleteContactUsingDELETE_2
2023-05-15 15:15:32,531 INFO org.springframework.boot.StartupInfoLogger [main] Started AcordApiApplication in 14.267 seconds (JVM running for 17.006)
2023-05-15 15:15:33,045 INFO org.apache.juli.logging.DirectJDKLog [RMI TCP Connection(3)-127.0.0.1] Initializing Spring DispatcherServlet 'dispatcherServlet'
2023-05-15 15:15:33,046 INFO org.springframework.web.servlet.FrameworkServlet [RMI TCP Connection(3)-127.0.0.1] Initializing Servlet 'dispatcherServlet'
2023-05-15 15:15:33,049 INFO org.springframework.web.servlet.FrameworkServlet [RMI TCP Connection(3)-127.0.0.1] Completed initialization in 3 ms
2023-05-15 15:16:20,767 TRACE com.AcordApi.Infrastructure.DataAccess.QuoteDataAccess [http-nio-8096-exec-1] QuoteDataAccess.Delete - In process
2023-05-15 15:34:11,584 INFO org.springframework.boot.StartupInfoLogger [main] Starting AcordApiApplication using Java 17.0.3 on DESKTOP-JML8PE9 with PID 8976 (C:\Users\HP\Downloads\AcordApi\target\classes started by HP in C:\Users\HP\Downloads\AcordApi)
2023-05-15 15:34:11,594 DEBUG org.springframework.boot.StartupInfoLogger [main] Running with Spring Boot v2.5.4, Spring v5.3.9
2023-05-15 15:34:11,595 INFO org.springframework.boot.SpringApplication [main] No active profile set, falling back to default profiles: default
2023-05-15 15:34:15,835 INFO org.springframework.data.repository.config.RepositoryConfigurationDelegate [main] Bootstrapping Spring Data JPA repositories in DEFAULT mode.
2023-05-15 15:34:16,231 INFO org.springframework.data.repository.config.RepositoryConfigurationDelegate [main] Finished Spring Data repository scanning in 360 ms. Found 4 JPA repository interfaces.
2023-05-15 15:34:18,164 INFO org.springframework.boot.web.embedded.tomcat.TomcatWebServer [main] Tomcat initialized with port(s): 8096 (http)
2023-05-15 15:34:18,196 INFO org.apache.juli.logging.DirectJDKLog [main] Initializing ProtocolHandler ["http-nio-8096"]
2023-05-15 15:34:18,198 INFO org.apache.juli.logging.DirectJDKLog [main] Starting service [Tomcat]
2023-05-15 15:34:18,199 INFO org.apache.juli.logging.DirectJDKLog [main] Starting Servlet engine: [Apache Tomcat/9.0.52]
2023-05-15 15:34:18,608 INFO org.apache.juli.logging.DirectJDKLog [main] Initializing Spring embedded WebApplicationContext
2023-05-15 15:34:18,609 INFO org.springframework.boot.web.servlet.context.ServletWebServerApplicationContext [main] Root WebApplicationContext: initialization completed in 6845 ms
2023-05-15 15:34:19,648 INFO org.hibernate.jpa.internal.util.LogHelper [main] HHH000204: Processing PersistenceUnitInfo [name: default]
2023-05-15 15:34:19,784 INFO org.hibernate.Version [main] HHH000412: Hibernate ORM core version 5.4.32.Final
2023-05-15 15:34:20,137 INFO org.hibernate.annotations.common.reflection.java.JavaReflectionManager [main] HCANN000001: Hibernate Commons Annotations {5.1.2.Final}
2023-05-15 15:34:20,530 INFO com.zaxxer.hikari.HikariDataSource [main] HikariPool-1 - Starting...
2023-05-15 15:34:21,332 INFO com.zaxxer.hikari.HikariDataSource [main] HikariPool-1 - Start completed.
2023-05-15 15:34:21,397 INFO org.hibernate.dialect.Dialect [main] HHH000400: Using dialect: org.hibernate.dialect.PostgreSQLDialect
2023-05-15 15:34:24,022 INFO org.hibernate.engine.transaction.jta.platform.internal.JtaPlatformInitiator [main] HHH000490: Using JtaPlatform implementation: [org.hibernate.engine.transaction.jta.platform.internal.NoJtaPlatform]
2023-05-15 15:34:24,045 INFO org.springframework.orm.jpa.AbstractEntityManagerFactoryBean [main] Initialized JPA EntityManagerFactory for persistence unit 'default'
2023-05-15 15:34:25,589 WARN org.springframework.boot.autoconfigure.orm.jpa.JpaBaseConfiguration$JpaWebConfiguration [main] spring.jpa.open-in-view is enabled by default. Therefore, database queries may be performed during view rendering. Explicitly configure spring.jpa.open-in-view to disable this warning
2023-05-15 15:34:26,039 INFO org.springframework.boot.actuate.endpoint.web.EndpointLinksResolver [main] Exposing 1 endpoint(s) beneath base path '/actuator'
2023-05-15 15:34:26,197 INFO springfox.documentation.spring.web.PropertySourcedRequestMappingHandlerMapping [main] Mapped URL path [/v2/api-docs] onto method [springfox.documentation.swagger2.web.Swagger2Controller#getDocumentation(String, HttpServletRequest)]
2023-05-15 15:34:28,521 INFO org.apache.juli.logging.DirectJDKLog [main] Starting ProtocolHandler ["http-nio-8096"]
2023-05-15 15:34:28,594 INFO org.springframework.boot.web.embedded.tomcat.TomcatWebServer [main] Tomcat started on port(s): 8096 (http) with context path ''
2023-05-15 15:34:28,600 INFO springfox.documentation.spring.web.plugins.DocumentationPluginsBootstrapper [main] Context refreshed
2023-05-15 15:34:28,669 INFO springfox.documentation.spring.web.plugins.DocumentationPluginsBootstrapper [main] Found 1 custom documentation plugin(s)
2023-05-15 15:34:28,955 INFO springfox.documentation.spring.web.scanners.ApiListingReferenceScanner [main] Scanning for api listing references
2023-05-15 15:34:29,533 INFO springfox.documentation.spring.web.readers.operation.CachingOperationNameGenerator [main] Generating unique operation named: CreateUsingPOST_1
2023-05-15 15:34:29,556 INFO springfox.documentation.spring.web.readers.operation.CachingOperationNameGenerator [main] Generating unique operation named: GetListUsingGET_1
2023-05-15 15:34:29,575 INFO springfox.documentation.spring.web.readers.operation.CachingOperationNameGenerator [main] Generating unique operation named: UpdateUsingPUT_1
2023-05-15 15:34:29,583 INFO springfox.documentation.spring.web.readers.operation.CachingOperationNameGenerator [main] Generating unique operation named: deleteContactUsingDELETE_1
2023-05-15 15:34:29,621 INFO springfox.documentation.spring.web.readers.operation.CachingOperationNameGenerator [main] Generating unique operation named: CreateUsingPOST_2
2023-05-15 15:34:29,653 INFO springfox.documentation.spring.web.readers.operation.CachingOperationNameGenerator [main] Generating unique operation named: GetListUsingGET_2
2023-05-15 15:34:29,670 INFO springfox.documentation.spring.web.readers.operation.CachingOperationNameGenerator [main] Generating unique operation named: UpdateUsingPUT_2
2023-05-15 15:34:29,682 INFO springfox.documentation.spring.web.readers.operation.CachingOperationNameGenerator [main] Generating unique operation named: deleteContactUsingDELETE_2
2023-05-15 15:34:29,805 INFO org.springframework.boot.StartupInfoLogger [main] Started AcordApiApplication in 19.67 seconds (JVM running for 22.037)
2023-05-15 15:34:30,094 INFO org.apache.juli.logging.DirectJDKLog [RMI TCP Connection(4)-127.0.0.1] Initializing Spring DispatcherServlet 'dispatcherServlet'
2023-05-15 15:34:30,097 INFO org.springframework.web.servlet.FrameworkServlet [RMI TCP Connection(4)-127.0.0.1] Initializing Servlet 'dispatcherServlet'
2023-05-15 15:34:30,101 INFO org.springframework.web.servlet.FrameworkServlet [RMI TCP Connection(4)-127.0.0.1] Completed initialization in 3 ms
2023-05-15 15:35:06,214 INFO com.AcordApi.Infrastructure.DataAccess.PolicyDataAccess [http-nio-8096-exec-1] PolicyDataAccess.delete- id0d3e4354-6743-452b-b3c2-be5d412c3d07
2023-05-15 15:36:58,231 INFO com.AcordApi.Infrastructure.DataAccess.PolicyDataAccess [http-nio-8096-exec-3] PolicyDataAccess.delete- id41bf4526-b3f8-4a83-9c35-d5e0c3253e52
2023-05-15 15:37:21,568 INFO org.springframework.boot.admin.SpringApplicationAdminMXBeanRegistrar$SpringApplicationAdmin [RMI TCP Connection(8)-127.0.0.1] Application shutdown requested.
2023-05-15 15:37:21,729 INFO org.springframework.orm.jpa.AbstractEntityManagerFactoryBean [RMI TCP Connection(8)-127.0.0.1] Closing JPA EntityManagerFactory for persistence unit 'default'
2023-05-15 15:37:21,764 INFO com.zaxxer.hikari.HikariDataSource [RMI TCP Connection(8)-127.0.0.1] HikariPool-1 - Shutdown initiated...
2023-05-15 15:37:21,807 INFO com.zaxxer.hikari.HikariDataSource [RMI TCP Connection(8)-127.0.0.1] HikariPool-1 - Shutdown completed.
