2023-05-19 12:34:50,750 INFO org.springframework.boot.StartupInfoLogger [main] Starting AcordApiApplication using Java 20.0.1 on DESKTOP-JML8PE9 with PID 11408 (C:\Users\HP\Downloads\AcordApi\target\classes started by HP in C:\Users\HP\Downloads\AcordApi)
2023-05-19 12:34:50,763 DEBUG org.springframework.boot.StartupInfoLogger [main] Running with Spring Boot v2.5.4, Spring v5.3.9
2023-05-19 12:34:50,764 INFO org.springframework.boot.SpringApplication [main] No active profile set, falling back to default profiles: default
2023-05-19 12:34:57,275 INFO org.springframework.data.repository.config.RepositoryConfigurationDelegate [main] Bootstrapping Spring Data JPA repositories in DEFAULT mode.
2023-05-19 12:34:57,536 INFO org.springframework.data.repository.config.RepositoryConfigurationDelegate [main] Finished Spring Data repository scanning in 220 ms. Found 4 JPA repository interfaces.
2023-05-19 12:35:02,037 INFO org.springframework.boot.web.embedded.tomcat.TomcatWebServer [main] Tomcat initialized with port(s): 8096 (http)
2023-05-19 12:35:02,112 INFO org.apache.juli.logging.DirectJDKLog [main] Initializing ProtocolHandler ["http-nio-8096"]
2023-05-19 12:35:02,114 INFO org.apache.juli.logging.DirectJDKLog [main] Starting service [Tomcat]
2023-05-19 12:35:02,114 INFO org.apache.juli.logging.DirectJDKLog [main] Starting Servlet engine: [Apache Tomcat/9.0.52]
2023-05-19 12:35:02,650 INFO org.apache.juli.logging.DirectJDKLog [main] Initializing Spring embedded WebApplicationContext
2023-05-19 12:35:02,652 INFO org.springframework.boot.web.servlet.context.ServletWebServerApplicationContext [main] Root WebApplicationContext: initialization completed in 11653 ms
2023-05-19 12:35:03,945 INFO org.hibernate.jpa.internal.util.LogHelper [main] HHH000204: Processing PersistenceUnitInfo [name: default]
2023-05-19 12:35:04,371 INFO org.hibernate.Version [main] HHH000412: Hibernate ORM core version 5.4.32.Final
2023-05-19 12:35:05,409 INFO org.hibernate.annotations.common.reflection.java.JavaReflectionManager [main] HCANN000001: Hibernate Commons Annotations {5.1.2.Final}
2023-05-19 12:35:05,957 INFO com.zaxxer.hikari.HikariDataSource [main] HikariPool-1 - Starting...
2023-05-19 12:35:07,200 INFO com.zaxxer.hikari.HikariDataSource [main] HikariPool-1 - Start completed.
2023-05-19 12:35:07,303 INFO org.hibernate.dialect.Dialect [main] HHH000400: Using dialect: org.hibernate.dialect.PostgreSQLDialect
2023-05-19 12:35:11,277 INFO org.hibernate.engine.transaction.jta.platform.internal.JtaPlatformInitiator [main] HHH000490: Using JtaPlatform implementation: [org.hibernate.engine.transaction.jta.platform.internal.NoJtaPlatform]
2023-05-19 12:35:11,307 INFO org.springframework.orm.jpa.AbstractEntityManagerFactoryBean [main] Initialized JPA EntityManagerFactory for persistence unit 'default'
2023-05-19 12:35:13,816 WARN org.springframework.boot.autoconfigure.orm.jpa.JpaBaseConfiguration$JpaWebConfiguration [main] spring.jpa.open-in-view is enabled by default. Therefore, database queries may be performed during view rendering. Explicitly configure spring.jpa.open-in-view to disable this warning
2023-05-19 12:35:14,483 INFO org.springframework.boot.actuate.endpoint.web.EndpointLinksResolver [main] Exposing 1 endpoint(s) beneath base path '/actuator'
2023-05-19 12:35:14,770 INFO springfox.documentation.spring.web.PropertySourcedRequestMappingHandlerMapping [main] Mapped URL path [/v2/api-docs] onto method [springfox.documentation.swagger2.web.Swagger2Controller#getDocumentation(String, HttpServletRequest)]
2023-05-19 12:35:19,398 INFO org.apache.juli.logging.DirectJDKLog [main] Starting ProtocolHandler ["http-nio-8096"]
2023-05-19 12:35:19,563 INFO org.springframework.boot.web.embedded.tomcat.TomcatWebServer [main] Tomcat started on port(s): 8096 (http) with context path ''
2023-05-19 12:35:19,585 INFO springfox.documentation.spring.web.plugins.DocumentationPluginsBootstrapper [main] Context refreshed
2023-05-19 12:35:19,681 INFO springfox.documentation.spring.web.plugins.DocumentationPluginsBootstrapper [main] Found 1 custom documentation plugin(s)
2023-05-19 12:35:19,829 INFO springfox.documentation.spring.web.scanners.ApiListingReferenceScanner [main] Scanning for api listing references
2023-05-19 12:35:20,429 INFO springfox.documentation.spring.web.readers.operation.CachingOperationNameGenerator [main] Generating unique operation named: CreateUsingPOST_1
2023-05-19 12:35:20,447 INFO springfox.documentation.spring.web.readers.operation.CachingOperationNameGenerator [main] Generating unique operation named: GetListUsingGET_1
2023-05-19 12:35:20,456 INFO springfox.documentation.spring.web.readers.operation.CachingOperationNameGenerator [main] Generating unique operation named: UpdateUsingPUT_1
2023-05-19 12:35:20,464 INFO springfox.documentation.spring.web.readers.operation.CachingOperationNameGenerator [main] Generating unique operation named: deleteContactUsingDELETE_1
2023-05-19 12:35:20,480 INFO springfox.documentation.spring.web.readers.operation.CachingOperationNameGenerator [main] Generating unique operation named: CreateUsingPOST_2
2023-05-19 12:35:20,499 INFO springfox.documentation.spring.web.readers.operation.CachingOperationNameGenerator [main] Generating unique operation named: GetListUsingGET_2
2023-05-19 12:35:20,516 INFO springfox.documentation.spring.web.readers.operation.CachingOperationNameGenerator [main] Generating unique operation named: UpdateUsingPUT_2
2023-05-19 12:35:20,526 INFO springfox.documentation.spring.web.readers.operation.CachingOperationNameGenerator [main] Generating unique operation named: deleteContactUsingDELETE_2
2023-05-19 12:35:20,688 INFO org.springframework.boot.StartupInfoLogger [main] Started AcordApiApplication in 33.187 seconds (JVM running for 39.28)
2023-05-19 12:35:54,404 INFO org.apache.juli.logging.DirectJDKLog [http-nio-8096-exec-1] Initializing Spring DispatcherServlet 'dispatcherServlet'
2023-05-19 12:35:54,409 INFO org.springframework.web.servlet.FrameworkServlet [http-nio-8096-exec-1] Initializing Servlet 'dispatcherServlet'
2023-05-19 12:35:54,431 INFO org.springframework.web.servlet.FrameworkServlet [http-nio-8096-exec-1] Completed initialization in 22 ms
2023-05-19 12:35:59,218 INFO org.springdoc.api.AbstractOpenApiResource [http-nio-8096-exec-9] Init duration for springdoc-openapi is: 2815 ms
2023-05-19 12:37:36,813 WARN com.zaxxer.hikari.pool.HikariPool$HouseKeeper [HikariPool-1 housekeeper] HikariPool-1 - Thread starvation or clock leap detected (housekeeper delta=59s257ms61µs).
2023-05-19 12:38:09,535 TRACE com.AcordApi.Infrastructure.DataAccess.PolicyDataAccess [http-nio-8096-exec-4] PolicyDataAccess.AddPolicy - In process
2023-05-19 12:38:11,223 INFO com.AcordApi.Infrastructure.Services.DomainEventService [http-nio-8096-exec-4] Publishing domain event. Event -[com.AcordApi.Application.Domain.Events.Policy.PolicyCompletedEvent@4f6fd631]
2023-05-19 12:38:11,232 INFO com.AcordApi.Application.Common.Model.DomainEventNotification [http-nio-8096-exec-4] DomainEventNotification in process
2023-05-19 12:43:02,529 WARN com.zaxxer.hikari.pool.HikariPool$HouseKeeper [HikariPool-1 housekeeper] HikariPool-1 - Thread starvation or clock leap detected (housekeeper delta=5m25s541ms759µs200ns).
2023-05-19 12:43:14,245 INFO org.springframework.orm.jpa.AbstractEntityManagerFactoryBean [SpringApplicationShutdownHook] Closing JPA EntityManagerFactory for persistence unit 'default'
2023-05-19 12:43:14,928 INFO com.zaxxer.hikari.HikariDataSource [SpringApplicationShutdownHook] HikariPool-1 - Shutdown initiated...
2023-05-19 12:43:15,573 INFO com.zaxxer.hikari.HikariDataSource [SpringApplicationShutdownHook] HikariPool-1 - Shutdown completed.
2023-05-19 12:52:57,359 INFO org.springframework.boot.StartupInfoLogger [main] Starting AcordApiApplication using Java 20.0.1 on DESKTOP-JML8PE9 with PID 6868 (C:\Users\HP\Downloads\AcordApi\target\classes started by HP in C:\Users\HP\Downloads\AcordApi)
2023-05-19 12:52:57,369 DEBUG org.springframework.boot.StartupInfoLogger [main] Running with Spring Boot v2.5.4, Spring v5.3.9
2023-05-19 12:52:57,369 INFO org.springframework.boot.SpringApplication [main] No active profile set, falling back to default profiles: default
2023-05-19 12:53:03,914 INFO org.springframework.data.repository.config.RepositoryConfigurationDelegate [main] Bootstrapping Spring Data JPA repositories in DEFAULT mode.
2023-05-19 12:53:04,502 INFO org.springframework.data.repository.config.RepositoryConfigurationDelegate [main] Finished Spring Data repository scanning in 525 ms. Found 4 JPA repository interfaces.
2023-05-19 12:53:10,259 INFO org.springframework.boot.web.embedded.tomcat.TomcatWebServer [main] Tomcat initialized with port(s): 8096 (http)
2023-05-19 12:53:10,309 INFO org.apache.juli.logging.DirectJDKLog [main] Initializing ProtocolHandler ["http-nio-8096"]
2023-05-19 12:53:10,312 INFO org.apache.juli.logging.DirectJDKLog [main] Starting service [Tomcat]
2023-05-19 12:53:10,314 INFO org.apache.juli.logging.DirectJDKLog [main] Starting Servlet engine: [Apache Tomcat/9.0.52]
2023-05-19 12:53:10,733 INFO org.apache.juli.logging.DirectJDKLog [main] Initializing Spring embedded WebApplicationContext
2023-05-19 12:53:10,734 INFO org.springframework.boot.web.servlet.context.ServletWebServerApplicationContext [main] Root WebApplicationContext: initialization completed in 13113 ms
2023-05-19 12:53:12,288 INFO org.hibernate.jpa.internal.util.LogHelper [main] HHH000204: Processing PersistenceUnitInfo [name: default]
2023-05-19 12:53:12,429 INFO org.hibernate.Version [main] HHH000412: Hibernate ORM core version 5.4.32.Final
2023-05-19 12:53:13,068 INFO org.hibernate.annotations.common.reflection.java.JavaReflectionManager [main] HCANN000001: Hibernate Commons Annotations {5.1.2.Final}
2023-05-19 12:53:13,479 INFO com.zaxxer.hikari.HikariDataSource [main] HikariPool-1 - Starting...
2023-05-19 12:53:14,078 INFO com.zaxxer.hikari.HikariDataSource [main] HikariPool-1 - Start completed.
2023-05-19 12:53:14,132 INFO org.hibernate.dialect.Dialect [main] HHH000400: Using dialect: org.hibernate.dialect.PostgreSQLDialect
2023-05-19 12:53:16,889 INFO org.hibernate.engine.transaction.jta.platform.internal.JtaPlatformInitiator [main] HHH000490: Using JtaPlatform implementation: [org.hibernate.engine.transaction.jta.platform.internal.NoJtaPlatform]
2023-05-19 12:53:16,908 INFO org.springframework.orm.jpa.AbstractEntityManagerFactoryBean [main] Initialized JPA EntityManagerFactory for persistence unit 'default'
2023-05-19 12:53:18,812 WARN org.springframework.boot.autoconfigure.orm.jpa.JpaBaseConfiguration$JpaWebConfiguration [main] spring.jpa.open-in-view is enabled by default. Therefore, database queries may be performed during view rendering. Explicitly configure spring.jpa.open-in-view to disable this warning
2023-05-19 12:53:19,476 INFO org.springframework.boot.actuate.endpoint.web.EndpointLinksResolver [main] Exposing 1 endpoint(s) beneath base path '/actuator'
2023-05-19 12:53:19,645 INFO springfox.documentation.spring.web.PropertySourcedRequestMappingHandlerMapping [main] Mapped URL path [/v2/api-docs] onto method [springfox.documentation.swagger2.web.Swagger2Controller#getDocumentation(String, HttpServletRequest)]
2023-05-19 12:53:23,551 INFO org.apache.juli.logging.DirectJDKLog [main] Starting ProtocolHandler ["http-nio-8096"]
2023-05-19 12:53:23,647 INFO org.springframework.boot.web.embedded.tomcat.TomcatWebServer [main] Tomcat started on port(s): 8096 (http) with context path ''
2023-05-19 12:53:23,649 INFO springfox.documentation.spring.web.plugins.DocumentationPluginsBootstrapper [main] Context refreshed
2023-05-19 12:53:23,730 INFO springfox.documentation.spring.web.plugins.DocumentationPluginsBootstrapper [main] Found 1 custom documentation plugin(s)
2023-05-19 12:53:23,818 INFO springfox.documentation.spring.web.scanners.ApiListingReferenceScanner [main] Scanning for api listing references
2023-05-19 12:53:24,130 INFO springfox.documentation.spring.web.readers.operation.CachingOperationNameGenerator [main] Generating unique operation named: CreateUsingPOST_1
2023-05-19 12:53:24,143 INFO springfox.documentation.spring.web.readers.operation.CachingOperationNameGenerator [main] Generating unique operation named: GetListUsingGET_1
2023-05-19 12:53:24,154 INFO springfox.documentation.spring.web.readers.operation.CachingOperationNameGenerator [main] Generating unique operation named: UpdateUsingPUT_1
2023-05-19 12:53:24,160 INFO springfox.documentation.spring.web.readers.operation.CachingOperationNameGenerator [main] Generating unique operation named: deleteContactUsingDELETE_1
2023-05-19 12:53:24,184 INFO springfox.documentation.spring.web.readers.operation.CachingOperationNameGenerator [main] Generating unique operation named: CreateUsingPOST_2
2023-05-19 12:53:24,251 INFO springfox.documentation.spring.web.readers.operation.CachingOperationNameGenerator [main] Generating unique operation named: GetListUsingGET_2
2023-05-19 12:53:24,261 INFO springfox.documentation.spring.web.readers.operation.CachingOperationNameGenerator [main] Generating unique operation named: UpdateUsingPUT_2
2023-05-19 12:53:24,269 INFO springfox.documentation.spring.web.readers.operation.CachingOperationNameGenerator [main] Generating unique operation named: deleteContactUsingDELETE_2
2023-05-19 12:53:24,336 INFO org.springframework.boot.StartupInfoLogger [main] Started AcordApiApplication in 29.412 seconds (JVM running for 32.041)
2023-05-19 12:53:51,402 INFO org.apache.juli.logging.DirectJDKLog [http-nio-8096-exec-1] Initializing Spring DispatcherServlet 'dispatcherServlet'
2023-05-19 12:53:51,402 INFO org.springframework.web.servlet.FrameworkServlet [http-nio-8096-exec-1] Initializing Servlet 'dispatcherServlet'
2023-05-19 12:53:51,405 INFO org.springframework.web.servlet.FrameworkServlet [http-nio-8096-exec-1] Completed initialization in 2 ms
2023-05-19 12:54:18,510 TRACE com.AcordApi.Infrastructure.DataAccess.PolicyDataAccess [http-nio-8096-exec-1] PolicyDataAccess.AddPolicy - In process
2023-05-19 12:56:11,390 INFO com.AcordApi.Infrastructure.Services.DomainEventService [http-nio-8096-exec-1] Publishing domain event. Event -[com.AcordApi.Application.Domain.Events.Policy.PolicyCompletedEvent@390f3e72]
2023-05-19 12:56:11,043 WARN com.zaxxer.hikari.pool.HikariPool$HouseKeeper [HikariPool-1 housekeeper] HikariPool-1 - Thread starvation or clock leap detected (housekeeper delta=56s260ms981µs300ns).
2023-05-19 12:56:11,717 INFO com.AcordApi.Application.Common.Model.DomainEventNotification [http-nio-8096-exec-1] DomainEventNotification in process
2023-05-19 12:57:06,929 WARN com.zaxxer.hikari.pool.HikariPool$HouseKeeper [HikariPool-1 housekeeper] HikariPool-1 - Thread starvation or clock leap detected (housekeeper delta=1m56s193ms657µs400ns).
2023-05-19 12:57:54,269 WARN com.zaxxer.hikari.pool.HikariPool$HouseKeeper [HikariPool-1 housekeeper] HikariPool-1 - Thread starvation or clock leap detected (housekeeper delta=47s358ms501µs100ns).
2023-05-19 13:17:17,966 INFO org.springframework.orm.jpa.AbstractEntityManagerFactoryBean [SpringApplicationShutdownHook] Closing JPA EntityManagerFactory for persistence unit 'default'
2023-05-19 13:17:18,963 INFO com.zaxxer.hikari.HikariDataSource [SpringApplicationShutdownHook] HikariPool-1 - Shutdown initiated...
2023-05-19 13:17:19,912 INFO com.zaxxer.hikari.HikariDataSource [SpringApplicationShutdownHook] HikariPool-1 - Shutdown completed.
2023-05-19 13:21:51,149 INFO org.springframework.boot.StartupInfoLogger [main] Starting AcordApiApplication using Java 20.0.1 on DESKTOP-JML8PE9 with PID 7984 (C:\Users\HP\Downloads\AcordApi\target\classes started by HP in C:\Users\HP\Downloads\AcordApi)
2023-05-19 13:21:51,158 DEBUG org.springframework.boot.StartupInfoLogger [main] Running with Spring Boot v2.5.4, Spring v5.3.9
2023-05-19 13:21:51,159 INFO org.springframework.boot.SpringApplication [main] No active profile set, falling back to default profiles: default
2023-05-19 13:21:55,811 INFO org.springframework.data.repository.config.RepositoryConfigurationDelegate [main] Bootstrapping Spring Data JPA repositories in DEFAULT mode.
2023-05-19 13:21:56,104 INFO org.springframework.data.repository.config.RepositoryConfigurationDelegate [main] Finished Spring Data repository scanning in 240 ms. Found 4 JPA repository interfaces.
2023-05-19 13:21:58,435 INFO org.springframework.boot.web.embedded.tomcat.TomcatWebServer [main] Tomcat initialized with port(s): 8096 (http)
2023-05-19 13:21:58,468 INFO org.apache.juli.logging.DirectJDKLog [main] Initializing ProtocolHandler ["http-nio-8096"]
2023-05-19 13:21:58,469 INFO org.apache.juli.logging.DirectJDKLog [main] Starting service [Tomcat]
2023-05-19 13:21:58,470 INFO org.apache.juli.logging.DirectJDKLog [main] Starting Servlet engine: [Apache Tomcat/9.0.52]
2023-05-19 13:21:58,746 INFO org.apache.juli.logging.DirectJDKLog [main] Initializing Spring embedded WebApplicationContext
2023-05-19 13:21:58,747 INFO org.springframework.boot.web.servlet.context.ServletWebServerApplicationContext [main] Root WebApplicationContext: initialization completed in 7426 ms
2023-05-19 13:21:59,644 INFO org.hibernate.jpa.internal.util.LogHelper [main] HHH000204: Processing PersistenceUnitInfo [name: default]
2023-05-19 13:21:59,796 INFO org.hibernate.Version [main] HHH000412: Hibernate ORM core version 5.4.32.Final
2023-05-19 13:22:00,761 INFO org.hibernate.annotations.common.reflection.java.JavaReflectionManager [main] HCANN000001: Hibernate Commons Annotations {5.1.2.Final}
2023-05-19 13:22:01,251 INFO com.zaxxer.hikari.HikariDataSource [main] HikariPool-1 - Starting...
2023-05-19 13:22:02,233 INFO com.zaxxer.hikari.HikariDataSource [main] HikariPool-1 - Start completed.
2023-05-19 13:22:02,305 INFO org.hibernate.dialect.Dialect [main] HHH000400: Using dialect: org.hibernate.dialect.PostgreSQLDialect
2023-05-19 13:22:05,196 INFO org.hibernate.engine.transaction.jta.platform.internal.JtaPlatformInitiator [main] HHH000490: Using JtaPlatform implementation: [org.hibernate.engine.transaction.jta.platform.internal.NoJtaPlatform]
2023-05-19 13:22:05,226 INFO org.springframework.orm.jpa.AbstractEntityManagerFactoryBean [main] Initialized JPA EntityManagerFactory for persistence unit 'default'
2023-05-19 13:22:07,223 WARN org.springframework.boot.autoconfigure.orm.jpa.JpaBaseConfiguration$JpaWebConfiguration [main] spring.jpa.open-in-view is enabled by default. Therefore, database queries may be performed during view rendering. Explicitly configure spring.jpa.open-in-view to disable this warning
2023-05-19 13:22:07,753 INFO org.springframework.boot.actuate.endpoint.web.EndpointLinksResolver [main] Exposing 1 endpoint(s) beneath base path '/actuator'
2023-05-19 13:22:07,917 INFO springfox.documentation.spring.web.PropertySourcedRequestMappingHandlerMapping [main] Mapped URL path [/v2/api-docs] onto method [springfox.documentation.swagger2.web.Swagger2Controller#getDocumentation(String, HttpServletRequest)]
2023-05-19 13:22:12,659 INFO org.apache.juli.logging.DirectJDKLog [main] Starting ProtocolHandler ["http-nio-8096"]
2023-05-19 13:22:12,971 INFO org.springframework.boot.web.embedded.tomcat.TomcatWebServer [main] Tomcat started on port(s): 8096 (http) with context path ''
2023-05-19 13:22:12,974 INFO springfox.documentation.spring.web.plugins.DocumentationPluginsBootstrapper [main] Context refreshed
2023-05-19 13:22:13,063 INFO springfox.documentation.spring.web.plugins.DocumentationPluginsBootstrapper [main] Found 1 custom documentation plugin(s)
2023-05-19 13:22:13,143 INFO springfox.documentation.spring.web.scanners.ApiListingReferenceScanner [main] Scanning for api listing references
2023-05-19 13:22:13,555 INFO springfox.documentation.spring.web.readers.operation.CachingOperationNameGenerator [main] Generating unique operation named: CreateUsingPOST_1
2023-05-19 13:22:13,582 INFO springfox.documentation.spring.web.readers.operation.CachingOperationNameGenerator [main] Generating unique operation named: GetListUsingGET_1
2023-05-19 13:22:13,590 INFO springfox.documentation.spring.web.readers.operation.CachingOperationNameGenerator [main] Generating unique operation named: UpdateUsingPUT_1
2023-05-19 13:22:13,593 INFO springfox.documentation.spring.web.readers.operation.CachingOperationNameGenerator [main] Generating unique operation named: deleteContactUsingDELETE_1
2023-05-19 13:22:13,601 INFO springfox.documentation.spring.web.readers.operation.CachingOperationNameGenerator [main] Generating unique operation named: CreateUsingPOST_2
2023-05-19 13:22:13,613 INFO springfox.documentation.spring.web.readers.operation.CachingOperationNameGenerator [main] Generating unique operation named: GetListUsingGET_2
2023-05-19 13:22:13,620 INFO springfox.documentation.spring.web.readers.operation.CachingOperationNameGenerator [main] Generating unique operation named: UpdateUsingPUT_2
2023-05-19 13:22:13,624 INFO springfox.documentation.spring.web.readers.operation.CachingOperationNameGenerator [main] Generating unique operation named: deleteContactUsingDELETE_2
2023-05-19 13:22:13,678 INFO org.springframework.boot.StartupInfoLogger [main] Started AcordApiApplication in 24.467 seconds (JVM running for 26.82)
2023-05-19 13:22:53,125 INFO org.apache.juli.logging.DirectJDKLog [http-nio-8096-exec-1] Initializing Spring DispatcherServlet 'dispatcherServlet'
2023-05-19 13:22:53,137 INFO org.springframework.web.servlet.FrameworkServlet [http-nio-8096-exec-1] Initializing Servlet 'dispatcherServlet'
2023-05-19 13:22:53,300 INFO org.springframework.web.servlet.FrameworkServlet [http-nio-8096-exec-1] Completed initialization in 162 ms
2023-05-19 13:23:27,845 WARN com.zaxxer.hikari.pool.HikariPool$HouseKeeper [HikariPool-1 housekeeper] HikariPool-1 - Thread starvation or clock leap detected (housekeeper delta=55s387ms163µs700ns).
2023-05-19 13:24:09,779 TRACE com.AcordApi.Infrastructure.DataAccess.PolicyDataAccess [http-nio-8096-exec-1] PolicyDataAccess.AddPolicy - In process
2023-05-19 13:24:40,241 INFO com.AcordApi.Infrastructure.Services.DomainEventService [http-nio-8096-exec-1] Publishing domain event. Event -[com.AcordApi.Application.Domain.Events.Policy.PolicyCreatedEvent@421cf3e6]
2023-05-19 13:24:40,380 INFO com.AcordApi.Application.Common.Model.DomainEventNotification [http-nio-8096-exec-1] DomainEventNotification in process
2023-05-19 13:24:45,151 INFO org.springframework.orm.jpa.AbstractEntityManagerFactoryBean [SpringApplicationShutdownHook] Closing JPA EntityManagerFactory for persistence unit 'default'
2023-05-19 13:24:45,495 INFO com.zaxxer.hikari.HikariDataSource [SpringApplicationShutdownHook] HikariPool-1 - Shutdown initiated...
2023-05-19 13:24:45,698 INFO com.zaxxer.hikari.HikariDataSource [SpringApplicationShutdownHook] HikariPool-1 - Shutdown completed.
2023-05-19 13:25:47,627 INFO org.springframework.boot.StartupInfoLogger [main] Starting AcordApiApplication using Java 20.0.1 on DESKTOP-JML8PE9 with PID 8120 (C:\Users\HP\Downloads\AcordApi\target\classes started by HP in C:\Users\HP\Downloads\AcordApi)
2023-05-19 13:25:47,636 DEBUG org.springframework.boot.StartupInfoLogger [main] Running with Spring Boot v2.5.4, Spring v5.3.9
2023-05-19 13:25:47,637 INFO org.springframework.boot.SpringApplication [main] No active profile set, falling back to default profiles: default
2023-05-19 13:25:53,594 INFO org.springframework.data.repository.config.RepositoryConfigurationDelegate [main] Bootstrapping Spring Data JPA repositories in DEFAULT mode.
2023-05-19 13:25:53,867 INFO org.springframework.data.repository.config.RepositoryConfigurationDelegate [main] Finished Spring Data repository scanning in 241 ms. Found 4 JPA repository interfaces.
2023-05-19 13:25:56,215 INFO org.springframework.boot.web.embedded.tomcat.TomcatWebServer [main] Tomcat initialized with port(s): 8096 (http)
2023-05-19 13:25:56,245 INFO org.apache.juli.logging.DirectJDKLog [main] Initializing ProtocolHandler ["http-nio-8096"]
2023-05-19 13:25:56,246 INFO org.apache.juli.logging.DirectJDKLog [main] Starting service [Tomcat]
2023-05-19 13:25:56,248 INFO org.apache.juli.logging.DirectJDKLog [main] Starting Servlet engine: [Apache Tomcat/9.0.52]
2023-05-19 13:25:56,567 INFO org.apache.juli.logging.DirectJDKLog [main] Initializing Spring embedded WebApplicationContext
2023-05-19 13:25:56,568 INFO org.springframework.boot.web.servlet.context.ServletWebServerApplicationContext [main] Root WebApplicationContext: initialization completed in 8783 ms
2023-05-19 13:25:57,466 INFO org.hibernate.jpa.internal.util.LogHelper [main] HHH000204: Processing PersistenceUnitInfo [name: default]
2023-05-19 13:25:57,750 INFO org.hibernate.Version [main] HHH000412: Hibernate ORM core version 5.4.32.Final
2023-05-19 13:25:58,183 INFO org.hibernate.annotations.common.reflection.java.JavaReflectionManager [main] HCANN000001: Hibernate Commons Annotations {5.1.2.Final}
2023-05-19 13:25:58,545 INFO com.zaxxer.hikari.HikariDataSource [main] HikariPool-1 - Starting...
2023-05-19 13:25:59,461 INFO com.zaxxer.hikari.HikariDataSource [main] HikariPool-1 - Start completed.
2023-05-19 13:25:59,535 INFO org.hibernate.dialect.Dialect [main] HHH000400: Using dialect: org.hibernate.dialect.PostgreSQLDialect
2023-05-19 13:26:02,576 INFO org.hibernate.engine.transaction.jta.platform.internal.JtaPlatformInitiator [main] HHH000490: Using JtaPlatform implementation: [org.hibernate.engine.transaction.jta.platform.internal.NoJtaPlatform]
2023-05-19 13:26:02,615 INFO org.springframework.orm.jpa.AbstractEntityManagerFactoryBean [main] Initialized JPA EntityManagerFactory for persistence unit 'default'
2023-05-19 13:26:04,822 WARN org.springframework.boot.autoconfigure.orm.jpa.JpaBaseConfiguration$JpaWebConfiguration [main] spring.jpa.open-in-view is enabled by default. Therefore, database queries may be performed during view rendering. Explicitly configure spring.jpa.open-in-view to disable this warning
2023-05-19 13:26:05,390 INFO org.springframework.boot.actuate.endpoint.web.EndpointLinksResolver [main] Exposing 1 endpoint(s) beneath base path '/actuator'
2023-05-19 13:26:05,630 INFO springfox.documentation.spring.web.PropertySourcedRequestMappingHandlerMapping [main] Mapped URL path [/v2/api-docs] onto method [springfox.documentation.swagger2.web.Swagger2Controller#getDocumentation(String, HttpServletRequest)]
2023-05-19 13:26:08,802 INFO org.apache.juli.logging.DirectJDKLog [main] Starting ProtocolHandler ["http-nio-8096"]
2023-05-19 13:26:08,889 INFO org.springframework.boot.web.embedded.tomcat.TomcatWebServer [main] Tomcat started on port(s): 8096 (http) with context path ''
2023-05-19 13:26:08,892 INFO springfox.documentation.spring.web.plugins.DocumentationPluginsBootstrapper [main] Context refreshed
2023-05-19 13:26:08,952 INFO springfox.documentation.spring.web.plugins.DocumentationPluginsBootstrapper [main] Found 1 custom documentation plugin(s)
2023-05-19 13:26:09,065 INFO springfox.documentation.spring.web.scanners.ApiListingReferenceScanner [main] Scanning for api listing references
2023-05-19 13:26:09,544 INFO springfox.documentation.spring.web.readers.operation.CachingOperationNameGenerator [main] Generating unique operation named: CreateUsingPOST_1
2023-05-19 13:26:09,559 INFO springfox.documentation.spring.web.readers.operation.CachingOperationNameGenerator [main] Generating unique operation named: GetListUsingGET_1
2023-05-19 13:26:09,567 INFO springfox.documentation.spring.web.readers.operation.CachingOperationNameGenerator [main] Generating unique operation named: UpdateUsingPUT_1
2023-05-19 13:26:09,571 INFO springfox.documentation.spring.web.readers.operation.CachingOperationNameGenerator [main] Generating unique operation named: deleteContactUsingDELETE_1
2023-05-19 13:26:09,582 INFO springfox.documentation.spring.web.readers.operation.CachingOperationNameGenerator [main] Generating unique operation named: CreateUsingPOST_2
2023-05-19 13:26:09,597 INFO springfox.documentation.spring.web.readers.operation.CachingOperationNameGenerator [main] Generating unique operation named: GetListUsingGET_2
2023-05-19 13:26:09,604 INFO springfox.documentation.spring.web.readers.operation.CachingOperationNameGenerator [main] Generating unique operation named: UpdateUsingPUT_2
2023-05-19 13:26:09,610 INFO springfox.documentation.spring.web.readers.operation.CachingOperationNameGenerator [main] Generating unique operation named: deleteContactUsingDELETE_2
2023-05-19 13:26:09,675 INFO org.springframework.boot.StartupInfoLogger [main] Started AcordApiApplication in 23.88 seconds (JVM running for 26.51)
2023-05-19 13:26:22,768 INFO org.apache.juli.logging.DirectJDKLog [http-nio-8096-exec-1] Initializing Spring DispatcherServlet 'dispatcherServlet'
2023-05-19 13:26:22,773 INFO org.springframework.web.servlet.FrameworkServlet [http-nio-8096-exec-1] Initializing Servlet 'dispatcherServlet'
2023-05-19 13:26:22,785 INFO org.springframework.web.servlet.FrameworkServlet [http-nio-8096-exec-1] Completed initialization in 11 ms
2023-05-19 13:26:47,326 WARN com.zaxxer.hikari.pool.HikariPool$HouseKeeper [HikariPool-1 housekeeper] HikariPool-1 - Thread starvation or clock leap detected (housekeeper delta=47s746ms811µs200ns).
2023-05-19 13:26:52,362 TRACE com.AcordApi.Infrastructure.DataAccess.PolicyDataAccess [http-nio-8096-exec-2] PolicyDataAccess.AddPolicy - In process
2023-05-19 13:26:52,442 TRACE com.AcordApi.Infrastructure.DataAccess.PolicyDataAccess [http-nio-8096-exec-1] PolicyDataAccess.AddPolicy - In process
2023-05-19 13:27:13,361 INFO com.AcordApi.Infrastructure.Services.DomainEventService [http-nio-8096-exec-2] Publishing domain event. Event -[com.AcordApi.Application.Domain.Events.Policy.PolicyCreatedEvent@2cbf5845]
2023-05-19 13:27:16,445 INFO com.AcordApi.Infrastructure.Services.DomainEventService [http-nio-8096-exec-1] Publishing domain event. Event -[com.AcordApi.Application.Domain.Events.Policy.PolicyCreatedEvent@6a090ab7]
2023-05-19 13:27:36,995 INFO com.AcordApi.Application.Common.Model.DomainEventNotification [http-nio-8096-exec-2] DomainEventNotification in process
2023-05-19 13:27:36,997 INFO com.AcordApi.Application.Common.Model.DomainEventNotification [http-nio-8096-exec-2] DomainEventNotification in process
2023-05-19 13:27:36,996 INFO com.AcordApi.Application.Common.Model.DomainEventNotification [http-nio-8096-exec-1] DomainEventNotification in process
2023-05-19 13:28:01,456 INFO com.AcordApi.Application.Common.Model.DomainEventNotification [http-nio-8096-exec-1] DomainEventNotification in process
2023-05-19 13:29:57,648 WARN com.zaxxer.hikari.pool.HikariPool$HouseKeeper [HikariPool-1 housekeeper] HikariPool-1 - Thread starvation or clock leap detected (housekeeper delta=51s917ms180µs).
2023-05-19 13:30:03,087 INFO org.springframework.orm.jpa.AbstractEntityManagerFactoryBean [SpringApplicationShutdownHook] Closing JPA EntityManagerFactory for persistence unit 'default'
2023-05-19 13:30:03,570 INFO com.zaxxer.hikari.HikariDataSource [SpringApplicationShutdownHook] HikariPool-1 - Shutdown initiated...
2023-05-19 13:30:04,096 INFO com.zaxxer.hikari.HikariDataSource [SpringApplicationShutdownHook] HikariPool-1 - Shutdown completed.
2023-05-19 13:45:41,462 INFO org.springframework.boot.StartupInfoLogger [main] Starting AcordApiApplication using Java 20.0.1 on DESKTOP-JML8PE9 with PID 4588 (C:\Users\HP\Downloads\AcordApi\target\classes started by HP in C:\Users\HP\Downloads\AcordApi)
2023-05-19 13:45:41,471 DEBUG org.springframework.boot.StartupInfoLogger [main] Running with Spring Boot v2.5.4, Spring v5.3.9
2023-05-19 13:45:41,472 INFO org.springframework.boot.SpringApplication [main] No active profile set, falling back to default profiles: default
2023-05-19 13:45:48,329 INFO org.springframework.data.repository.config.RepositoryConfigurationDelegate [main] Bootstrapping Spring Data JPA repositories in DEFAULT mode.
2023-05-19 13:45:48,673 INFO org.springframework.data.repository.config.RepositoryConfigurationDelegate [main] Finished Spring Data repository scanning in 298 ms. Found 4 JPA repository interfaces.
2023-05-19 13:45:51,549 INFO org.springframework.boot.web.embedded.tomcat.TomcatWebServer [main] Tomcat initialized with port(s): 8096 (http)
2023-05-19 13:45:51,628 INFO org.apache.juli.logging.DirectJDKLog [main] Initializing ProtocolHandler ["http-nio-8096"]
2023-05-19 13:45:51,629 INFO org.apache.juli.logging.DirectJDKLog [main] Starting service [Tomcat]
2023-05-19 13:45:51,630 INFO org.apache.juli.logging.DirectJDKLog [main] Starting Servlet engine: [Apache Tomcat/9.0.52]
2023-05-19 13:45:51,964 INFO org.apache.juli.logging.DirectJDKLog [main] Initializing Spring embedded WebApplicationContext
2023-05-19 13:45:51,964 INFO org.springframework.boot.web.servlet.context.ServletWebServerApplicationContext [main] Root WebApplicationContext: initialization completed in 10280 ms
2023-05-19 13:45:52,760 INFO org.hibernate.jpa.internal.util.LogHelper [main] HHH000204: Processing PersistenceUnitInfo [name: default]
2023-05-19 13:45:52,966 INFO org.hibernate.Version [main] HHH000412: Hibernate ORM core version 5.4.32.Final
2023-05-19 13:45:53,569 INFO org.hibernate.annotations.common.reflection.java.JavaReflectionManager [main] HCANN000001: Hibernate Commons Annotations {5.1.2.Final}
2023-05-19 13:45:53,937 INFO com.zaxxer.hikari.HikariDataSource [main] HikariPool-1 - Starting...
2023-05-19 13:45:54,759 INFO com.zaxxer.hikari.HikariDataSource [main] HikariPool-1 - Start completed.
2023-05-19 13:45:54,806 INFO org.hibernate.dialect.Dialect [main] HHH000400: Using dialect: org.hibernate.dialect.PostgreSQLDialect
2023-05-19 13:45:57,891 INFO org.hibernate.engine.transaction.jta.platform.internal.JtaPlatformInitiator [main] HHH000490: Using JtaPlatform implementation: [org.hibernate.engine.transaction.jta.platform.internal.NoJtaPlatform]
2023-05-19 13:45:57,919 INFO org.springframework.orm.jpa.AbstractEntityManagerFactoryBean [main] Initialized JPA EntityManagerFactory for persistence unit 'default'
2023-05-19 13:46:00,302 WARN org.springframework.boot.autoconfigure.orm.jpa.JpaBaseConfiguration$JpaWebConfiguration [main] spring.jpa.open-in-view is enabled by default. Therefore, database queries may be performed during view rendering. Explicitly configure spring.jpa.open-in-view to disable this warning
2023-05-19 13:46:00,812 INFO org.springframework.boot.actuate.endpoint.web.EndpointLinksResolver [main] Exposing 1 endpoint(s) beneath base path '/actuator'
2023-05-19 13:46:01,304 INFO springfox.documentation.spring.web.PropertySourcedRequestMappingHandlerMapping [main] Mapped URL path [/v2/api-docs] onto method [springfox.documentation.swagger2.web.Swagger2Controller#getDocumentation(String, HttpServletRequest)]
2023-05-19 13:46:04,436 INFO org.apache.juli.logging.DirectJDKLog [main] Starting ProtocolHandler ["http-nio-8096"]
2023-05-19 13:46:04,547 INFO org.springframework.boot.web.embedded.tomcat.TomcatWebServer [main] Tomcat started on port(s): 8096 (http) with context path ''
2023-05-19 13:46:04,549 INFO springfox.documentation.spring.web.plugins.DocumentationPluginsBootstrapper [main] Context refreshed
2023-05-19 13:46:04,606 INFO springfox.documentation.spring.web.plugins.DocumentationPluginsBootstrapper [main] Found 1 custom documentation plugin(s)
2023-05-19 13:46:04,703 INFO springfox.documentation.spring.web.scanners.ApiListingReferenceScanner [main] Scanning for api listing references
2023-05-19 13:46:05,154 INFO springfox.documentation.spring.web.readers.operation.CachingOperationNameGenerator [main] Generating unique operation named: CreateUsingPOST_1
2023-05-19 13:46:05,178 INFO springfox.documentation.spring.web.readers.operation.CachingOperationNameGenerator [main] Generating unique operation named: GetListUsingGET_1
2023-05-19 13:46:05,193 INFO springfox.documentation.spring.web.readers.operation.CachingOperationNameGenerator [main] Generating unique operation named: UpdateUsingPUT_1
2023-05-19 13:46:05,197 INFO springfox.documentation.spring.web.readers.operation.CachingOperationNameGenerator [main] Generating unique operation named: deleteContactUsingDELETE_1
2023-05-19 13:46:05,222 INFO springfox.documentation.spring.web.readers.operation.CachingOperationNameGenerator [main] Generating unique operation named: CreateUsingPOST_2
2023-05-19 13:46:05,269 INFO springfox.documentation.spring.web.readers.operation.CachingOperationNameGenerator [main] Generating unique operation named: GetListUsingGET_2
2023-05-19 13:46:05,315 INFO springfox.documentation.spring.web.readers.operation.CachingOperationNameGenerator [main] Generating unique operation named: UpdateUsingPUT_2
2023-05-19 13:46:05,346 INFO springfox.documentation.spring.web.readers.operation.CachingOperationNameGenerator [main] Generating unique operation named: deleteContactUsingDELETE_2
2023-05-19 13:46:05,441 INFO org.springframework.boot.StartupInfoLogger [main] Started AcordApiApplication in 25.852 seconds (JVM running for 28.764)
2023-05-19 13:46:20,333 INFO org.apache.juli.logging.DirectJDKLog [http-nio-8096-exec-1] Initializing Spring DispatcherServlet 'dispatcherServlet'
2023-05-19 13:46:20,334 INFO org.springframework.web.servlet.FrameworkServlet [http-nio-8096-exec-1] Initializing Servlet 'dispatcherServlet'
2023-05-19 13:46:20,342 INFO org.springframework.web.servlet.FrameworkServlet [http-nio-8096-exec-1] Completed initialization in 7 ms
2023-05-19 13:46:33,239 TRACE com.AcordApi.Infrastructure.DataAccess.PolicyDataAccess [http-nio-8096-exec-1] PolicyDataAccess.AddPolicy - In process
2023-05-19 13:46:39,274 INFO com.AcordApi.Infrastructure.Services.DomainEventService [http-nio-8096-exec-1] Publishing domain event. Event -[com.AcordApi.Application.Domain.Events.Policy.PolicyCreatedEvent@656cea61]
2023-05-19 13:46:48,294 INFO com.AcordApi.Application.Common.Model.DomainEventNotification [http-nio-8096-exec-1] DomainEventNotification in process
2023-05-19 13:47:38,298 INFO com.AcordApi.Application.Common.Model.DomainEventNotification [http-nio-8096-exec-1] DomainEventNotification in process
2023-05-19 13:47:38,331 WARN com.zaxxer.hikari.pool.HikariPool$HouseKeeper [HikariPool-1 housekeeper] HikariPool-1 - Thread starvation or clock leap detected (housekeeper delta=1m6s515ms732µs700ns).
2023-05-19 13:47:41,936 INFO org.springframework.orm.jpa.AbstractEntityManagerFactoryBean [SpringApplicationShutdownHook] Closing JPA EntityManagerFactory for persistence unit 'default'
2023-05-19 13:47:42,051 INFO com.zaxxer.hikari.HikariDataSource [SpringApplicationShutdownHook] HikariPool-1 - Shutdown initiated...
2023-05-19 13:47:42,172 INFO com.zaxxer.hikari.HikariDataSource [SpringApplicationShutdownHook] HikariPool-1 - Shutdown completed.
2023-05-19 15:11:34,690 INFO org.springframework.boot.StartupInfoLogger [main] Starting AcordApiApplication using Java 20.0.1 on DESKTOP-JML8PE9 with PID 5484 (C:\Users\HP\Downloads\AcordApi\target\classes started by HP in C:\Users\HP\Downloads\AcordApi)
2023-05-19 15:11:34,700 DEBUG org.springframework.boot.StartupInfoLogger [main] Running with Spring Boot v2.5.4, Spring v5.3.9
2023-05-19 15:11:34,701 INFO org.springframework.boot.SpringApplication [main] No active profile set, falling back to default profiles: default
2023-05-19 15:11:41,109 INFO org.springframework.data.repository.config.RepositoryConfigurationDelegate [main] Bootstrapping Spring Data JPA repositories in DEFAULT mode.
2023-05-19 15:11:41,446 INFO org.springframework.data.repository.config.RepositoryConfigurationDelegate [main] Finished Spring Data repository scanning in 291 ms. Found 4 JPA repository interfaces.
2023-05-19 15:11:44,484 INFO org.springframework.boot.web.embedded.tomcat.TomcatWebServer [main] Tomcat initialized with port(s): 8096 (http)
2023-05-19 15:11:44,564 INFO org.apache.juli.logging.DirectJDKLog [main] Initializing ProtocolHandler ["http-nio-8096"]
2023-05-19 15:11:44,565 INFO org.apache.juli.logging.DirectJDKLog [main] Starting service [Tomcat]
2023-05-19 15:11:44,566 INFO org.apache.juli.logging.DirectJDKLog [main] Starting Servlet engine: [Apache Tomcat/9.0.52]
2023-05-19 15:11:44,883 INFO org.apache.juli.logging.DirectJDKLog [main] Initializing Spring embedded WebApplicationContext
2023-05-19 15:11:44,884 INFO org.springframework.boot.web.servlet.context.ServletWebServerApplicationContext [main] Root WebApplicationContext: initialization completed in 10026 ms
2023-05-19 15:11:45,888 INFO org.hibernate.jpa.internal.util.LogHelper [main] HHH000204: Processing PersistenceUnitInfo [name: default]
2023-05-19 15:11:46,173 INFO org.hibernate.Version [main] HHH000412: Hibernate ORM core version 5.4.32.Final
2023-05-19 15:11:46,943 INFO org.hibernate.annotations.common.reflection.java.JavaReflectionManager [main] HCANN000001: Hibernate Commons Annotations {5.1.2.Final}
2023-05-19 15:11:47,250 INFO com.zaxxer.hikari.HikariDataSource [main] HikariPool-1 - Starting...
2023-05-19 15:11:48,070 INFO com.zaxxer.hikari.HikariDataSource [main] HikariPool-1 - Start completed.
2023-05-19 15:11:48,138 INFO org.hibernate.dialect.Dialect [main] HHH000400: Using dialect: org.hibernate.dialect.PostgreSQLDialect
2023-05-19 15:11:53,512 INFO org.hibernate.engine.transaction.jta.platform.internal.JtaPlatformInitiator [main] HHH000490: Using JtaPlatform implementation: [org.hibernate.engine.transaction.jta.platform.internal.NoJtaPlatform]
2023-05-19 15:11:53,547 INFO org.springframework.orm.jpa.AbstractEntityManagerFactoryBean [main] Initialized JPA EntityManagerFactory for persistence unit 'default'
2023-05-19 15:11:57,120 WARN org.springframework.boot.autoconfigure.orm.jpa.JpaBaseConfiguration$JpaWebConfiguration [main] spring.jpa.open-in-view is enabled by default. Therefore, database queries may be performed during view rendering. Explicitly configure spring.jpa.open-in-view to disable this warning
2023-05-19 15:11:57,675 INFO org.springframework.boot.actuate.endpoint.web.EndpointLinksResolver [main] Exposing 1 endpoint(s) beneath base path '/actuator'
2023-05-19 15:11:57,967 INFO springfox.documentation.spring.web.PropertySourcedRequestMappingHandlerMapping [main] Mapped URL path [/v2/api-docs] onto method [springfox.documentation.swagger2.web.Swagger2Controller#getDocumentation(String, HttpServletRequest)]
2023-05-19 15:12:02,115 INFO org.apache.juli.logging.DirectJDKLog [main] Starting ProtocolHandler ["http-nio-8096"]
2023-05-19 15:12:02,209 INFO org.springframework.boot.web.embedded.tomcat.TomcatWebServer [main] Tomcat started on port(s): 8096 (http) with context path ''
2023-05-19 15:12:02,215 INFO springfox.documentation.spring.web.plugins.DocumentationPluginsBootstrapper [main] Context refreshed
2023-05-19 15:12:02,271 INFO springfox.documentation.spring.web.plugins.DocumentationPluginsBootstrapper [main] Found 1 custom documentation plugin(s)
2023-05-19 15:12:02,346 INFO springfox.documentation.spring.web.scanners.ApiListingReferenceScanner [main] Scanning for api listing references
2023-05-19 15:12:02,780 INFO springfox.documentation.spring.web.readers.operation.CachingOperationNameGenerator [main] Generating unique operation named: CreateUsingPOST_1
2023-05-19 15:12:02,820 INFO springfox.documentation.spring.web.readers.operation.CachingOperationNameGenerator [main] Generating unique operation named: GetListUsingGET_1
2023-05-19 15:12:02,842 INFO springfox.documentation.spring.web.readers.operation.CachingOperationNameGenerator [main] Generating unique operation named: UpdateUsingPUT_1
2023-05-19 15:12:02,847 INFO springfox.documentation.spring.web.readers.operation.CachingOperationNameGenerator [main] Generating unique operation named: deleteContactUsingDELETE_1
2023-05-19 15:12:02,877 INFO springfox.documentation.spring.web.readers.operation.CachingOperationNameGenerator [main] Generating unique operation named: CreateUsingPOST_2
2023-05-19 15:12:02,975 INFO springfox.documentation.spring.web.readers.operation.CachingOperationNameGenerator [main] Generating unique operation named: GetListUsingGET_2
2023-05-19 15:12:02,997 INFO springfox.documentation.spring.web.readers.operation.CachingOperationNameGenerator [main] Generating unique operation named: UpdateUsingPUT_2
2023-05-19 15:12:03,018 INFO springfox.documentation.spring.web.readers.operation.CachingOperationNameGenerator [main] Generating unique operation named: deleteContactUsingDELETE_2
2023-05-19 15:12:03,144 INFO org.springframework.boot.StartupInfoLogger [main] Started AcordApiApplication in 30.106 seconds (JVM running for 32.627)
2023-05-19 15:12:22,380 INFO org.apache.juli.logging.DirectJDKLog [http-nio-8096-exec-1] Initializing Spring DispatcherServlet 'dispatcherServlet'
2023-05-19 15:12:22,381 INFO org.springframework.web.servlet.FrameworkServlet [http-nio-8096-exec-1] Initializing Servlet 'dispatcherServlet'
2023-05-19 15:12:22,388 INFO org.springframework.web.servlet.FrameworkServlet [http-nio-8096-exec-1] Completed initialization in 7 ms
2023-05-19 15:12:41,901 TRACE com.AcordApi.Infrastructure.DataAccess.PolicyDataAccess [http-nio-8096-exec-1] PolicyDataAccess.AddPolicy - In process
2023-05-19 15:13:06,869 INFO com.AcordApi.Infrastructure.Services.DomainEventService [http-nio-8096-exec-1] Publishing domain event. Event -[com.AcordApi.Application.Domain.Events.Policy.PolicyCreatedEvent@3a04602b]
2023-05-19 15:13:35,556 INFO com.AcordApi.Application.Common.Model.DomainEventNotification [http-nio-8096-exec-1] DomainEventNotification in process
2023-05-19 15:13:49,464 INFO com.AcordApi.Application.Common.Model.DomainEventNotification [http-nio-8096-exec-1] DomainEventNotification in process
2023-05-19 15:15:02,033 WARN com.zaxxer.hikari.pool.HikariPool$HouseKeeper [HikariPool-1 housekeeper] HikariPool-1 - Thread starvation or clock leap detected (housekeeper delta=1m18s211ms179µs600ns).
2023-05-19 15:27:36,051 INFO org.springframework.boot.StartupInfoLogger [main] Starting AcordApiApplication using Java 20.0.1 on DESKTOP-JML8PE9 with PID 360 (C:\Users\HP\Downloads\AcordApi\target\classes started by HP in C:\Users\HP\Downloads\AcordApi)
2023-05-19 15:27:36,059 DEBUG org.springframework.boot.StartupInfoLogger [main] Running with Spring Boot v2.5.4, Spring v5.3.9
2023-05-19 15:27:36,060 INFO org.springframework.boot.SpringApplication [main] No active profile set, falling back to default profiles: default
2023-05-19 15:27:40,345 INFO org.springframework.data.repository.config.RepositoryConfigurationDelegate [main] Bootstrapping Spring Data JPA repositories in DEFAULT mode.
2023-05-19 15:27:40,577 INFO org.springframework.data.repository.config.RepositoryConfigurationDelegate [main] Finished Spring Data repository scanning in 204 ms. Found 4 JPA repository interfaces.
2023-05-19 15:27:43,030 INFO org.springframework.boot.web.embedded.tomcat.TomcatWebServer [main] Tomcat initialized with port(s): 8096 (http)
2023-05-19 15:27:43,078 INFO org.apache.juli.logging.DirectJDKLog [main] Initializing ProtocolHandler ["http-nio-8096"]
2023-05-19 15:27:43,093 INFO org.apache.juli.logging.DirectJDKLog [main] Starting service [Tomcat]
2023-05-19 15:27:43,097 INFO org.apache.juli.logging.DirectJDKLog [main] Starting Servlet engine: [Apache Tomcat/9.0.52]
2023-05-19 15:27:43,551 INFO org.apache.juli.logging.DirectJDKLog [main] Initializing Spring embedded WebApplicationContext
2023-05-19 15:27:43,551 INFO org.springframework.boot.web.servlet.context.ServletWebServerApplicationContext [main] Root WebApplicationContext: initialization completed in 7283 ms
2023-05-19 15:27:44,355 INFO org.hibernate.jpa.internal.util.LogHelper [main] HHH000204: Processing PersistenceUnitInfo [name: default]
2023-05-19 15:27:44,536 INFO org.hibernate.Version [main] HHH000412: Hibernate ORM core version 5.4.32.Final
2023-05-19 15:27:45,021 INFO org.hibernate.annotations.common.reflection.java.JavaReflectionManager [main] HCANN000001: Hibernate Commons Annotations {5.1.2.Final}
2023-05-19 15:27:45,327 INFO com.zaxxer.hikari.HikariDataSource [main] HikariPool-1 - Starting...
2023-05-19 15:27:46,451 INFO com.zaxxer.hikari.HikariDataSource [main] HikariPool-1 - Start completed.
2023-05-19 15:27:46,499 INFO org.hibernate.dialect.Dialect [main] HHH000400: Using dialect: org.hibernate.dialect.PostgreSQLDialect
2023-05-19 15:27:50,352 INFO org.hibernate.engine.transaction.jta.platform.internal.JtaPlatformInitiator [main] HHH000490: Using JtaPlatform implementation: [org.hibernate.engine.transaction.jta.platform.internal.NoJtaPlatform]
2023-05-19 15:27:50,399 INFO org.springframework.orm.jpa.AbstractEntityManagerFactoryBean [main] Initialized JPA EntityManagerFactory for persistence unit 'default'
2023-05-19 15:27:53,969 WARN org.springframework.boot.autoconfigure.orm.jpa.JpaBaseConfiguration$JpaWebConfiguration [main] spring.jpa.open-in-view is enabled by default. Therefore, database queries may be performed during view rendering. Explicitly configure spring.jpa.open-in-view to disable this warning
2023-05-19 15:27:54,778 INFO org.springframework.boot.actuate.endpoint.web.EndpointLinksResolver [main] Exposing 1 endpoint(s) beneath base path '/actuator'
2023-05-19 15:27:55,286 INFO springfox.documentation.spring.web.PropertySourcedRequestMappingHandlerMapping [main] Mapped URL path [/v2/api-docs] onto method [springfox.documentation.swagger2.web.Swagger2Controller#getDocumentation(String, HttpServletRequest)]
2023-05-19 15:28:04,159 INFO org.apache.juli.logging.DirectJDKLog [main] Starting ProtocolHandler ["http-nio-8096"]
2023-05-19 15:28:04,978 INFO org.springframework.boot.web.embedded.tomcat.TomcatWebServer [main] Tomcat started on port(s): 8096 (http) with context path ''
2023-05-19 15:28:04,981 INFO springfox.documentation.spring.web.plugins.DocumentationPluginsBootstrapper [main] Context refreshed
2023-05-19 15:28:05,155 INFO springfox.documentation.spring.web.plugins.DocumentationPluginsBootstrapper [main] Found 1 custom documentation plugin(s)
2023-05-19 15:28:05,379 INFO springfox.documentation.spring.web.scanners.ApiListingReferenceScanner [main] Scanning for api listing references
2023-05-19 15:28:05,960 INFO springfox.documentation.spring.web.readers.operation.CachingOperationNameGenerator [main] Generating unique operation named: CreateUsingPOST_1
2023-05-19 15:28:05,991 INFO springfox.documentation.spring.web.readers.operation.CachingOperationNameGenerator [main] Generating unique operation named: GetListUsingGET_1
2023-05-19 15:28:06,014 INFO springfox.documentation.spring.web.readers.operation.CachingOperationNameGenerator [main] Generating unique operation named: UpdateUsingPUT_1
2023-05-19 15:28:06,022 INFO springfox.documentation.spring.web.readers.operation.CachingOperationNameGenerator [main] Generating unique operation named: deleteContactUsingDELETE_1
2023-05-19 15:28:06,050 INFO springfox.documentation.spring.web.readers.operation.CachingOperationNameGenerator [main] Generating unique operation named: CreateUsingPOST_2
2023-05-19 15:28:06,073 INFO springfox.documentation.spring.web.readers.operation.CachingOperationNameGenerator [main] Generating unique operation named: GetListUsingGET_2
2023-05-19 15:28:06,095 INFO springfox.documentation.spring.web.readers.operation.CachingOperationNameGenerator [main] Generating unique operation named: UpdateUsingPUT_2
2023-05-19 15:28:06,111 INFO springfox.documentation.spring.web.readers.operation.CachingOperationNameGenerator [main] Generating unique operation named: deleteContactUsingDELETE_2
2023-05-19 15:28:06,278 INFO org.springframework.boot.StartupInfoLogger [main] Started AcordApiApplication in 31.864 seconds (JVM running for 34.472)
2023-05-19 15:28:15,826 INFO org.apache.juli.logging.DirectJDKLog [http-nio-8096-exec-1] Initializing Spring DispatcherServlet 'dispatcherServlet'
2023-05-19 15:28:15,827 INFO org.springframework.web.servlet.FrameworkServlet [http-nio-8096-exec-1] Initializing Servlet 'dispatcherServlet'
2023-05-19 15:28:15,836 INFO org.springframework.web.servlet.FrameworkServlet [http-nio-8096-exec-1] Completed initialization in 8 ms
2023-05-19 15:28:49,556 TRACE com.AcordApi.Infrastructure.DataAccess.PolicyDataAccess [http-nio-8096-exec-1] PolicyDataAccess.AddPolicy - In process
2023-05-19 15:28:49,540 TRACE com.AcordApi.Infrastructure.DataAccess.PolicyDataAccess [http-nio-8096-exec-2] PolicyDataAccess.AddPolicy - In process
2023-05-19 15:29:56,216 WARN com.zaxxer.hikari.pool.HikariPool$HouseKeeper [HikariPool-1 housekeeper] HikariPool-1 - Thread starvation or clock leap detected (housekeeper delta=45s760ms946µs100ns).
2023-05-19 15:29:56,143 INFO com.AcordApi.Infrastructure.Services.DomainEventService [http-nio-8096-exec-1] Publishing domain event. Event -[com.AcordApi.Application.Domain.Events.Policy.PolicyCreatedEvent@2eef8e45]
2023-05-19 15:29:56,212 INFO com.AcordApi.Infrastructure.Services.DomainEventService [http-nio-8096-exec-2] Publishing domain event. Event -[com.AcordApi.Application.Domain.Events.Policy.PolicyCreatedEvent@4c6c29e4]
2023-05-19 15:30:17,981 INFO com.AcordApi.Application.Common.Model.DomainEventNotification [http-nio-8096-exec-1] DomainEventNotification in process
2023-05-19 15:30:18,231 INFO com.AcordApi.Application.Common.Model.DomainEventNotification [http-nio-8096-exec-2] DomainEventNotification in process
2023-05-19 15:31:41,783 INFO com.AcordApi.Application.Common.Model.DomainEventNotification [http-nio-8096-exec-1] DomainEventNotification in process
2023-05-19 15:31:41,783 WARN com.zaxxer.hikari.pool.HikariPool$HouseKeeper [HikariPool-1 housekeeper] HikariPool-1 - Thread starvation or clock leap detected (housekeeper delta=1m47s343ms196µs600ns).
2023-05-19 15:33:31,199 INFO com.AcordApi.Application.Common.Model.DomainEventNotification [http-nio-8096-exec-2] DomainEventNotification in process
2023-05-19 15:33:15,575 WARN com.zaxxer.hikari.pool.HikariPool$HouseKeeper [HikariPool-1 housekeeper] HikariPool-1 - Thread starvation or clock leap detected (housekeeper delta=1m48s245ms165µs500ns).
2023-05-19 15:34:10,295 INFO org.springframework.orm.jpa.AbstractEntityManagerFactoryBean [SpringApplicationShutdownHook] Closing JPA EntityManagerFactory for persistence unit 'default'
2023-05-19 15:34:10,460 INFO com.zaxxer.hikari.HikariDataSource [SpringApplicationShutdownHook] HikariPool-1 - Shutdown initiated...
2023-05-19 15:34:10,596 INFO com.zaxxer.hikari.HikariDataSource [SpringApplicationShutdownHook] HikariPool-1 - Shutdown completed.
