2023-10-05 11:24:50,049 INFO org.springframework.boot.StartupInfoLogger [main] Starting AcordApiApplication using Java 20.0.1 on KMG-GGN-244 with PID 34584 (C:\Workspaces\CodeSpaces\Java\Spring boot_STS\AcordApi\target\classes started by Chirag in C:\Workspaces\CodeSpaces\Java\Spring boot_STS\AcordApi)
2023-10-05 11:24:50,091 DEBUG org.springframework.boot.StartupInfoLogger [main] Running with Spring Boot v2.5.4, Spring v5.3.9
2023-10-05 11:24:50,092 INFO org.springframework.boot.SpringApplication [main] No active profile set, falling back to default profiles: default
2023-10-05 11:24:55,066 INFO org.springframework.data.repository.config.RepositoryConfigurationDelegate [main] Bootstrapping Spring Data JPA repositories in DEFAULT mode.
2023-10-05 11:24:55,528 INFO org.springframework.data.repository.config.RepositoryConfigurationDelegate [main] Finished Spring Data repository scanning in 398 ms. Found 4 JPA repository interfaces.
2023-10-05 11:24:58,053 INFO org.springframework.boot.web.embedded.tomcat.TomcatWebServer [main] Tomcat initialized with port(s): 8096 (http)
2023-10-05 11:24:58,095 INFO org.apache.juli.logging.DirectJDKLog [main] Initializing ProtocolHandler ["http-nio-8096"]
2023-10-05 11:24:58,099 INFO org.apache.juli.logging.DirectJDKLog [main] Starting service [Tomcat]
2023-10-05 11:24:58,101 INFO org.apache.juli.logging.DirectJDKLog [main] Starting Servlet engine: [Apache Tomcat/9.0.52]
2023-10-05 11:24:58,472 INFO org.apache.juli.logging.DirectJDKLog [main] Initializing Spring embedded WebApplicationContext
2023-10-05 11:24:58,473 INFO org.springframework.boot.web.servlet.context.ServletWebServerApplicationContext [main] Root WebApplicationContext: initialization completed in 8193 ms
2023-10-05 11:24:59,538 INFO org.hibernate.jpa.internal.util.LogHelper [main] HHH000204: Processing PersistenceUnitInfo [name: default]
2023-10-05 11:24:59,737 INFO org.hibernate.Version [main] HHH000412: Hibernate ORM core version 5.4.32.Final
2023-10-05 11:25:00,257 INFO org.hibernate.annotations.common.reflection.java.JavaReflectionManager [main] HCANN000001: Hibernate Commons Annotations {5.1.2.Final}
2023-10-05 11:25:00,613 INFO com.zaxxer.hikari.HikariDataSource [main] HikariPool-1 - Starting...
2023-10-05 11:25:01,255 INFO com.zaxxer.hikari.HikariDataSource [main] HikariPool-1 - Start completed.
2023-10-05 11:25:01,303 INFO org.hibernate.dialect.Dialect [main] HHH000400: Using dialect: org.hibernate.dialect.PostgreSQLDialect
2023-10-05 11:25:03,817 INFO org.hibernate.engine.transaction.jta.platform.internal.JtaPlatformInitiator [main] HHH000490: Using JtaPlatform implementation: [org.hibernate.engine.transaction.jta.platform.internal.NoJtaPlatform]
2023-10-05 11:25:03,837 INFO org.springframework.orm.jpa.AbstractEntityManagerFactoryBean [main] Initialized JPA EntityManagerFactory for persistence unit 'default'
2023-10-05 11:25:06,268 WARN org.springframework.boot.autoconfigure.orm.jpa.JpaBaseConfiguration$JpaWebConfiguration [main] spring.jpa.open-in-view is enabled by default. Therefore, database queries may be performed during view rendering. Explicitly configure spring.jpa.open-in-view to disable this warning
2023-10-05 11:25:06,945 INFO org.springframework.boot.actuate.endpoint.web.EndpointLinksResolver [main] Exposing 1 endpoint(s) beneath base path '/actuator'
2023-10-05 11:25:08,395 INFO springfox.documentation.spring.web.PropertySourcedRequestMappingHandlerMapping [main] Mapped URL path [/v2/api-docs] onto method [springfox.documentation.swagger2.web.Swagger2Controller#getDocumentation(String, HttpServletRequest)]
2023-10-05 11:25:09,338 INFO org.apache.juli.logging.DirectJDKLog [main] Starting ProtocolHandler ["http-nio-8096"]
2023-10-05 11:25:09,462 INFO org.springframework.boot.web.embedded.tomcat.TomcatWebServer [main] Tomcat started on port(s): 8096 (http) with context path ''
2023-10-05 11:25:09,465 INFO springfox.documentation.spring.web.plugins.DocumentationPluginsBootstrapper [main] Context refreshed
2023-10-05 11:25:09,526 INFO springfox.documentation.spring.web.plugins.DocumentationPluginsBootstrapper [main] Found 1 custom documentation plugin(s)
2023-10-05 11:25:09,631 INFO springfox.documentation.spring.web.scanners.ApiListingReferenceScanner [main] Scanning for api listing references
2023-10-05 11:25:10,103 INFO springfox.documentation.spring.web.readers.operation.CachingOperationNameGenerator [main] Generating unique operation named: CreateUsingPOST_1
2023-10-05 11:25:10,133 INFO springfox.documentation.spring.web.readers.operation.CachingOperationNameGenerator [main] Generating unique operation named: GetListUsingGET_1
2023-10-05 11:25:10,149 INFO springfox.documentation.spring.web.readers.operation.CachingOperationNameGenerator [main] Generating unique operation named: UpdateUsingPUT_1
2023-10-05 11:25:10,156 INFO springfox.documentation.spring.web.readers.operation.CachingOperationNameGenerator [main] Generating unique operation named: deleteContactUsingDELETE_1
2023-10-05 11:25:10,179 INFO springfox.documentation.spring.web.readers.operation.CachingOperationNameGenerator [main] Generating unique operation named: CreateUsingPOST_2
2023-10-05 11:25:10,219 INFO springfox.documentation.spring.web.readers.operation.CachingOperationNameGenerator [main] Generating unique operation named: GetListUsingGET_2
2023-10-05 11:25:10,235 INFO springfox.documentation.spring.web.readers.operation.CachingOperationNameGenerator [main] Generating unique operation named: UpdateUsingPUT_2
2023-10-05 11:25:10,249 INFO springfox.documentation.spring.web.readers.operation.CachingOperationNameGenerator [main] Generating unique operation named: deleteContactUsingDELETE_2
2023-10-05 11:25:10,335 INFO org.springframework.boot.StartupInfoLogger [main] Started AcordApiApplication in 21.859 seconds (JVM running for 23.86)
2023-10-05 11:38:22,410 INFO org.springframework.orm.jpa.AbstractEntityManagerFactoryBean [SpringApplicationShutdownHook] Closing JPA EntityManagerFactory for persistence unit 'default'
2023-10-05 11:38:22,415 INFO com.zaxxer.hikari.HikariDataSource [SpringApplicationShutdownHook] HikariPool-1 - Shutdown initiated...
2023-10-05 11:38:22,428 INFO com.zaxxer.hikari.HikariDataSource [SpringApplicationShutdownHook] HikariPool-1 - Shutdown completed.
