2023-05-12 11:44:40,550 INFO org.springframework.boot.StartupInfoLogger [main] Starting ApijsonArchApplication using Java 17.0.6 on DESKTOP-EVJABDN with PID 26444 (C:\Users\Chirag Gupta\Documents\workspace-spring-tool-suite-4-4.18.0.RELEASE\APIJSONArch\target\classes started by Chirag Gupta in C:\Users\Chirag Gupta\Documents\workspace-spring-tool-suite-4-4.18.0.RELEASE\APIJSONArch)
2023-05-12 11:44:40,555 INFO org.springframework.boot.SpringApplication [main] No active profile set, falling back to default profiles: default
2023-05-12 11:44:41,592 INFO org.springframework.data.repository.config.RepositoryConfigurationDelegate [main] Bootstrapping Spring Data JPA repositories in DEFAULT mode.
2023-05-12 11:44:41,661 INFO org.springframework.data.repository.config.RepositoryConfigurationDelegate [main] Finished Spring Data repository scanning in 60 ms. Found 2 JPA repository interfaces.
2023-05-12 11:44:42,152 INFO org.springframework.boot.web.embedded.tomcat.TomcatWebServer [main] Tomcat initialized with port(s): 8095 (http)
2023-05-12 11:44:42,161 INFO org.apache.juli.logging.DirectJDKLog [main] Initializing ProtocolHandler ["http-nio-8095"]
2023-05-12 11:44:42,162 INFO org.apache.juli.logging.DirectJDKLog [main] Starting service [Tomcat]
2023-05-12 11:44:42,162 INFO org.apache.juli.logging.DirectJDKLog [main] Starting Servlet engine: [Apache Tomcat/9.0.52]
2023-05-12 11:44:42,257 INFO org.apache.juli.logging.DirectJDKLog [main] Initializing Spring embedded WebApplicationContext
2023-05-12 11:44:42,258 INFO org.springframework.boot.web.servlet.context.ServletWebServerApplicationContext [main] Root WebApplicationContext: initialization completed in 1648 ms
2023-05-12 11:44:42,503 INFO org.hibernate.jpa.internal.util.LogHelper [main] HHH000204: Processing PersistenceUnitInfo [name: default]
2023-05-12 11:44:42,578 INFO org.hibernate.Version [main] HHH000412: Hibernate ORM core version 5.4.32.Final
2023-05-12 11:44:42,725 INFO org.hibernate.annotations.common.reflection.java.JavaReflectionManager [main] HCANN000001: Hibernate Commons Annotations {5.1.2.Final}
2023-05-12 11:44:42,834 INFO com.zaxxer.hikari.HikariDataSource [main] HikariPool-1 - Starting...
2023-05-12 11:44:43,008 INFO com.zaxxer.hikari.HikariDataSource [main] HikariPool-1 - Start completed.
2023-05-12 11:44:43,028 INFO org.hibernate.dialect.Dialect [main] HHH000400: Using dialect: org.hibernate.dialect.PostgreSQLDialect
2023-05-12 11:44:43,897 INFO org.hibernate.engine.transaction.jta.platform.internal.JtaPlatformInitiator [main] HHH000490: Using JtaPlatform implementation: [org.hibernate.engine.transaction.jta.platform.internal.NoJtaPlatform]
2023-05-12 11:44:43,906 INFO org.springframework.orm.jpa.AbstractEntityManagerFactoryBean [main] Initialized JPA EntityManagerFactory for persistence unit 'default'
2023-05-12 11:44:44,476 WARN org.springframework.boot.autoconfigure.orm.jpa.JpaBaseConfiguration$JpaWebConfiguration [main] spring.jpa.open-in-view is enabled by default. Therefore, database queries may be performed during view rendering. Explicitly configure spring.jpa.open-in-view to disable this warning
2023-05-12 11:44:44,699 INFO org.springframework.boot.actuate.endpoint.web.EndpointLinksResolver [main] Exposing 1 endpoint(s) beneath base path '/actuator'
2023-05-12 11:44:44,771 INFO springfox.documentation.spring.web.PropertySourcedRequestMappingHandlerMapping [main] Mapped URL path [/v2/api-docs] onto method [springfox.documentation.swagger2.web.Swagger2Controller#getDocumentation(String, HttpServletRequest)]
2023-05-12 11:44:45,535 INFO org.apache.juli.logging.DirectJDKLog [main] Starting ProtocolHandler ["http-nio-8095"]
2023-05-12 11:44:45,575 INFO org.springframework.boot.web.embedded.tomcat.TomcatWebServer [main] Tomcat started on port(s): 8095 (http) with context path ''
2023-05-12 11:44:45,576 INFO springfox.documentation.spring.web.plugins.DocumentationPluginsBootstrapper [main] Context refreshed
2023-05-12 11:44:45,600 INFO springfox.documentation.spring.web.plugins.DocumentationPluginsBootstrapper [main] Found 1 custom documentation plugin(s)
2023-05-12 11:44:45,646 INFO springfox.documentation.spring.web.scanners.ApiListingReferenceScanner [main] Scanning for api listing references
2023-05-12 11:44:45,685 INFO org.springframework.boot.StartupInfoLogger [main] Started ApijsonArchApplication in 5.454 seconds (JVM running for 6.23)
2023-05-12 11:44:47,186 INFO org.apache.juli.logging.DirectJDKLog [RMI TCP Connection(5)-127.0.0.1] Initializing Spring DispatcherServlet 'dispatcherServlet'
2023-05-12 11:44:47,186 INFO org.springframework.web.servlet.FrameworkServlet [RMI TCP Connection(5)-127.0.0.1] Initializing Servlet 'dispatcherServlet'
2023-05-12 11:44:47,188 INFO org.springframework.web.servlet.FrameworkServlet [RMI TCP Connection(5)-127.0.0.1] Completed initialization in 1 ms
2023-05-12 11:44:56,876 INFO org.springdoc.api.AbstractOpenApiResource [http-nio-8095-exec-3] Init duration for springdoc-openapi is: 551 ms
2023-05-12 11:45:56,597 INFO com.api.design.Infrastructure.Services.DomainEventService [http-nio-8095-exec-7] Publishing domain event. Event -[]
2023-05-12 11:45:56,598 INFO com.api.design.Application.Common.Model.DomainEventNotification [http-nio-8095-exec-7] DomainEventNotification in process
2023-05-12 11:46:50,912 INFO org.springframework.boot.admin.SpringApplicationAdminMXBeanRegistrar$SpringApplicationAdmin [RMI TCP Connection(7)-127.0.0.1] Application shutdown requested.
2023-05-12 11:46:50,952 INFO org.springframework.orm.jpa.AbstractEntityManagerFactoryBean [RMI TCP Connection(7)-127.0.0.1] Closing JPA EntityManagerFactory for persistence unit 'default'
2023-05-12 11:46:50,955 INFO com.zaxxer.hikari.HikariDataSource [RMI TCP Connection(7)-127.0.0.1] HikariPool-1 - Shutdown initiated...
2023-05-12 11:46:50,957 INFO com.zaxxer.hikari.HikariDataSource [RMI TCP Connection(7)-127.0.0.1] HikariPool-1 - Shutdown completed.
